<?xml version="1.0" encoding="UTF-8"?>
<!-- Generated by org.testng.reporters.JUnitXMLReporter -->
<testsuite hostname="BDC6-LX-723061Y" ignored="0" name="BOMExternalMainUser" tests="165" failures="0" timestamp="10 Sep 2018 07:29:13 GMT" time="4.318" errors="0">
  <testcase name="@BeforeTest checkTestcaseSkip" time="0.003" classname="com.hasbrop2m.security.BOMExternalMainUser">
    <skipped/>
  </testcase> <!-- @BeforeTest checkTestcaseSkip -->
  <testcase name="@AfterMethod reporterdataSetResult" time="0.0" classname="com.hasbrop2m.security.BOMExternalMainUser">
    <skipped/>
  </testcase> <!-- @AfterMethod reporterdataSetResult -->
  <testcase name="@AfterMethod reporterdataSetResult" time="0.0" classname="com.hasbrop2m.security.BOMExternalMainUser">
    <skipped/>
  </testcase> <!-- @AfterMethod reporterdataSetResult -->
  <testcase name="@AfterMethod reporterdataSetResult" time="0.0" classname="com.hasbrop2m.security.BOMExternalMainUser">
    <skipped/>
  </testcase> <!-- @AfterMethod reporterdataSetResult -->
  <testcase name="@AfterMethod reporterdataSetResult" time="0.0" classname="com.hasbrop2m.security.BOMExternalMainUser">
    <skipped/>
  </testcase> <!-- @AfterMethod reporterdataSetResult -->
  <testcase name="@AfterMethod reporterdataSetResult" time="0.0" classname="com.hasbrop2m.security.BOMExternalMainUser">
    <skipped/>
  </testcase> <!-- @AfterMethod reporterdataSetResult -->
  <testcase name="@AfterMethod reporterdataSetResult" time="0.0" classname="com.hasbrop2m.security.BOMExternalMainUser">
    <skipped/>
  </testcase> <!-- @AfterMethod reporterdataSetResult -->
  <testcase name="@AfterMethod reporterdataSetResult" time="0.0" classname="com.hasbrop2m.security.BOMExternalMainUser">
    <skipped/>
  </testcase> <!-- @AfterMethod reporterdataSetResult -->
  <testcase name="@AfterMethod reporterdataSetResult" time="0.0" classname="com.hasbrop2m.security.BOMExternalMainUser">
    <skipped/>
  </testcase> <!-- @AfterMethod reporterdataSetResult -->
  <testcase name="@AfterMethod reporterdataSetResult" time="0.0" classname="com.hasbrop2m.security.BOMExternalMainUser">
    <skipped/>
  </testcase> <!-- @AfterMethod reporterdataSetResult -->
  <testcase name="@AfterMethod reporterdataSetResult" time="0.0" classname="com.hasbrop2m.security.BOMExternalMainUser">
    <skipped/>
  </testcase> <!-- @AfterMethod reporterdataSetResult -->
  <testcase name="@AfterMethod reporterdataSetResult" time="0.0" classname="com.hasbrop2m.security.BOMExternalMainUser">
    <skipped/>
  </testcase> <!-- @AfterMethod reporterdataSetResult -->
  <testcase name="@AfterMethod reporterdataSetResult" time="0.0" classname="com.hasbrop2m.security.BOMExternalMainUser">
    <skipped/>
  </testcase> <!-- @AfterMethod reporterdataSetResult -->
  <testcase name="@AfterMethod reporterdataSetResult" time="0.0" classname="com.hasbrop2m.security.BOMExternalMainUser">
    <skipped/>
  </testcase> <!-- @AfterMethod reporterdataSetResult -->
  <testcase name="@AfterMethod reporterdataSetResult" time="0.0" classname="com.hasbrop2m.security.BOMExternalMainUser">
    <skipped/>
  </testcase> <!-- @AfterMethod reporterdataSetResult -->
  <testcase name="@AfterMethod reporterdataSetResult" time="0.0" classname="com.hasbrop2m.security.BOMExternalMainUser">
    <skipped/>
  </testcase> <!-- @AfterMethod reporterdataSetResult -->
  <testcase name="@AfterMethod reporterdataSetResult" time="0.0" classname="com.hasbrop2m.security.BOMExternalMainUser">
    <skipped/>
  </testcase> <!-- @AfterMethod reporterdataSetResult -->
  <testcase name="@AfterMethod reporterdataSetResult" time="0.0" classname="com.hasbrop2m.security.BOMExternalMainUser">
    <skipped/>
  </testcase> <!-- @AfterMethod reporterdataSetResult -->
  <testcase name="@AfterMethod reporterdataSetResult" time="0.0" classname="com.hasbrop2m.security.BOMExternalMainUser">
    <skipped/>
  </testcase> <!-- @AfterMethod reporterdataSetResult -->
  <testcase name="@AfterMethod reporterdataSetResult" time="0.0" classname="com.hasbrop2m.security.BOMExternalMainUser">
    <skipped/>
  </testcase> <!-- @AfterMethod reporterdataSetResult -->
  <testcase name="@AfterMethod reporterdataSetResult" time="0.0" classname="com.hasbrop2m.security.BOMExternalMainUser">
    <skipped/>
  </testcase> <!-- @AfterMethod reporterdataSetResult -->
  <testcase name="@AfterMethod reporterdataSetResult" time="0.0" classname="com.hasbrop2m.security.BOMExternalMainUser">
    <skipped/>
  </testcase> <!-- @AfterMethod reporterdataSetResult -->
  <testcase name="@AfterMethod reporterdataSetResult" time="0.0" classname="com.hasbrop2m.security.BOMExternalMainUser">
    <skipped/>
  </testcase> <!-- @AfterMethod reporterdataSetResult -->
  <testcase name="@AfterMethod reporterdataSetResult" time="0.0" classname="com.hasbrop2m.security.BOMExternalMainUser">
    <skipped/>
  </testcase> <!-- @AfterMethod reporterdataSetResult -->
  <testcase name="@AfterMethod reporterdataSetResult" time="0.0" classname="com.hasbrop2m.security.BOMExternalMainUser">
    <skipped/>
  </testcase> <!-- @AfterMethod reporterdataSetResult -->
  <testcase name="@AfterMethod reporterdataSetResult" time="0.0" classname="com.hasbrop2m.security.BOMExternalMainUser">
    <skipped/>
  </testcase> <!-- @AfterMethod reporterdataSetResult -->
  <testcase name="@AfterMethod reporterdataSetResult" time="0.0" classname="com.hasbrop2m.security.BOMExternalMainUser">
    <skipped/>
  </testcase> <!-- @AfterMethod reporterdataSetResult -->
  <testcase name="@AfterMethod reporterdataSetResult" time="0.0" classname="com.hasbrop2m.security.BOMExternalMainUser">
    <skipped/>
  </testcase> <!-- @AfterMethod reporterdataSetResult -->
  <testcase name="@AfterMethod reporterdataSetResult" time="0.0" classname="com.hasbrop2m.security.BOMExternalMainUser">
    <skipped/>
  </testcase> <!-- @AfterMethod reporterdataSetResult -->
  <testcase name="@AfterMethod reporterdataSetResult" time="0.0" classname="com.hasbrop2m.security.BOMExternalMainUser">
    <skipped/>
  </testcase> <!-- @AfterMethod reporterdataSetResult -->
  <testcase name="@AfterMethod reporterdataSetResult" time="0.0" classname="com.hasbrop2m.security.BOMExternalMainUser">
    <skipped/>
  </testcase> <!-- @AfterMethod reporterdataSetResult -->
  <testcase name="@AfterMethod reporterdataSetResult" time="0.0" classname="com.hasbrop2m.security.BOMExternalMainUser">
    <skipped/>
  </testcase> <!-- @AfterMethod reporterdataSetResult -->
  <testcase name="@AfterMethod reporterdataSetResult" time="0.0" classname="com.hasbrop2m.security.BOMExternalMainUser">
    <skipped/>
  </testcase> <!-- @AfterMethod reporterdataSetResult -->
  <testcase name="@AfterMethod reporterdataSetResult" time="0.0" classname="com.hasbrop2m.security.BOMExternalMainUser">
    <skipped/>
  </testcase> <!-- @AfterMethod reporterdataSetResult -->
  <testcase name="@AfterMethod reporterdataSetResult" time="0.0" classname="com.hasbrop2m.security.BOMExternalMainUser">
    <skipped/>
  </testcase> <!-- @AfterMethod reporterdataSetResult -->
  <testcase name="@AfterMethod reporterdataSetResult" time="0.0" classname="com.hasbrop2m.security.BOMExternalMainUser">
    <skipped/>
  </testcase> <!-- @AfterMethod reporterdataSetResult -->
  <testcase name="@AfterMethod reporterdataSetResult" time="0.0" classname="com.hasbrop2m.security.BOMExternalMainUser">
    <skipped/>
  </testcase> <!-- @AfterMethod reporterdataSetResult -->
  <testcase name="@AfterMethod reporterdataSetResult" time="0.0" classname="com.hasbrop2m.security.BOMExternalMainUser">
    <skipped/>
  </testcase> <!-- @AfterMethod reporterdataSetResult -->
  <testcase name="@AfterMethod reporterdataSetResult" time="0.0" classname="com.hasbrop2m.security.BOMExternalMainUser">
    <skipped/>
  </testcase> <!-- @AfterMethod reporterdataSetResult -->
  <testcase name="@AfterMethod reporterdataSetResult" time="0.0" classname="com.hasbrop2m.security.BOMExternalMainUser">
    <skipped/>
  </testcase> <!-- @AfterMethod reporterdataSetResult -->
  <testcase name="@AfterMethod reporterdataSetResult" time="0.0" classname="com.hasbrop2m.security.BOMExternalMainUser">
    <skipped/>
  </testcase> <!-- @AfterMethod reporterdataSetResult -->
  <testcase name="@AfterMethod reporterdataSetResult" time="0.0" classname="com.hasbrop2m.security.BOMExternalMainUser">
    <skipped/>
  </testcase> <!-- @AfterMethod reporterdataSetResult -->
  <testcase name="@AfterMethod reporterdataSetResult" time="0.0" classname="com.hasbrop2m.security.BOMExternalMainUser">
    <skipped/>
  </testcase> <!-- @AfterMethod reporterdataSetResult -->
  <testcase name="@AfterMethod reporterdataSetResult" time="0.0" classname="com.hasbrop2m.security.BOMExternalMainUser">
    <skipped/>
  </testcase> <!-- @AfterMethod reporterdataSetResult -->
  <testcase name="@AfterMethod reporterdataSetResult" time="0.0" classname="com.hasbrop2m.security.BOMExternalMainUser">
    <skipped/>
  </testcase> <!-- @AfterMethod reporterdataSetResult -->
  <testcase name="@AfterMethod reporterdataSetResult" time="0.0" classname="com.hasbrop2m.security.BOMExternalMainUser">
    <skipped/>
  </testcase> <!-- @AfterMethod reporterdataSetResult -->
  <testcase name="@AfterMethod reporterdataSetResult" time="0.0" classname="com.hasbrop2m.security.BOMExternalMainUser">
    <skipped/>
  </testcase> <!-- @AfterMethod reporterdataSetResult -->
  <testcase name="@AfterMethod reporterdataSetResult" time="0.0" classname="com.hasbrop2m.security.BOMExternalMainUser">
    <skipped/>
  </testcase> <!-- @AfterMethod reporterdataSetResult -->
  <testcase name="@AfterMethod reporterdataSetResult" time="0.0" classname="com.hasbrop2m.security.BOMExternalMainUser">
    <skipped/>
  </testcase> <!-- @AfterMethod reporterdataSetResult -->
  <testcase name="@AfterMethod reporterdataSetResult" time="0.0" classname="com.hasbrop2m.security.BOMExternalMainUser">
    <skipped/>
  </testcase> <!-- @AfterMethod reporterdataSetResult -->
  <testcase name="@AfterMethod reporterdataSetResult" time="0.0" classname="com.hasbrop2m.security.BOMExternalMainUser">
    <skipped/>
  </testcase> <!-- @AfterMethod reporterdataSetResult -->
  <testcase name="@AfterMethod reporterdataSetResult" time="0.0" classname="com.hasbrop2m.security.BOMExternalMainUser">
    <skipped/>
  </testcase> <!-- @AfterMethod reporterdataSetResult -->
  <testcase name="@AfterMethod reporterdataSetResult" time="0.0" classname="com.hasbrop2m.security.BOMExternalMainUser">
    <skipped/>
  </testcase> <!-- @AfterMethod reporterdataSetResult -->
  <testcase name="@AfterMethod reporterdataSetResult" time="0.0" classname="com.hasbrop2m.security.BOMExternalMainUser">
    <skipped/>
  </testcase> <!-- @AfterMethod reporterdataSetResult -->
  <testcase name="@AfterMethod reporterdataSetResult" time="0.0" classname="com.hasbrop2m.security.BOMExternalMainUser">
    <skipped/>
  </testcase> <!-- @AfterMethod reporterdataSetResult -->
  <testcase name="@AfterMethod reporterdataSetResult" time="0.0" classname="com.hasbrop2m.security.BOMExternalMainUser">
    <skipped/>
  </testcase> <!-- @AfterMethod reporterdataSetResult -->
  <testcase name="@AfterMethod reporterdataSetResult" time="0.0" classname="com.hasbrop2m.security.BOMExternalMainUser">
    <skipped/>
  </testcase> <!-- @AfterMethod reporterdataSetResult -->
  <testcase name="@AfterMethod reporterdataSetResult" time="0.0" classname="com.hasbrop2m.security.BOMExternalMainUser">
    <skipped/>
  </testcase> <!-- @AfterMethod reporterdataSetResult -->
  <testcase name="@AfterMethod reporterdataSetResult" time="0.0" classname="com.hasbrop2m.security.BOMExternalMainUser">
    <skipped/>
  </testcase> <!-- @AfterMethod reporterdataSetResult -->
  <testcase name="@AfterMethod reporterdataSetResult" time="0.0" classname="com.hasbrop2m.security.BOMExternalMainUser">
    <skipped/>
  </testcase> <!-- @AfterMethod reporterdataSetResult -->
  <testcase name="@AfterMethod reporterdataSetResult" time="0.0" classname="com.hasbrop2m.security.BOMExternalMainUser">
    <skipped/>
  </testcase> <!-- @AfterMethod reporterdataSetResult -->
  <testcase name="@AfterMethod reporterdataSetResult" time="0.0" classname="com.hasbrop2m.security.BOMExternalMainUser">
    <skipped/>
  </testcase> <!-- @AfterMethod reporterdataSetResult -->
  <testcase name="@AfterMethod reporterdataSetResult" time="0.0" classname="com.hasbrop2m.security.BOMExternalMainUser">
    <skipped/>
  </testcase> <!-- @AfterMethod reporterdataSetResult -->
  <testcase name="@AfterMethod reporterdataSetResult" time="0.0" classname="com.hasbrop2m.security.BOMExternalMainUser">
    <skipped/>
  </testcase> <!-- @AfterMethod reporterdataSetResult -->
  <testcase name="@AfterMethod reporterdataSetResult" time="0.0" classname="com.hasbrop2m.security.BOMExternalMainUser">
    <skipped/>
  </testcase> <!-- @AfterMethod reporterdataSetResult -->
  <testcase name="@AfterMethod reporterdataSetResult" time="0.0" classname="com.hasbrop2m.security.BOMExternalMainUser">
    <skipped/>
  </testcase> <!-- @AfterMethod reporterdataSetResult -->
  <testcase name="@AfterMethod reporterdataSetResult" time="0.0" classname="com.hasbrop2m.security.BOMExternalMainUser">
    <skipped/>
  </testcase> <!-- @AfterMethod reporterdataSetResult -->
  <testcase name="@AfterMethod reporterdataSetResult" time="0.0" classname="com.hasbrop2m.security.BOMExternalMainUser">
    <skipped/>
  </testcase> <!-- @AfterMethod reporterdataSetResult -->
  <testcase name="@AfterMethod reporterdataSetResult" time="0.0" classname="com.hasbrop2m.security.BOMExternalMainUser">
    <skipped/>
  </testcase> <!-- @AfterMethod reporterdataSetResult -->
  <testcase name="@AfterMethod reporterdataSetResult" time="0.0" classname="com.hasbrop2m.security.BOMExternalMainUser">
    <skipped/>
  </testcase> <!-- @AfterMethod reporterdataSetResult -->
  <testcase name="@AfterMethod reporterdataSetResult" time="0.0" classname="com.hasbrop2m.security.BOMExternalMainUser">
    <skipped/>
  </testcase> <!-- @AfterMethod reporterdataSetResult -->
  <testcase name="@AfterMethod reporterdataSetResult" time="0.0" classname="com.hasbrop2m.security.BOMExternalMainUser">
    <skipped/>
  </testcase> <!-- @AfterMethod reporterdataSetResult -->
  <testcase name="@AfterMethod reporterdataSetResult" time="0.0" classname="com.hasbrop2m.security.BOMExternalMainUser">
    <skipped/>
  </testcase> <!-- @AfterMethod reporterdataSetResult -->
  <testcase name="@AfterMethod reporterdataSetResult" time="0.0" classname="com.hasbrop2m.security.BOMExternalMainUser">
    <skipped/>
  </testcase> <!-- @AfterMethod reporterdataSetResult -->
  <testcase name="@AfterMethod reporterdataSetResult" time="0.0" classname="com.hasbrop2m.security.BOMExternalMainUser">
    <skipped/>
  </testcase> <!-- @AfterMethod reporterdataSetResult -->
  <testcase name="@AfterMethod reporterdataSetResult" time="0.0" classname="com.hasbrop2m.security.BOMExternalMainUser">
    <skipped/>
  </testcase> <!-- @AfterMethod reporterdataSetResult -->
  <testcase name="@AfterMethod reporterdataSetResult" time="0.0" classname="com.hasbrop2m.security.BOMExternalMainUser">
    <skipped/>
  </testcase> <!-- @AfterMethod reporterdataSetResult -->
  <testcase name="@AfterMethod reporterdataSetResult" time="0.0" classname="com.hasbrop2m.security.BOMExternalMainUser">
    <skipped/>
  </testcase> <!-- @AfterMethod reporterdataSetResult -->
  <testcase name="@AfterMethod reporterdataSetResult" time="0.0" classname="com.hasbrop2m.security.BOMExternalMainUser">
    <skipped/>
  </testcase> <!-- @AfterMethod reporterdataSetResult -->
  <testcase name="@AfterMethod reporterdataSetResult" time="0.0" classname="com.hasbrop2m.security.BOMExternalMainUser">
    <skipped/>
  </testcase> <!-- @AfterMethod reporterdataSetResult -->
  <testcase name="@AfterMethod reporterdataSetResult" time="0.0" classname="com.hasbrop2m.security.BOMExternalMainUser">
    <skipped/>
  </testcase> <!-- @AfterMethod reporterdataSetResult -->
  <testcase name="@AfterMethod reporterdataSetResult" time="0.0" classname="com.hasbrop2m.security.BOMExternalMainUser">
    <skipped/>
  </testcase> <!-- @AfterMethod reporterdataSetResult -->
  <testcase name="@AfterMethod reporterdataSetResult" time="0.0" classname="com.hasbrop2m.security.BOMExternalMainUser">
    <skipped/>
  </testcase> <!-- @AfterMethod reporterdataSetResult -->
  <testcase name="@AfterMethod reporterdataSetResult" time="0.0" classname="com.hasbrop2m.security.BOMExternalMainUser">
    <skipped/>
  </testcase> <!-- @AfterMethod reporterdataSetResult -->
  <testcase name="@AfterMethod reporterdataSetResult" time="0.0" classname="com.hasbrop2m.security.BOMExternalMainUser">
    <skipped/>
  </testcase> <!-- @AfterMethod reporterdataSetResult -->
  <testcase name="@AfterMethod reporterdataSetResult" time="0.0" classname="com.hasbrop2m.security.BOMExternalMainUser">
    <skipped/>
  </testcase> <!-- @AfterMethod reporterdataSetResult -->
  <testcase name="@AfterMethod reporterdataSetResult" time="0.0" classname="com.hasbrop2m.security.BOMExternalMainUser">
    <skipped/>
  </testcase> <!-- @AfterMethod reporterdataSetResult -->
  <testcase name="@AfterMethod reporterdataSetResult" time="0.0" classname="com.hasbrop2m.security.BOMExternalMainUser">
    <skipped/>
  </testcase> <!-- @AfterMethod reporterdataSetResult -->
  <testcase name="@AfterMethod reporterdataSetResult" time="0.0" classname="com.hasbrop2m.security.BOMExternalMainUser">
    <skipped/>
  </testcase> <!-- @AfterMethod reporterdataSetResult -->
  <testcase name="@AfterMethod reporterdataSetResult" time="0.0" classname="com.hasbrop2m.security.BOMExternalMainUser">
    <skipped/>
  </testcase> <!-- @AfterMethod reporterdataSetResult -->
  <testcase name="@AfterMethod reporterdataSetResult" time="0.0" classname="com.hasbrop2m.security.BOMExternalMainUser">
    <skipped/>
  </testcase> <!-- @AfterMethod reporterdataSetResult -->
  <testcase name="@AfterMethod reporterdataSetResult" time="0.0" classname="com.hasbrop2m.security.BOMExternalMainUser">
    <skipped/>
  </testcase> <!-- @AfterMethod reporterdataSetResult -->
  <testcase name="@AfterMethod reporterdataSetResult" time="0.0" classname="com.hasbrop2m.security.BOMExternalMainUser">
    <skipped/>
  </testcase> <!-- @AfterMethod reporterdataSetResult -->
  <testcase name="@AfterMethod reporterdataSetResult" time="0.0" classname="com.hasbrop2m.security.BOMExternalMainUser">
    <skipped/>
  </testcase> <!-- @AfterMethod reporterdataSetResult -->
  <testcase name="@AfterMethod reporterdataSetResult" time="0.0" classname="com.hasbrop2m.security.BOMExternalMainUser">
    <skipped/>
  </testcase> <!-- @AfterMethod reporterdataSetResult -->
  <testcase name="@AfterMethod reporterdataSetResult" time="0.0" classname="com.hasbrop2m.security.BOMExternalMainUser">
    <skipped/>
  </testcase> <!-- @AfterMethod reporterdataSetResult -->
  <testcase name="@AfterMethod reporterdataSetResult" time="0.0" classname="com.hasbrop2m.security.BOMExternalMainUser">
    <skipped/>
  </testcase> <!-- @AfterMethod reporterdataSetResult -->
  <testcase name="@AfterMethod reporterdataSetResult" time="0.0" classname="com.hasbrop2m.security.BOMExternalMainUser">
    <skipped/>
  </testcase> <!-- @AfterMethod reporterdataSetResult -->
  <testcase name="@AfterMethod reporterdataSetResult" time="0.0" classname="com.hasbrop2m.security.BOMExternalMainUser">
    <skipped/>
  </testcase> <!-- @AfterMethod reporterdataSetResult -->
  <testcase name="@AfterMethod reporterdataSetResult" time="0.0" classname="com.hasbrop2m.security.BOMExternalMainUser">
    <skipped/>
  </testcase> <!-- @AfterMethod reporterdataSetResult -->
  <testcase name="@AfterMethod reporterdataSetResult" time="0.0" classname="com.hasbrop2m.security.BOMExternalMainUser">
    <skipped/>
  </testcase> <!-- @AfterMethod reporterdataSetResult -->
  <testcase name="@AfterMethod reporterdataSetResult" time="0.0" classname="com.hasbrop2m.security.BOMExternalMainUser">
    <skipped/>
  </testcase> <!-- @AfterMethod reporterdataSetResult -->
  <testcase name="@AfterMethod reporterdataSetResult" time="0.0" classname="com.hasbrop2m.security.BOMExternalMainUser">
    <skipped/>
  </testcase> <!-- @AfterMethod reporterdataSetResult -->
  <testcase name="@AfterMethod reporterdataSetResult" time="0.0" classname="com.hasbrop2m.security.BOMExternalMainUser">
    <skipped/>
  </testcase> <!-- @AfterMethod reporterdataSetResult -->
  <testcase name="@AfterMethod reporterdataSetResult" time="0.0" classname="com.hasbrop2m.security.BOMExternalMainUser">
    <skipped/>
  </testcase> <!-- @AfterMethod reporterdataSetResult -->
  <testcase name="@AfterMethod reporterdataSetResult" time="0.0" classname="com.hasbrop2m.security.BOMExternalMainUser">
    <skipped/>
  </testcase> <!-- @AfterMethod reporterdataSetResult -->
  <testcase name="@AfterMethod reporterdataSetResult" time="0.0" classname="com.hasbrop2m.security.BOMExternalMainUser">
    <skipped/>
  </testcase> <!-- @AfterMethod reporterdataSetResult -->
  <testcase name="@AfterMethod reporterdataSetResult" time="0.0" classname="com.hasbrop2m.security.BOMExternalMainUser">
    <skipped/>
  </testcase> <!-- @AfterMethod reporterdataSetResult -->
  <testcase name="@AfterMethod reporterdataSetResult" time="0.0" classname="com.hasbrop2m.security.BOMExternalMainUser">
    <skipped/>
  </testcase> <!-- @AfterMethod reporterdataSetResult -->
  <testcase name="@AfterMethod reporterdataSetResult" time="0.0" classname="com.hasbrop2m.security.BOMExternalMainUser">
    <skipped/>
  </testcase> <!-- @AfterMethod reporterdataSetResult -->
  <testcase name="@AfterMethod reporterdataSetResult" time="0.0" classname="com.hasbrop2m.security.BOMExternalMainUser">
    <skipped/>
  </testcase> <!-- @AfterMethod reporterdataSetResult -->
  <testcase name="@AfterMethod reporterdataSetResult" time="0.0" classname="com.hasbrop2m.security.BOMExternalMainUser">
    <skipped/>
  </testcase> <!-- @AfterMethod reporterdataSetResult -->
  <testcase name="@AfterMethod reporterdataSetResult" time="0.0" classname="com.hasbrop2m.security.BOMExternalMainUser">
    <skipped/>
  </testcase> <!-- @AfterMethod reporterdataSetResult -->
  <testcase name="@AfterMethod reporterdataSetResult" time="0.0" classname="com.hasbrop2m.security.BOMExternalMainUser">
    <skipped/>
  </testcase> <!-- @AfterMethod reporterdataSetResult -->
  <testcase name="@AfterMethod reporterdataSetResult" time="0.0" classname="com.hasbrop2m.security.BOMExternalMainUser">
    <skipped/>
  </testcase> <!-- @AfterMethod reporterdataSetResult -->
  <testcase name="@AfterMethod reporterdataSetResult" time="0.0" classname="com.hasbrop2m.security.BOMExternalMainUser">
    <skipped/>
  </testcase> <!-- @AfterMethod reporterdataSetResult -->
  <testcase name="@AfterMethod reporterdataSetResult" time="0.0" classname="com.hasbrop2m.security.BOMExternalMainUser">
    <skipped/>
  </testcase> <!-- @AfterMethod reporterdataSetResult -->
  <testcase name="@AfterMethod reporterdataSetResult" time="0.0" classname="com.hasbrop2m.security.BOMExternalMainUser">
    <skipped/>
  </testcase> <!-- @AfterMethod reporterdataSetResult -->
  <testcase name="@AfterMethod reporterdataSetResult" time="0.0" classname="com.hasbrop2m.security.BOMExternalMainUser">
    <skipped/>
  </testcase> <!-- @AfterMethod reporterdataSetResult -->
  <testcase name="@AfterMethod reporterdataSetResult" time="0.0" classname="com.hasbrop2m.security.BOMExternalMainUser">
    <skipped/>
  </testcase> <!-- @AfterMethod reporterdataSetResult -->
  <testcase name="@AfterMethod reporterdataSetResult" time="0.0" classname="com.hasbrop2m.security.BOMExternalMainUser">
    <skipped/>
  </testcase> <!-- @AfterMethod reporterdataSetResult -->
  <testcase name="@AfterMethod reporterdataSetResult" time="0.0" classname="com.hasbrop2m.security.BOMExternalMainUser">
    <skipped/>
  </testcase> <!-- @AfterMethod reporterdataSetResult -->
  <testcase name="@AfterMethod reporterdataSetResult" time="0.0" classname="com.hasbrop2m.security.BOMExternalMainUser">
    <skipped/>
  </testcase> <!-- @AfterMethod reporterdataSetResult -->
  <testcase name="@AfterMethod reporterdataSetResult" time="0.0" classname="com.hasbrop2m.security.BOMExternalMainUser">
    <skipped/>
  </testcase> <!-- @AfterMethod reporterdataSetResult -->
  <testcase name="@AfterMethod reporterdataSetResult" time="0.0" classname="com.hasbrop2m.security.BOMExternalMainUser">
    <skipped/>
  </testcase> <!-- @AfterMethod reporterdataSetResult -->
  <testcase name="@AfterMethod reporterdataSetResult" time="0.0" classname="com.hasbrop2m.security.BOMExternalMainUser">
    <skipped/>
  </testcase> <!-- @AfterMethod reporterdataSetResult -->
  <testcase name="@AfterMethod reporterdataSetResult" time="0.0" classname="com.hasbrop2m.security.BOMExternalMainUser">
    <skipped/>
  </testcase> <!-- @AfterMethod reporterdataSetResult -->
  <testcase name="@AfterMethod reporterdataSetResult" time="0.0" classname="com.hasbrop2m.security.BOMExternalMainUser">
    <skipped/>
  </testcase> <!-- @AfterMethod reporterdataSetResult -->
  <testcase name="@AfterMethod reporterdataSetResult" time="0.0" classname="com.hasbrop2m.security.BOMExternalMainUser">
    <skipped/>
  </testcase> <!-- @AfterMethod reporterdataSetResult -->
  <testcase name="@AfterMethod reporterdataSetResult" time="0.0" classname="com.hasbrop2m.security.BOMExternalMainUser">
    <skipped/>
  </testcase> <!-- @AfterMethod reporterdataSetResult -->
  <testcase name="@AfterMethod reporterdataSetResult" time="0.0" classname="com.hasbrop2m.security.BOMExternalMainUser">
    <skipped/>
  </testcase> <!-- @AfterMethod reporterdataSetResult -->
  <testcase name="@AfterMethod reporterdataSetResult" time="0.0" classname="com.hasbrop2m.security.BOMExternalMainUser">
    <skipped/>
  </testcase> <!-- @AfterMethod reporterdataSetResult -->
  <testcase name="@AfterMethod reporterdataSetResult" time="0.0" classname="com.hasbrop2m.security.BOMExternalMainUser">
    <skipped/>
  </testcase> <!-- @AfterMethod reporterdataSetResult -->
  <testcase name="@AfterMethod reporterdataSetResult" time="0.0" classname="com.hasbrop2m.security.BOMExternalMainUser">
    <skipped/>
  </testcase> <!-- @AfterMethod reporterdataSetResult -->
  <testcase name="@AfterMethod reporterdataSetResult" time="0.0" classname="com.hasbrop2m.security.BOMExternalMainUser">
    <skipped/>
  </testcase> <!-- @AfterMethod reporterdataSetResult -->
  <testcase name="@AfterMethod reporterdataSetResult" time="0.0" classname="com.hasbrop2m.security.BOMExternalMainUser">
    <skipped/>
  </testcase> <!-- @AfterMethod reporterdataSetResult -->
  <testcase name="@AfterMethod reporterdataSetResult" time="0.0" classname="com.hasbrop2m.security.BOMExternalMainUser">
    <skipped/>
  </testcase> <!-- @AfterMethod reporterdataSetResult -->
  <testcase name="@AfterMethod reporterdataSetResult" time="0.0" classname="com.hasbrop2m.security.BOMExternalMainUser">
    <skipped/>
  </testcase> <!-- @AfterMethod reporterdataSetResult -->
  <testcase name="@AfterMethod reporterdataSetResult" time="0.0" classname="com.hasbrop2m.security.BOMExternalMainUser">
    <skipped/>
  </testcase> <!-- @AfterMethod reporterdataSetResult -->
  <testcase name="@AfterMethod reporterdataSetResult" time="0.0" classname="com.hasbrop2m.security.BOMExternalMainUser">
    <skipped/>
  </testcase> <!-- @AfterMethod reporterdataSetResult -->
  <testcase name="@AfterMethod reporterdataSetResult" time="0.0" classname="com.hasbrop2m.security.BOMExternalMainUser">
    <skipped/>
  </testcase> <!-- @AfterMethod reporterdataSetResult -->
  <testcase name="@AfterMethod reporterdataSetResult" time="0.0" classname="com.hasbrop2m.security.BOMExternalMainUser">
    <skipped/>
  </testcase> <!-- @AfterMethod reporterdataSetResult -->
  <testcase name="@AfterMethod reporterdataSetResult" time="0.0" classname="com.hasbrop2m.security.BOMExternalMainUser">
    <skipped/>
  </testcase> <!-- @AfterMethod reporterdataSetResult -->
  <testcase name="@AfterMethod reporterdataSetResult" time="0.0" classname="com.hasbrop2m.security.BOMExternalMainUser">
    <skipped/>
  </testcase> <!-- @AfterMethod reporterdataSetResult -->
  <testcase name="@AfterMethod reporterdataSetResult" time="0.0" classname="com.hasbrop2m.security.BOMExternalMainUser">
    <skipped/>
  </testcase> <!-- @AfterMethod reporterdataSetResult -->
  <testcase name="@AfterMethod reporterdataSetResult" time="0.0" classname="com.hasbrop2m.security.BOMExternalMainUser">
    <skipped/>
  </testcase> <!-- @AfterMethod reporterdataSetResult -->
  <testcase name="@AfterMethod reporterdataSetResult" time="0.0" classname="com.hasbrop2m.security.BOMExternalMainUser">
    <skipped/>
  </testcase> <!-- @AfterMethod reporterdataSetResult -->
  <testcase name="@AfterMethod reporterdataSetResult" time="0.0" classname="com.hasbrop2m.security.BOMExternalMainUser">
    <skipped/>
  </testcase> <!-- @AfterMethod reporterdataSetResult -->
  <testcase name="@AfterMethod reporterdataSetResult" time="0.0" classname="com.hasbrop2m.security.BOMExternalMainUser">
    <skipped/>
  </testcase> <!-- @AfterMethod reporterdataSetResult -->
  <testcase name="@AfterMethod reporterdataSetResult" time="0.0" classname="com.hasbrop2m.security.BOMExternalMainUser">
    <skipped/>
  </testcase> <!-- @AfterMethod reporterdataSetResult -->
  <testcase name="@AfterMethod reporterdataSetResult" time="0.0" classname="com.hasbrop2m.security.BOMExternalMainUser">
    <skipped/>
  </testcase> <!-- @AfterMethod reporterdataSetResult -->
  <testcase name="@AfterMethod reporterdataSetResult" time="0.0" classname="com.hasbrop2m.security.BOMExternalMainUser">
    <skipped/>
  </testcase> <!-- @AfterMethod reporterdataSetResult -->
  <testcase name="@AfterMethod reporterdataSetResult" time="0.0" classname="com.hasbrop2m.security.BOMExternalMainUser">
    <skipped/>
  </testcase> <!-- @AfterMethod reporterdataSetResult -->
  <testcase name="@AfterMethod reporterdataSetResult" time="0.0" classname="com.hasbrop2m.security.BOMExternalMainUser">
    <skipped/>
  </testcase> <!-- @AfterMethod reporterdataSetResult -->
  <testcase name="@AfterMethod reporterdataSetResult" time="0.0" classname="com.hasbrop2m.security.BOMExternalMainUser">
    <skipped/>
  </testcase> <!-- @AfterMethod reporterdataSetResult -->
  <testcase name="@AfterMethod reporterdataSetResult" time="0.0" classname="com.hasbrop2m.security.BOMExternalMainUser">
    <skipped/>
  </testcase> <!-- @AfterMethod reporterdataSetResult -->
  <testcase name="@AfterMethod reporterdataSetResult" time="0.0" classname="com.hasbrop2m.security.BOMExternalMainUser">
    <skipped/>
  </testcase> <!-- @AfterMethod reporterdataSetResult -->
  <testcase name="@AfterMethod reporterdataSetResult" time="0.0" classname="com.hasbrop2m.security.BOMExternalMainUser">
    <skipped/>
  </testcase> <!-- @AfterMethod reporterdataSetResult -->
  <testcase name="@AfterMethod reporterdataSetResult" time="0.0" classname="com.hasbrop2m.security.BOMExternalMainUser">
    <skipped/>
  </testcase> <!-- @AfterMethod reporterdataSetResult -->
  <testcase name="@AfterMethod reporterdataSetResult" time="0.0" classname="com.hasbrop2m.security.BOMExternalMainUser">
    <skipped/>
  </testcase> <!-- @AfterMethod reporterdataSetResult -->
  <testcase name="@AfterMethod reporterdataSetResult" time="0.0" classname="com.hasbrop2m.security.BOMExternalMainUser">
    <skipped/>
  </testcase> <!-- @AfterMethod reporterdataSetResult -->
  <testcase name="@AfterMethod reporterdataSetResult" time="0.0" classname="com.hasbrop2m.security.BOMExternalMainUser">
    <skipped/>
  </testcase> <!-- @AfterMethod reporterdataSetResult -->
  <testcase name="@AfterMethod reporterdataSetResult" time="0.0" classname="com.hasbrop2m.security.BOMExternalMainUser">
    <skipped/>
  </testcase> <!-- @AfterMethod reporterdataSetResult -->
  <testcase name="@AfterMethod reporterdataSetResult" time="0.0" classname="com.hasbrop2m.security.BOMExternalMainUser">
    <skipped/>
  </testcase> <!-- @AfterMethod reporterdataSetResult -->
  <testcase name="@AfterMethod reporterdataSetResult" time="0.0" classname="com.hasbrop2m.security.BOMExternalMainUser">
    <skipped/>
  </testcase> <!-- @AfterMethod reporterdataSetResult -->
  <testcase name="@AfterMethod reporterdataSetResult" time="0.0" classname="com.hasbrop2m.security.BOMExternalMainUser">
    <skipped/>
  </testcase> <!-- @AfterMethod reporterdataSetResult -->
  <testcase name="@AfterTest reportTestcaseResult" time="0.0" classname="com.hasbrop2m.security.BOMExternalMainUser">
    <skipped/>
  </testcase> <!-- @AfterTest reportTestcaseResult -->
  <testcase name="tcBOM" time="0.0" classname="com.hasbrop2m.security.BOMExternalMainUser">
    <skipped/>
  </testcase> <!-- tcBOM -->
  <testcase name="tcBOM" time="0.0" classname="com.hasbrop2m.security.BOMExternalMainUser">
    <skipped/>
  </testcase> <!-- tcBOM -->
  <testcase name="tcBOM" time="0.0" classname="com.hasbrop2m.security.BOMExternalMainUser">
    <skipped/>
  </testcase> <!-- tcBOM -->
  <testcase name="tcBOM" time="0.0" classname="com.hasbrop2m.security.BOMExternalMainUser">
    <skipped/>
  </testcase> <!-- tcBOM -->
  <testcase name="tcBOM" time="0.0" classname="com.hasbrop2m.security.BOMExternalMainUser">
    <skipped/>
  </testcase> <!-- tcBOM -->
  <testcase name="tcBOM" time="0.0" classname="com.hasbrop2m.security.BOMExternalMainUser">
    <skipped/>
  </testcase> <!-- tcBOM -->
  <testcase name="tcBOM" time="0.0" classname="com.hasbrop2m.security.BOMExternalMainUser">
    <skipped/>
  </testcase> <!-- tcBOM -->
  <testcase name="tcBOM" time="0.0" classname="com.hasbrop2m.security.BOMExternalMainUser">
    <skipped/>
  </testcase> <!-- tcBOM -->
  <testcase name="tcBOM" time="0.0" classname="com.hasbrop2m.security.BOMExternalMainUser">
    <skipped/>
  </testcase> <!-- tcBOM -->
  <testcase name="tcBOM" time="0.0" classname="com.hasbrop2m.security.BOMExternalMainUser">
    <skipped/>
  </testcase> <!-- tcBOM -->
  <testcase name="tcBOM" time="0.0" classname="com.hasbrop2m.security.BOMExternalMainUser">
    <skipped/>
  </testcase> <!-- tcBOM -->
  <testcase name="tcBOM" time="0.0" classname="com.hasbrop2m.security.BOMExternalMainUser">
    <skipped/>
  </testcase> <!-- tcBOM -->
  <testcase name="tcBOM" time="0.0" classname="com.hasbrop2m.security.BOMExternalMainUser">
    <skipped/>
  </testcase> <!-- tcBOM -->
  <testcase name="tcBOM" time="0.0" classname="com.hasbrop2m.security.BOMExternalMainUser">
    <skipped/>
  </testcase> <!-- tcBOM -->
  <testcase name="tcBOM" time="0.0" classname="com.hasbrop2m.security.BOMExternalMainUser">
    <skipped/>
  </testcase> <!-- tcBOM -->
  <testcase name="tcBOM" time="0.0" classname="com.hasbrop2m.security.BOMExternalMainUser">
    <skipped/>
  </testcase> <!-- tcBOM -->
  <testcase name="tcBOM" time="0.0" classname="com.hasbrop2m.security.BOMExternalMainUser">
    <skipped/>
  </testcase> <!-- tcBOM -->
  <testcase name="tcBOM" time="0.0" classname="com.hasbrop2m.security.BOMExternalMainUser">
    <skipped/>
  </testcase> <!-- tcBOM -->
  <testcase name="tcBOM" time="0.0" classname="com.hasbrop2m.security.BOMExternalMainUser">
    <skipped/>
  </testcase> <!-- tcBOM -->
  <testcase name="tcBOM" time="0.0" classname="com.hasbrop2m.security.BOMExternalMainUser">
    <skipped/>
  </testcase> <!-- tcBOM -->
  <testcase name="tcBOM" time="0.0" classname="com.hasbrop2m.security.BOMExternalMainUser">
    <skipped/>
  </testcase> <!-- tcBOM -->
  <testcase name="tcBOM" time="0.0" classname="com.hasbrop2m.security.BOMExternalMainUser">
    <skipped/>
  </testcase> <!-- tcBOM -->
  <testcase name="tcBOM" time="0.0" classname="com.hasbrop2m.security.BOMExternalMainUser">
    <skipped/>
  </testcase> <!-- tcBOM -->
  <testcase name="tcBOM" time="0.0" classname="com.hasbrop2m.security.BOMExternalMainUser">
    <skipped/>
  </testcase> <!-- tcBOM -->
  <testcase name="tcBOM" time="0.0" classname="com.hasbrop2m.security.BOMExternalMainUser">
    <skipped/>
  </testcase> <!-- tcBOM -->
  <testcase name="tcBOM" time="0.0" classname="com.hasbrop2m.security.BOMExternalMainUser">
    <skipped/>
  </testcase> <!-- tcBOM -->
  <testcase name="tcBOM" time="0.0" classname="com.hasbrop2m.security.BOMExternalMainUser">
    <skipped/>
  </testcase> <!-- tcBOM -->
  <testcase name="tcBOM" time="0.0" classname="com.hasbrop2m.security.BOMExternalMainUser">
    <skipped/>
  </testcase> <!-- tcBOM -->
  <testcase name="tcBOM" time="0.0" classname="com.hasbrop2m.security.BOMExternalMainUser">
    <skipped/>
  </testcase> <!-- tcBOM -->
  <testcase name="tcBOM" time="0.0" classname="com.hasbrop2m.security.BOMExternalMainUser">
    <skipped/>
  </testcase> <!-- tcBOM -->
  <testcase name="tcBOM" time="0.0" classname="com.hasbrop2m.security.BOMExternalMainUser">
    <skipped/>
  </testcase> <!-- tcBOM -->
  <testcase name="tcBOM" time="0.0" classname="com.hasbrop2m.security.BOMExternalMainUser">
    <skipped/>
  </testcase> <!-- tcBOM -->
  <testcase name="tcBOM" time="0.0" classname="com.hasbrop2m.security.BOMExternalMainUser">
    <skipped/>
  </testcase> <!-- tcBOM -->
  <testcase name="tcBOM" time="0.0" classname="com.hasbrop2m.security.BOMExternalMainUser">
    <skipped/>
  </testcase> <!-- tcBOM -->
  <testcase name="tcBOM" time="0.0" classname="com.hasbrop2m.security.BOMExternalMainUser">
    <skipped/>
  </testcase> <!-- tcBOM -->
  <testcase name="tcBOM" time="0.0" classname="com.hasbrop2m.security.BOMExternalMainUser">
    <skipped/>
  </testcase> <!-- tcBOM -->
  <testcase name="tcBOM" time="0.0" classname="com.hasbrop2m.security.BOMExternalMainUser">
    <skipped/>
  </testcase> <!-- tcBOM -->
  <testcase name="tcBOM" time="0.0" classname="com.hasbrop2m.security.BOMExternalMainUser">
    <skipped/>
  </testcase> <!-- tcBOM -->
  <testcase name="tcBOM" time="0.0" classname="com.hasbrop2m.security.BOMExternalMainUser">
    <skipped/>
  </testcase> <!-- tcBOM -->
  <testcase name="tcBOM" time="0.0" classname="com.hasbrop2m.security.BOMExternalMainUser">
    <skipped/>
  </testcase> <!-- tcBOM -->
  <testcase name="tcBOM" time="0.0" classname="com.hasbrop2m.security.BOMExternalMainUser">
    <skipped/>
  </testcase> <!-- tcBOM -->
  <testcase name="tcBOM" time="0.0" classname="com.hasbrop2m.security.BOMExternalMainUser">
    <skipped/>
  </testcase> <!-- tcBOM -->
  <testcase name="tcBOM" time="0.0" classname="com.hasbrop2m.security.BOMExternalMainUser">
    <skipped/>
  </testcase> <!-- tcBOM -->
  <testcase name="tcBOM" time="0.0" classname="com.hasbrop2m.security.BOMExternalMainUser">
    <skipped/>
  </testcase> <!-- tcBOM -->
  <testcase name="tcBOM" time="0.0" classname="com.hasbrop2m.security.BOMExternalMainUser">
    <skipped/>
  </testcase> <!-- tcBOM -->
  <testcase name="tcBOM" time="0.0" classname="com.hasbrop2m.security.BOMExternalMainUser">
    <skipped/>
  </testcase> <!-- tcBOM -->
  <testcase name="tcBOM" time="0.0" classname="com.hasbrop2m.security.BOMExternalMainUser">
    <skipped/>
  </testcase> <!-- tcBOM -->
  <testcase name="tcBOM" time="0.0" classname="com.hasbrop2m.security.BOMExternalMainUser">
    <skipped/>
  </testcase> <!-- tcBOM -->
  <testcase name="tcBOM" time="0.0" classname="com.hasbrop2m.security.BOMExternalMainUser">
    <skipped/>
  </testcase> <!-- tcBOM -->
  <testcase name="tcBOM" time="0.0" classname="com.hasbrop2m.security.BOMExternalMainUser">
    <skipped/>
  </testcase> <!-- tcBOM -->
  <testcase name="tcBOM" time="0.0" classname="com.hasbrop2m.security.BOMExternalMainUser">
    <skipped/>
  </testcase> <!-- tcBOM -->
  <testcase name="tcBOM" time="0.0" classname="com.hasbrop2m.security.BOMExternalMainUser">
    <skipped/>
  </testcase> <!-- tcBOM -->
  <testcase name="tcBOM" time="0.0" classname="com.hasbrop2m.security.BOMExternalMainUser">
    <skipped/>
  </testcase> <!-- tcBOM -->
  <testcase name="tcBOM" time="0.0" classname="com.hasbrop2m.security.BOMExternalMainUser">
    <skipped/>
  </testcase> <!-- tcBOM -->
  <testcase name="tcBOM" time="0.0" classname="com.hasbrop2m.security.BOMExternalMainUser">
    <skipped/>
  </testcase> <!-- tcBOM -->
  <testcase name="tcBOM" time="0.0" classname="com.hasbrop2m.security.BOMExternalMainUser">
    <skipped/>
  </testcase> <!-- tcBOM -->
  <testcase name="tcBOM" time="0.0" classname="com.hasbrop2m.security.BOMExternalMainUser">
    <skipped/>
  </testcase> <!-- tcBOM -->
  <testcase name="tcBOM" time="0.0" classname="com.hasbrop2m.security.BOMExternalMainUser">
    <skipped/>
  </testcase> <!-- tcBOM -->
  <testcase name="tcBOM" time="0.0" classname="com.hasbrop2m.security.BOMExternalMainUser">
    <skipped/>
  </testcase> <!-- tcBOM -->
  <testcase name="tcBOM" time="0.0" classname="com.hasbrop2m.security.BOMExternalMainUser">
    <skipped/>
  </testcase> <!-- tcBOM -->
  <testcase name="tcBOM" time="0.0" classname="com.hasbrop2m.security.BOMExternalMainUser">
    <skipped/>
  </testcase> <!-- tcBOM -->
  <testcase name="tcBOM" time="0.0" classname="com.hasbrop2m.security.BOMExternalMainUser">
    <skipped/>
  </testcase> <!-- tcBOM -->
  <testcase name="tcBOM" time="0.0" classname="com.hasbrop2m.security.BOMExternalMainUser">
    <skipped/>
  </testcase> <!-- tcBOM -->
  <testcase name="tcBOM" time="0.0" classname="com.hasbrop2m.security.BOMExternalMainUser">
    <skipped/>
  </testcase> <!-- tcBOM -->
  <testcase name="tcBOM" time="0.0" classname="com.hasbrop2m.security.BOMExternalMainUser">
    <skipped/>
  </testcase> <!-- tcBOM -->
  <testcase name="tcBOM" time="0.0" classname="com.hasbrop2m.security.BOMExternalMainUser">
    <skipped/>
  </testcase> <!-- tcBOM -->
  <testcase name="tcBOM" time="0.0" classname="com.hasbrop2m.security.BOMExternalMainUser">
    <skipped/>
  </testcase> <!-- tcBOM -->
  <testcase name="tcBOM" time="0.0" classname="com.hasbrop2m.security.BOMExternalMainUser">
    <skipped/>
  </testcase> <!-- tcBOM -->
  <testcase name="tcBOM" time="0.0" classname="com.hasbrop2m.security.BOMExternalMainUser">
    <skipped/>
  </testcase> <!-- tcBOM -->
  <testcase name="tcBOM" time="0.0" classname="com.hasbrop2m.security.BOMExternalMainUser">
    <skipped/>
  </testcase> <!-- tcBOM -->
  <testcase name="tcBOM" time="0.0" classname="com.hasbrop2m.security.BOMExternalMainUser">
    <skipped/>
  </testcase> <!-- tcBOM -->
  <testcase name="tcBOM" time="0.0" classname="com.hasbrop2m.security.BOMExternalMainUser">
    <skipped/>
  </testcase> <!-- tcBOM -->
  <testcase name="tcBOM" time="0.0" classname="com.hasbrop2m.security.BOMExternalMainUser">
    <skipped/>
  </testcase> <!-- tcBOM -->
  <testcase name="tcBOM" time="0.0" classname="com.hasbrop2m.security.BOMExternalMainUser">
    <skipped/>
  </testcase> <!-- tcBOM -->
  <testcase name="tcBOM" time="0.0" classname="com.hasbrop2m.security.BOMExternalMainUser">
    <skipped/>
  </testcase> <!-- tcBOM -->
  <testcase name="tcBOM" time="0.0" classname="com.hasbrop2m.security.BOMExternalMainUser">
    <skipped/>
  </testcase> <!-- tcBOM -->
  <testcase name="tcBOM" time="0.0" classname="com.hasbrop2m.security.BOMExternalMainUser">
    <skipped/>
  </testcase> <!-- tcBOM -->
  <testcase name="tcBOM" time="0.0" classname="com.hasbrop2m.security.BOMExternalMainUser">
    <skipped/>
  </testcase> <!-- tcBOM -->
  <testcase name="tcBOM" time="0.0" classname="com.hasbrop2m.security.BOMExternalMainUser">
    <skipped/>
  </testcase> <!-- tcBOM -->
  <testcase name="tcBOM" time="0.0" classname="com.hasbrop2m.security.BOMExternalMainUser">
    <skipped/>
  </testcase> <!-- tcBOM -->
  <testcase name="tcBOM" time="0.0" classname="com.hasbrop2m.security.BOMExternalMainUser">
    <skipped/>
  </testcase> <!-- tcBOM -->
  <testcase name="tcBOM" time="0.0" classname="com.hasbrop2m.security.BOMExternalMainUser">
    <skipped/>
  </testcase> <!-- tcBOM -->
  <testcase name="tcBOM" time="0.0" classname="com.hasbrop2m.security.BOMExternalMainUser">
    <skipped/>
  </testcase> <!-- tcBOM -->
  <testcase name="tcBOM" time="0.0" classname="com.hasbrop2m.security.BOMExternalMainUser">
    <skipped/>
  </testcase> <!-- tcBOM -->
  <testcase name="tcBOM" time="0.0" classname="com.hasbrop2m.security.BOMExternalMainUser">
    <skipped/>
  </testcase> <!-- tcBOM -->
  <testcase name="tcBOM" time="0.0" classname="com.hasbrop2m.security.BOMExternalMainUser">
    <skipped/>
  </testcase> <!-- tcBOM -->
  <testcase name="tcBOM" time="0.0" classname="com.hasbrop2m.security.BOMExternalMainUser">
    <skipped/>
  </testcase> <!-- tcBOM -->
  <testcase name="tcBOM" time="0.0" classname="com.hasbrop2m.security.BOMExternalMainUser">
    <skipped/>
  </testcase> <!-- tcBOM -->
  <testcase name="tcBOM" time="0.0" classname="com.hasbrop2m.security.BOMExternalMainUser">
    <skipped/>
  </testcase> <!-- tcBOM -->
  <testcase name="tcBOM" time="0.0" classname="com.hasbrop2m.security.BOMExternalMainUser">
    <skipped/>
  </testcase> <!-- tcBOM -->
  <testcase name="tcBOM" time="0.0" classname="com.hasbrop2m.security.BOMExternalMainUser">
    <skipped/>
  </testcase> <!-- tcBOM -->
  <testcase name="tcBOM" time="0.0" classname="com.hasbrop2m.security.BOMExternalMainUser">
    <skipped/>
  </testcase> <!-- tcBOM -->
  <testcase name="tcBOM" time="0.0" classname="com.hasbrop2m.security.BOMExternalMainUser">
    <skipped/>
  </testcase> <!-- tcBOM -->
  <testcase name="tcBOM" time="0.0" classname="com.hasbrop2m.security.BOMExternalMainUser">
    <skipped/>
  </testcase> <!-- tcBOM -->
  <testcase name="tcBOM" time="0.0" classname="com.hasbrop2m.security.BOMExternalMainUser">
    <skipped/>
  </testcase> <!-- tcBOM -->
  <testcase name="tcBOM" time="0.0" classname="com.hasbrop2m.security.BOMExternalMainUser">
    <skipped/>
  </testcase> <!-- tcBOM -->
  <testcase name="tcBOM" time="0.0" classname="com.hasbrop2m.security.BOMExternalMainUser">
    <skipped/>
  </testcase> <!-- tcBOM -->
  <testcase name="tcBOM" time="0.0" classname="com.hasbrop2m.security.BOMExternalMainUser">
    <skipped/>
  </testcase> <!-- tcBOM -->
  <testcase name="tcBOM" time="0.0" classname="com.hasbrop2m.security.BOMExternalMainUser">
    <skipped/>
  </testcase> <!-- tcBOM -->
  <testcase name="tcBOM" time="0.0" classname="com.hasbrop2m.security.BOMExternalMainUser">
    <skipped/>
  </testcase> <!-- tcBOM -->
  <testcase name="tcBOM" time="0.0" classname="com.hasbrop2m.security.BOMExternalMainUser">
    <skipped/>
  </testcase> <!-- tcBOM -->
  <testcase name="tcBOM" time="0.0" classname="com.hasbrop2m.security.BOMExternalMainUser">
    <skipped/>
  </testcase> <!-- tcBOM -->
  <testcase name="tcBOM" time="0.0" classname="com.hasbrop2m.security.BOMExternalMainUser">
    <skipped/>
  </testcase> <!-- tcBOM -->
  <testcase name="tcBOM" time="0.0" classname="com.hasbrop2m.security.BOMExternalMainUser">
    <skipped/>
  </testcase> <!-- tcBOM -->
  <testcase name="tcBOM" time="0.0" classname="com.hasbrop2m.security.BOMExternalMainUser">
    <skipped/>
  </testcase> <!-- tcBOM -->
  <testcase name="tcBOM" time="0.0" classname="com.hasbrop2m.security.BOMExternalMainUser">
    <skipped/>
  </testcase> <!-- tcBOM -->
  <testcase name="tcBOM" time="0.0" classname="com.hasbrop2m.security.BOMExternalMainUser">
    <skipped/>
  </testcase> <!-- tcBOM -->
  <testcase name="tcBOM" time="0.0" classname="com.hasbrop2m.security.BOMExternalMainUser">
    <skipped/>
  </testcase> <!-- tcBOM -->
  <testcase name="tcBOM" time="0.0" classname="com.hasbrop2m.security.BOMExternalMainUser">
    <skipped/>
  </testcase> <!-- tcBOM -->
  <testcase name="tcBOM" time="0.0" classname="com.hasbrop2m.security.BOMExternalMainUser">
    <skipped/>
  </testcase> <!-- tcBOM -->
  <testcase name="tcBOM" time="0.0" classname="com.hasbrop2m.security.BOMExternalMainUser">
    <skipped/>
  </testcase> <!-- tcBOM -->
  <testcase name="tcBOM" time="0.0" classname="com.hasbrop2m.security.BOMExternalMainUser">
    <skipped/>
  </testcase> <!-- tcBOM -->
  <testcase name="tcBOM" time="0.0" classname="com.hasbrop2m.security.BOMExternalMainUser">
    <skipped/>
  </testcase> <!-- tcBOM -->
  <testcase name="tcBOM" time="0.0" classname="com.hasbrop2m.security.BOMExternalMainUser">
    <skipped/>
  </testcase> <!-- tcBOM -->
  <testcase name="tcBOM" time="0.0" classname="com.hasbrop2m.security.BOMExternalMainUser">
    <skipped/>
  </testcase> <!-- tcBOM -->
  <testcase name="tcBOM" time="0.0" classname="com.hasbrop2m.security.BOMExternalMainUser">
    <skipped/>
  </testcase> <!-- tcBOM -->
  <testcase name="tcBOM" time="0.0" classname="com.hasbrop2m.security.BOMExternalMainUser">
    <skipped/>
  </testcase> <!-- tcBOM -->
  <testcase name="tcBOM" time="0.0" classname="com.hasbrop2m.security.BOMExternalMainUser">
    <skipped/>
  </testcase> <!-- tcBOM -->
  <testcase name="tcBOM" time="0.0" classname="com.hasbrop2m.security.BOMExternalMainUser">
    <skipped/>
  </testcase> <!-- tcBOM -->
  <testcase name="tcBOM" time="0.0" classname="com.hasbrop2m.security.BOMExternalMainUser">
    <skipped/>
  </testcase> <!-- tcBOM -->
  <testcase name="tcBOM" time="0.0" classname="com.hasbrop2m.security.BOMExternalMainUser">
    <skipped/>
  </testcase> <!-- tcBOM -->
  <testcase name="tcBOM" time="0.0" classname="com.hasbrop2m.security.BOMExternalMainUser">
    <skipped/>
  </testcase> <!-- tcBOM -->
  <testcase name="tcBOM" time="0.0" classname="com.hasbrop2m.security.BOMExternalMainUser">
    <skipped/>
  </testcase> <!-- tcBOM -->
  <testcase name="tcBOM" time="0.0" classname="com.hasbrop2m.security.BOMExternalMainUser">
    <skipped/>
  </testcase> <!-- tcBOM -->
  <testcase name="tcBOM" time="0.0" classname="com.hasbrop2m.security.BOMExternalMainUser">
    <skipped/>
  </testcase> <!-- tcBOM -->
  <testcase name="tcBOM" time="0.0" classname="com.hasbrop2m.security.BOMExternalMainUser">
    <skipped/>
  </testcase> <!-- tcBOM -->
  <testcase name="tcBOM" time="0.0" classname="com.hasbrop2m.security.BOMExternalMainUser">
    <skipped/>
  </testcase> <!-- tcBOM -->
  <testcase name="tcBOM" time="0.0" classname="com.hasbrop2m.security.BOMExternalMainUser">
    <skipped/>
  </testcase> <!-- tcBOM -->
  <testcase name="tcBOM" time="0.0" classname="com.hasbrop2m.security.BOMExternalMainUser">
    <skipped/>
  </testcase> <!-- tcBOM -->
  <testcase name="tcBOM" time="0.0" classname="com.hasbrop2m.security.BOMExternalMainUser">
    <skipped/>
  </testcase> <!-- tcBOM -->
  <testcase name="tcBOM" time="0.0" classname="com.hasbrop2m.security.BOMExternalMainUser">
    <skipped/>
  </testcase> <!-- tcBOM -->
  <testcase name="tcBOM" time="0.0" classname="com.hasbrop2m.security.BOMExternalMainUser">
    <skipped/>
  </testcase> <!-- tcBOM -->
  <testcase name="tcBOM" time="0.0" classname="com.hasbrop2m.security.BOMExternalMainUser">
    <skipped/>
  </testcase> <!-- tcBOM -->
  <testcase name="tcBOM" time="0.0" classname="com.hasbrop2m.security.BOMExternalMainUser">
    <skipped/>
  </testcase> <!-- tcBOM -->
  <testcase name="tcBOM" time="0.0" classname="com.hasbrop2m.security.BOMExternalMainUser">
    <skipped/>
  </testcase> <!-- tcBOM -->
  <testcase name="tcBOM" time="0.0" classname="com.hasbrop2m.security.BOMExternalMainUser">
    <skipped/>
  </testcase> <!-- tcBOM -->
  <testcase name="tcBOM" time="0.0" classname="com.hasbrop2m.security.BOMExternalMainUser">
    <skipped/>
  </testcase> <!-- tcBOM -->
  <testcase name="tcBOM" time="0.0" classname="com.hasbrop2m.security.BOMExternalMainUser">
    <skipped/>
  </testcase> <!-- tcBOM -->
  <testcase name="tcBOM" time="0.0" classname="com.hasbrop2m.security.BOMExternalMainUser">
    <skipped/>
  </testcase> <!-- tcBOM -->
  <testcase name="tcBOM" time="0.0" classname="com.hasbrop2m.security.BOMExternalMainUser">
    <skipped/>
  </testcase> <!-- tcBOM -->
  <testcase name="tcBOM" time="0.0" classname="com.hasbrop2m.security.BOMExternalMainUser">
    <skipped/>
  </testcase> <!-- tcBOM -->
  <testcase name="tcBOM" time="0.0" classname="com.hasbrop2m.security.BOMExternalMainUser">
    <skipped/>
  </testcase> <!-- tcBOM -->
  <testcase name="tcBOM" time="0.0" classname="com.hasbrop2m.security.BOMExternalMainUser">
    <skipped/>
  </testcase> <!-- tcBOM -->
  <testcase name="tcBOM" time="0.0" classname="com.hasbrop2m.security.BOMExternalMainUser">
    <skipped/>
  </testcase> <!-- tcBOM -->
  <testcase name="tcBOM" time="0.0" classname="com.hasbrop2m.security.BOMExternalMainUser">
    <skipped/>
  </testcase> <!-- tcBOM -->
  <testcase name="tcBOM" time="0.0" classname="com.hasbrop2m.security.BOMExternalMainUser">
    <skipped/>
  </testcase> <!-- tcBOM -->
  <testcase name="tcBOM" time="0.0" classname="com.hasbrop2m.security.BOMExternalMainUser">
    <skipped/>
  </testcase> <!-- tcBOM -->
  <testcase name="tcBOM" time="0.0" classname="com.hasbrop2m.security.BOMExternalMainUser">
    <skipped/>
  </testcase> <!-- tcBOM -->
  <testcase name="tcBOM" time="0.0" classname="com.hasbrop2m.security.BOMExternalMainUser">
    <skipped/>
  </testcase> <!-- tcBOM -->
  <testcase name="tcBOM" time="0.0" classname="com.hasbrop2m.security.BOMExternalMainUser">
    <skipped/>
  </testcase> <!-- tcBOM -->
  <testcase name="tcBOM" time="0.0" classname="com.hasbrop2m.security.BOMExternalMainUser">
    <skipped/>
  </testcase> <!-- tcBOM -->
  <testcase name="tcBOM" time="0.0" classname="com.hasbrop2m.security.BOMExternalMainUser">
    <skipped/>
  </testcase> <!-- tcBOM -->
  <testcase name="tcBOM" time="0.0" classname="com.hasbrop2m.security.BOMExternalMainUser">
    <skipped/>
  </testcase> <!-- tcBOM -->
  <testcase name="tcBOM" time="0.0" classname="com.hasbrop2m.security.BOMExternalMainUser">
    <skipped/>
  </testcase> <!-- tcBOM -->
  <testcase name="tcBOM" time="0.0" classname="com.hasbrop2m.security.BOMExternalMainUser">
    <skipped/>
  </testcase> <!-- tcBOM -->
  <testcase name="tcBOM" time="0.0" classname="com.hasbrop2m.security.BOMExternalMainUser">
    <skipped/>
  </testcase> <!-- tcBOM -->
  <testcase name="tcBOM" time="0.0" classname="com.hasbrop2m.security.BOMExternalMainUser">
    <skipped/>
  </testcase> <!-- tcBOM -->
  <testcase name="tcBOM" time="0.0" classname="com.hasbrop2m.security.BOMExternalMainUser">
    <skipped/>
  </testcase> <!-- tcBOM -->
  <testcase name="tcBOM" time="0.0" classname="com.hasbrop2m.security.BOMExternalMainUser">
    <skipped/>
  </testcase> <!-- tcBOM -->
  <testcase name="tcBOM" time="0.0" classname="com.hasbrop2m.security.BOMExternalMainUser">
    <skipped/>
  </testcase> <!-- tcBOM -->
  <testcase name="tcBOM" time="0.0" classname="com.hasbrop2m.security.BOMExternalMainUser">
    <skipped/>
  </testcase> <!-- tcBOM -->
  <testcase name="tcBOM" time="0.0" classname="com.hasbrop2m.security.BOMExternalMainUser">
    <skipped/>
  </testcase> <!-- tcBOM -->
  <testcase name="tcBOM" time="0.0" classname="com.hasbrop2m.security.BOMExternalMainUser">
    <skipped/>
  </testcase> <!-- tcBOM -->
  <testcase name="tcBOM" time="0.0" classname="com.hasbrop2m.security.BOMExternalMainUser">
    <skipped/>
  </testcase> <!-- tcBOM -->
  <testcase name="tcBOM" time="0.0" classname="com.hasbrop2m.security.BOMExternalMainUser">
    <skipped/>
  </testcase> <!-- tcBOM -->
</testsuite> <!-- BOMExternalMainUser -->
