<?xml version="1.0" encoding="UTF-8"?>
<!-- Generated by org.testng.reporters.JUnitXMLReporter -->
<testsuite hostname="BDC6-LX-723061Y" ignored="0" name="ChangeActivity" tests="100" failures="0" timestamp="10 Sep 2018 07:29:29 GMT" time="0.044" errors="0">
  <testcase name="@BeforeTest checkTestcaseSkip" time="0.001" classname="com.hasbrop2m.security.ChangeActivity">
    <skipped/>
  </testcase> <!-- @BeforeTest checkTestcaseSkip -->
  <testcase name="@AfterMethod reporterdataSetResult" time="0.0" classname="com.hasbrop2m.security.ChangeActivity">
    <skipped/>
  </testcase> <!-- @AfterMethod reporterdataSetResult -->
  <testcase name="@AfterMethod reporterdataSetResult" time="0.0" classname="com.hasbrop2m.security.ChangeActivity">
    <skipped/>
  </testcase> <!-- @AfterMethod reporterdataSetResult -->
  <testcase name="@AfterMethod reporterdataSetResult" time="0.0" classname="com.hasbrop2m.security.ChangeActivity">
    <skipped/>
  </testcase> <!-- @AfterMethod reporterdataSetResult -->
  <testcase name="@AfterMethod reporterdataSetResult" time="0.0" classname="com.hasbrop2m.security.ChangeActivity">
    <skipped/>
  </testcase> <!-- @AfterMethod reporterdataSetResult -->
  <testcase name="@AfterMethod reporterdataSetResult" time="0.0" classname="com.hasbrop2m.security.ChangeActivity">
    <skipped/>
  </testcase> <!-- @AfterMethod reporterdataSetResult -->
  <testcase name="@AfterMethod reporterdataSetResult" time="0.0" classname="com.hasbrop2m.security.ChangeActivity">
    <skipped/>
  </testcase> <!-- @AfterMethod reporterdataSetResult -->
  <testcase name="@AfterMethod reporterdataSetResult" time="0.0" classname="com.hasbrop2m.security.ChangeActivity">
    <skipped/>
  </testcase> <!-- @AfterMethod reporterdataSetResult -->
  <testcase name="@AfterMethod reporterdataSetResult" time="0.0" classname="com.hasbrop2m.security.ChangeActivity">
    <skipped/>
  </testcase> <!-- @AfterMethod reporterdataSetResult -->
  <testcase name="@AfterMethod reporterdataSetResult" time="0.0" classname="com.hasbrop2m.security.ChangeActivity">
    <skipped/>
  </testcase> <!-- @AfterMethod reporterdataSetResult -->
  <testcase name="@AfterMethod reporterdataSetResult" time="0.0" classname="com.hasbrop2m.security.ChangeActivity">
    <skipped/>
  </testcase> <!-- @AfterMethod reporterdataSetResult -->
  <testcase name="@AfterMethod reporterdataSetResult" time="0.0" classname="com.hasbrop2m.security.ChangeActivity">
    <skipped/>
  </testcase> <!-- @AfterMethod reporterdataSetResult -->
  <testcase name="@AfterMethod reporterdataSetResult" time="0.0" classname="com.hasbrop2m.security.ChangeActivity">
    <skipped/>
  </testcase> <!-- @AfterMethod reporterdataSetResult -->
  <testcase name="@AfterMethod reporterdataSetResult" time="0.0" classname="com.hasbrop2m.security.ChangeActivity">
    <skipped/>
  </testcase> <!-- @AfterMethod reporterdataSetResult -->
  <testcase name="@AfterMethod reporterdataSetResult" time="0.0" classname="com.hasbrop2m.security.ChangeActivity">
    <skipped/>
  </testcase> <!-- @AfterMethod reporterdataSetResult -->
  <testcase name="@AfterMethod reporterdataSetResult" time="0.0" classname="com.hasbrop2m.security.ChangeActivity">
    <skipped/>
  </testcase> <!-- @AfterMethod reporterdataSetResult -->
  <testcase name="@AfterMethod reporterdataSetResult" time="0.0" classname="com.hasbrop2m.security.ChangeActivity">
    <skipped/>
  </testcase> <!-- @AfterMethod reporterdataSetResult -->
  <testcase name="@AfterMethod reporterdataSetResult" time="0.0" classname="com.hasbrop2m.security.ChangeActivity">
    <skipped/>
  </testcase> <!-- @AfterMethod reporterdataSetResult -->
  <testcase name="@AfterMethod reporterdataSetResult" time="0.0" classname="com.hasbrop2m.security.ChangeActivity">
    <skipped/>
  </testcase> <!-- @AfterMethod reporterdataSetResult -->
  <testcase name="@AfterMethod reporterdataSetResult" time="0.0" classname="com.hasbrop2m.security.ChangeActivity">
    <skipped/>
  </testcase> <!-- @AfterMethod reporterdataSetResult -->
  <testcase name="@AfterMethod reporterdataSetResult" time="0.0" classname="com.hasbrop2m.security.ChangeActivity">
    <skipped/>
  </testcase> <!-- @AfterMethod reporterdataSetResult -->
  <testcase name="@AfterMethod reporterdataSetResult" time="0.0" classname="com.hasbrop2m.security.ChangeActivity">
    <skipped/>
  </testcase> <!-- @AfterMethod reporterdataSetResult -->
  <testcase name="@AfterMethod reporterdataSetResult" time="0.0" classname="com.hasbrop2m.security.ChangeActivity">
    <skipped/>
  </testcase> <!-- @AfterMethod reporterdataSetResult -->
  <testcase name="@AfterMethod reporterdataSetResult" time="0.0" classname="com.hasbrop2m.security.ChangeActivity">
    <skipped/>
  </testcase> <!-- @AfterMethod reporterdataSetResult -->
  <testcase name="@AfterMethod reporterdataSetResult" time="0.0" classname="com.hasbrop2m.security.ChangeActivity">
    <skipped/>
  </testcase> <!-- @AfterMethod reporterdataSetResult -->
  <testcase name="@AfterMethod reporterdataSetResult" time="0.0" classname="com.hasbrop2m.security.ChangeActivity">
    <skipped/>
  </testcase> <!-- @AfterMethod reporterdataSetResult -->
  <testcase name="@AfterMethod reporterdataSetResult" time="0.0" classname="com.hasbrop2m.security.ChangeActivity">
    <skipped/>
  </testcase> <!-- @AfterMethod reporterdataSetResult -->
  <testcase name="@AfterMethod reporterdataSetResult" time="0.0" classname="com.hasbrop2m.security.ChangeActivity">
    <skipped/>
  </testcase> <!-- @AfterMethod reporterdataSetResult -->
  <testcase name="@AfterMethod reporterdataSetResult" time="0.0" classname="com.hasbrop2m.security.ChangeActivity">
    <skipped/>
  </testcase> <!-- @AfterMethod reporterdataSetResult -->
  <testcase name="@AfterMethod reporterdataSetResult" time="0.0" classname="com.hasbrop2m.security.ChangeActivity">
    <skipped/>
  </testcase> <!-- @AfterMethod reporterdataSetResult -->
  <testcase name="@AfterMethod reporterdataSetResult" time="0.0" classname="com.hasbrop2m.security.ChangeActivity">
    <skipped/>
  </testcase> <!-- @AfterMethod reporterdataSetResult -->
  <testcase name="@AfterMethod reporterdataSetResult" time="0.0" classname="com.hasbrop2m.security.ChangeActivity">
    <skipped/>
  </testcase> <!-- @AfterMethod reporterdataSetResult -->
  <testcase name="@AfterMethod reporterdataSetResult" time="0.0" classname="com.hasbrop2m.security.ChangeActivity">
    <skipped/>
  </testcase> <!-- @AfterMethod reporterdataSetResult -->
  <testcase name="@AfterMethod reporterdataSetResult" time="0.0" classname="com.hasbrop2m.security.ChangeActivity">
    <skipped/>
  </testcase> <!-- @AfterMethod reporterdataSetResult -->
  <testcase name="@AfterMethod reporterdataSetResult" time="0.0" classname="com.hasbrop2m.security.ChangeActivity">
    <skipped/>
  </testcase> <!-- @AfterMethod reporterdataSetResult -->
  <testcase name="@AfterMethod reporterdataSetResult" time="0.0" classname="com.hasbrop2m.security.ChangeActivity">
    <skipped/>
  </testcase> <!-- @AfterMethod reporterdataSetResult -->
  <testcase name="@AfterMethod reporterdataSetResult" time="0.0" classname="com.hasbrop2m.security.ChangeActivity">
    <skipped/>
  </testcase> <!-- @AfterMethod reporterdataSetResult -->
  <testcase name="@AfterMethod reporterdataSetResult" time="0.0" classname="com.hasbrop2m.security.ChangeActivity">
    <skipped/>
  </testcase> <!-- @AfterMethod reporterdataSetResult -->
  <testcase name="@AfterMethod reporterdataSetResult" time="0.0" classname="com.hasbrop2m.security.ChangeActivity">
    <skipped/>
  </testcase> <!-- @AfterMethod reporterdataSetResult -->
  <testcase name="@AfterMethod reporterdataSetResult" time="0.0" classname="com.hasbrop2m.security.ChangeActivity">
    <skipped/>
  </testcase> <!-- @AfterMethod reporterdataSetResult -->
  <testcase name="@AfterMethod reporterdataSetResult" time="0.0" classname="com.hasbrop2m.security.ChangeActivity">
    <skipped/>
  </testcase> <!-- @AfterMethod reporterdataSetResult -->
  <testcase name="@AfterMethod reporterdataSetResult" time="0.0" classname="com.hasbrop2m.security.ChangeActivity">
    <skipped/>
  </testcase> <!-- @AfterMethod reporterdataSetResult -->
  <testcase name="@AfterMethod reporterdataSetResult" time="0.0" classname="com.hasbrop2m.security.ChangeActivity">
    <skipped/>
  </testcase> <!-- @AfterMethod reporterdataSetResult -->
  <testcase name="@AfterMethod reporterdataSetResult" time="0.0" classname="com.hasbrop2m.security.ChangeActivity">
    <skipped/>
  </testcase> <!-- @AfterMethod reporterdataSetResult -->
  <testcase name="@AfterMethod reporterdataSetResult" time="0.0" classname="com.hasbrop2m.security.ChangeActivity">
    <skipped/>
  </testcase> <!-- @AfterMethod reporterdataSetResult -->
  <testcase name="@AfterMethod reporterdataSetResult" time="0.0" classname="com.hasbrop2m.security.ChangeActivity">
    <skipped/>
  </testcase> <!-- @AfterMethod reporterdataSetResult -->
  <testcase name="@AfterMethod reporterdataSetResult" time="0.0" classname="com.hasbrop2m.security.ChangeActivity">
    <skipped/>
  </testcase> <!-- @AfterMethod reporterdataSetResult -->
  <testcase name="@AfterMethod reporterdataSetResult" time="0.0" classname="com.hasbrop2m.security.ChangeActivity">
    <skipped/>
  </testcase> <!-- @AfterMethod reporterdataSetResult -->
  <testcase name="@AfterMethod reporterdataSetResult" time="0.0" classname="com.hasbrop2m.security.ChangeActivity">
    <skipped/>
  </testcase> <!-- @AfterMethod reporterdataSetResult -->
  <testcase name="@AfterMethod reporterdataSetResult" time="0.0" classname="com.hasbrop2m.security.ChangeActivity">
    <skipped/>
  </testcase> <!-- @AfterMethod reporterdataSetResult -->
  <testcase name="@AfterMethod reporterdataSetResult" time="0.0" classname="com.hasbrop2m.security.ChangeActivity">
    <skipped/>
  </testcase> <!-- @AfterMethod reporterdataSetResult -->
  <testcase name="@AfterMethod reporterdataSetResult" time="0.0" classname="com.hasbrop2m.security.ChangeActivity">
    <skipped/>
  </testcase> <!-- @AfterMethod reporterdataSetResult -->
  <testcase name="@AfterMethod reporterdataSetResult" time="0.0" classname="com.hasbrop2m.security.ChangeActivity">
    <skipped/>
  </testcase> <!-- @AfterMethod reporterdataSetResult -->
  <testcase name="@AfterMethod reporterdataSetResult" time="0.0" classname="com.hasbrop2m.security.ChangeActivity">
    <skipped/>
  </testcase> <!-- @AfterMethod reporterdataSetResult -->
  <testcase name="@AfterMethod reporterdataSetResult" time="0.0" classname="com.hasbrop2m.security.ChangeActivity">
    <skipped/>
  </testcase> <!-- @AfterMethod reporterdataSetResult -->
  <testcase name="@AfterMethod reporterdataSetResult" time="0.0" classname="com.hasbrop2m.security.ChangeActivity">
    <skipped/>
  </testcase> <!-- @AfterMethod reporterdataSetResult -->
  <testcase name="@AfterMethod reporterdataSetResult" time="0.0" classname="com.hasbrop2m.security.ChangeActivity">
    <skipped/>
  </testcase> <!-- @AfterMethod reporterdataSetResult -->
  <testcase name="@AfterMethod reporterdataSetResult" time="0.0" classname="com.hasbrop2m.security.ChangeActivity">
    <skipped/>
  </testcase> <!-- @AfterMethod reporterdataSetResult -->
  <testcase name="@AfterMethod reporterdataSetResult" time="0.0" classname="com.hasbrop2m.security.ChangeActivity">
    <skipped/>
  </testcase> <!-- @AfterMethod reporterdataSetResult -->
  <testcase name="@AfterMethod reporterdataSetResult" time="0.0" classname="com.hasbrop2m.security.ChangeActivity">
    <skipped/>
  </testcase> <!-- @AfterMethod reporterdataSetResult -->
  <testcase name="@AfterMethod reporterdataSetResult" time="0.0" classname="com.hasbrop2m.security.ChangeActivity">
    <skipped/>
  </testcase> <!-- @AfterMethod reporterdataSetResult -->
  <testcase name="@AfterMethod reporterdataSetResult" time="0.0" classname="com.hasbrop2m.security.ChangeActivity">
    <skipped/>
  </testcase> <!-- @AfterMethod reporterdataSetResult -->
  <testcase name="@AfterMethod reporterdataSetResult" time="0.0" classname="com.hasbrop2m.security.ChangeActivity">
    <skipped/>
  </testcase> <!-- @AfterMethod reporterdataSetResult -->
  <testcase name="@AfterMethod reporterdataSetResult" time="0.0" classname="com.hasbrop2m.security.ChangeActivity">
    <skipped/>
  </testcase> <!-- @AfterMethod reporterdataSetResult -->
  <testcase name="@AfterMethod reporterdataSetResult" time="0.0" classname="com.hasbrop2m.security.ChangeActivity">
    <skipped/>
  </testcase> <!-- @AfterMethod reporterdataSetResult -->
  <testcase name="@AfterMethod reporterdataSetResult" time="0.0" classname="com.hasbrop2m.security.ChangeActivity">
    <skipped/>
  </testcase> <!-- @AfterMethod reporterdataSetResult -->
  <testcase name="@AfterMethod reporterdataSetResult" time="0.0" classname="com.hasbrop2m.security.ChangeActivity">
    <skipped/>
  </testcase> <!-- @AfterMethod reporterdataSetResult -->
  <testcase name="@AfterMethod reporterdataSetResult" time="0.0" classname="com.hasbrop2m.security.ChangeActivity">
    <skipped/>
  </testcase> <!-- @AfterMethod reporterdataSetResult -->
  <testcase name="@AfterMethod reporterdataSetResult" time="0.0" classname="com.hasbrop2m.security.ChangeActivity">
    <skipped/>
  </testcase> <!-- @AfterMethod reporterdataSetResult -->
  <testcase name="@AfterMethod reporterdataSetResult" time="0.0" classname="com.hasbrop2m.security.ChangeActivity">
    <skipped/>
  </testcase> <!-- @AfterMethod reporterdataSetResult -->
  <testcase name="@AfterMethod reporterdataSetResult" time="0.0" classname="com.hasbrop2m.security.ChangeActivity">
    <skipped/>
  </testcase> <!-- @AfterMethod reporterdataSetResult -->
  <testcase name="@AfterMethod reporterdataSetResult" time="0.0" classname="com.hasbrop2m.security.ChangeActivity">
    <skipped/>
  </testcase> <!-- @AfterMethod reporterdataSetResult -->
  <testcase name="@AfterMethod reporterdataSetResult" time="0.0" classname="com.hasbrop2m.security.ChangeActivity">
    <skipped/>
  </testcase> <!-- @AfterMethod reporterdataSetResult -->
  <testcase name="@AfterMethod reporterdataSetResult" time="0.0" classname="com.hasbrop2m.security.ChangeActivity">
    <skipped/>
  </testcase> <!-- @AfterMethod reporterdataSetResult -->
  <testcase name="@AfterMethod reporterdataSetResult" time="0.0" classname="com.hasbrop2m.security.ChangeActivity">
    <skipped/>
  </testcase> <!-- @AfterMethod reporterdataSetResult -->
  <testcase name="@AfterMethod reporterdataSetResult" time="0.0" classname="com.hasbrop2m.security.ChangeActivity">
    <skipped/>
  </testcase> <!-- @AfterMethod reporterdataSetResult -->
  <testcase name="@AfterMethod reporterdataSetResult" time="0.0" classname="com.hasbrop2m.security.ChangeActivity">
    <skipped/>
  </testcase> <!-- @AfterMethod reporterdataSetResult -->
  <testcase name="@AfterMethod reporterdataSetResult" time="0.0" classname="com.hasbrop2m.security.ChangeActivity">
    <skipped/>
  </testcase> <!-- @AfterMethod reporterdataSetResult -->
  <testcase name="@AfterMethod reporterdataSetResult" time="0.0" classname="com.hasbrop2m.security.ChangeActivity">
    <skipped/>
  </testcase> <!-- @AfterMethod reporterdataSetResult -->
  <testcase name="@AfterMethod reporterdataSetResult" time="0.0" classname="com.hasbrop2m.security.ChangeActivity">
    <skipped/>
  </testcase> <!-- @AfterMethod reporterdataSetResult -->
  <testcase name="@AfterMethod reporterdataSetResult" time="0.0" classname="com.hasbrop2m.security.ChangeActivity">
    <skipped/>
  </testcase> <!-- @AfterMethod reporterdataSetResult -->
  <testcase name="@AfterMethod reporterdataSetResult" time="0.0" classname="com.hasbrop2m.security.ChangeActivity">
    <skipped/>
  </testcase> <!-- @AfterMethod reporterdataSetResult -->
  <testcase name="@AfterMethod reporterdataSetResult" time="0.0" classname="com.hasbrop2m.security.ChangeActivity">
    <skipped/>
  </testcase> <!-- @AfterMethod reporterdataSetResult -->
  <testcase name="@AfterMethod reporterdataSetResult" time="0.0" classname="com.hasbrop2m.security.ChangeActivity">
    <skipped/>
  </testcase> <!-- @AfterMethod reporterdataSetResult -->
  <testcase name="@AfterMethod reporterdataSetResult" time="0.0" classname="com.hasbrop2m.security.ChangeActivity">
    <skipped/>
  </testcase> <!-- @AfterMethod reporterdataSetResult -->
  <testcase name="@AfterMethod reporterdataSetResult" time="0.0" classname="com.hasbrop2m.security.ChangeActivity">
    <skipped/>
  </testcase> <!-- @AfterMethod reporterdataSetResult -->
  <testcase name="@AfterMethod reporterdataSetResult" time="0.0" classname="com.hasbrop2m.security.ChangeActivity">
    <skipped/>
  </testcase> <!-- @AfterMethod reporterdataSetResult -->
  <testcase name="@AfterMethod reporterdataSetResult" time="0.0" classname="com.hasbrop2m.security.ChangeActivity">
    <skipped/>
  </testcase> <!-- @AfterMethod reporterdataSetResult -->
  <testcase name="@AfterMethod reporterdataSetResult" time="0.0" classname="com.hasbrop2m.security.ChangeActivity">
    <skipped/>
  </testcase> <!-- @AfterMethod reporterdataSetResult -->
  <testcase name="@AfterMethod reporterdataSetResult" time="0.0" classname="com.hasbrop2m.security.ChangeActivity">
    <skipped/>
  </testcase> <!-- @AfterMethod reporterdataSetResult -->
  <testcase name="@AfterMethod reporterdataSetResult" time="0.0" classname="com.hasbrop2m.security.ChangeActivity">
    <skipped/>
  </testcase> <!-- @AfterMethod reporterdataSetResult -->
  <testcase name="@AfterMethod reporterdataSetResult" time="0.0" classname="com.hasbrop2m.security.ChangeActivity">
    <skipped/>
  </testcase> <!-- @AfterMethod reporterdataSetResult -->
  <testcase name="@AfterMethod reporterdataSetResult" time="0.0" classname="com.hasbrop2m.security.ChangeActivity">
    <skipped/>
  </testcase> <!-- @AfterMethod reporterdataSetResult -->
  <testcase name="@AfterMethod reporterdataSetResult" time="0.0" classname="com.hasbrop2m.security.ChangeActivity">
    <skipped/>
  </testcase> <!-- @AfterMethod reporterdataSetResult -->
  <testcase name="@AfterMethod reporterdataSetResult" time="0.0" classname="com.hasbrop2m.security.ChangeActivity">
    <skipped/>
  </testcase> <!-- @AfterMethod reporterdataSetResult -->
  <testcase name="@AfterMethod reporterdataSetResult" time="0.0" classname="com.hasbrop2m.security.ChangeActivity">
    <skipped/>
  </testcase> <!-- @AfterMethod reporterdataSetResult -->
  <testcase name="@AfterMethod reporterdataSetResult" time="0.0" classname="com.hasbrop2m.security.ChangeActivity">
    <skipped/>
  </testcase> <!-- @AfterMethod reporterdataSetResult -->
  <testcase name="@AfterMethod reporterdataSetResult" time="0.0" classname="com.hasbrop2m.security.ChangeActivity">
    <skipped/>
  </testcase> <!-- @AfterMethod reporterdataSetResult -->
  <testcase name="@AfterMethod reporterdataSetResult" time="0.0" classname="com.hasbrop2m.security.ChangeActivity">
    <skipped/>
  </testcase> <!-- @AfterMethod reporterdataSetResult -->
  <testcase name="@AfterMethod reporterdataSetResult" time="0.0" classname="com.hasbrop2m.security.ChangeActivity">
    <skipped/>
  </testcase> <!-- @AfterMethod reporterdataSetResult -->
  <testcase name="@AfterMethod reporterdataSetResult" time="0.0" classname="com.hasbrop2m.security.ChangeActivity">
    <skipped/>
  </testcase> <!-- @AfterMethod reporterdataSetResult -->
  <testcase name="@AfterTest reportTestcaseResult" time="0.0" classname="com.hasbrop2m.security.ChangeActivity">
    <skipped/>
  </testcase> <!-- @AfterTest reportTestcaseResult -->
  <testcase name="tcRCA" time="0.0" classname="com.hasbrop2m.security.ChangeActivity">
    <skipped/>
  </testcase> <!-- tcRCA -->
  <testcase name="tcRCA" time="0.0" classname="com.hasbrop2m.security.ChangeActivity">
    <skipped/>
  </testcase> <!-- tcRCA -->
  <testcase name="tcRCA" time="0.0" classname="com.hasbrop2m.security.ChangeActivity">
    <skipped/>
  </testcase> <!-- tcRCA -->
  <testcase name="tcRCA" time="0.0" classname="com.hasbrop2m.security.ChangeActivity">
    <skipped/>
  </testcase> <!-- tcRCA -->
  <testcase name="tcRCA" time="0.0" classname="com.hasbrop2m.security.ChangeActivity">
    <skipped/>
  </testcase> <!-- tcRCA -->
  <testcase name="tcRCA" time="0.0" classname="com.hasbrop2m.security.ChangeActivity">
    <skipped/>
  </testcase> <!-- tcRCA -->
  <testcase name="tcRCA" time="0.0" classname="com.hasbrop2m.security.ChangeActivity">
    <skipped/>
  </testcase> <!-- tcRCA -->
  <testcase name="tcRCA" time="0.0" classname="com.hasbrop2m.security.ChangeActivity">
    <skipped/>
  </testcase> <!-- tcRCA -->
  <testcase name="tcRCA" time="0.0" classname="com.hasbrop2m.security.ChangeActivity">
    <skipped/>
  </testcase> <!-- tcRCA -->
  <testcase name="tcRCA" time="0.0" classname="com.hasbrop2m.security.ChangeActivity">
    <skipped/>
  </testcase> <!-- tcRCA -->
  <testcase name="tcRCA" time="0.0" classname="com.hasbrop2m.security.ChangeActivity">
    <skipped/>
  </testcase> <!-- tcRCA -->
  <testcase name="tcRCA" time="0.0" classname="com.hasbrop2m.security.ChangeActivity">
    <skipped/>
  </testcase> <!-- tcRCA -->
  <testcase name="tcRCA" time="0.0" classname="com.hasbrop2m.security.ChangeActivity">
    <skipped/>
  </testcase> <!-- tcRCA -->
  <testcase name="tcRCA" time="0.0" classname="com.hasbrop2m.security.ChangeActivity">
    <skipped/>
  </testcase> <!-- tcRCA -->
  <testcase name="tcRCA" time="0.0" classname="com.hasbrop2m.security.ChangeActivity">
    <skipped/>
  </testcase> <!-- tcRCA -->
  <testcase name="tcRCA" time="0.0" classname="com.hasbrop2m.security.ChangeActivity">
    <skipped/>
  </testcase> <!-- tcRCA -->
  <testcase name="tcRCA" time="0.0" classname="com.hasbrop2m.security.ChangeActivity">
    <skipped/>
  </testcase> <!-- tcRCA -->
  <testcase name="tcRCA" time="0.0" classname="com.hasbrop2m.security.ChangeActivity">
    <skipped/>
  </testcase> <!-- tcRCA -->
  <testcase name="tcRCA" time="0.0" classname="com.hasbrop2m.security.ChangeActivity">
    <skipped/>
  </testcase> <!-- tcRCA -->
  <testcase name="tcRCA" time="0.0" classname="com.hasbrop2m.security.ChangeActivity">
    <skipped/>
  </testcase> <!-- tcRCA -->
  <testcase name="tcRCA" time="0.0" classname="com.hasbrop2m.security.ChangeActivity">
    <skipped/>
  </testcase> <!-- tcRCA -->
  <testcase name="tcRCA" time="0.0" classname="com.hasbrop2m.security.ChangeActivity">
    <skipped/>
  </testcase> <!-- tcRCA -->
  <testcase name="tcRCA" time="0.0" classname="com.hasbrop2m.security.ChangeActivity">
    <skipped/>
  </testcase> <!-- tcRCA -->
  <testcase name="tcRCA" time="0.0" classname="com.hasbrop2m.security.ChangeActivity">
    <skipped/>
  </testcase> <!-- tcRCA -->
  <testcase name="tcRCA" time="0.0" classname="com.hasbrop2m.security.ChangeActivity">
    <skipped/>
  </testcase> <!-- tcRCA -->
  <testcase name="tcRCA" time="0.0" classname="com.hasbrop2m.security.ChangeActivity">
    <skipped/>
  </testcase> <!-- tcRCA -->
  <testcase name="tcRCA" time="0.0" classname="com.hasbrop2m.security.ChangeActivity">
    <skipped/>
  </testcase> <!-- tcRCA -->
  <testcase name="tcRCA" time="0.0" classname="com.hasbrop2m.security.ChangeActivity">
    <skipped/>
  </testcase> <!-- tcRCA -->
  <testcase name="tcRCA" time="0.0" classname="com.hasbrop2m.security.ChangeActivity">
    <skipped/>
  </testcase> <!-- tcRCA -->
  <testcase name="tcRCA" time="0.0" classname="com.hasbrop2m.security.ChangeActivity">
    <skipped/>
  </testcase> <!-- tcRCA -->
  <testcase name="tcRCA" time="0.0" classname="com.hasbrop2m.security.ChangeActivity">
    <skipped/>
  </testcase> <!-- tcRCA -->
  <testcase name="tcRCA" time="0.0" classname="com.hasbrop2m.security.ChangeActivity">
    <skipped/>
  </testcase> <!-- tcRCA -->
  <testcase name="tcRCA" time="0.0" classname="com.hasbrop2m.security.ChangeActivity">
    <skipped/>
  </testcase> <!-- tcRCA -->
  <testcase name="tcRCA" time="0.0" classname="com.hasbrop2m.security.ChangeActivity">
    <skipped/>
  </testcase> <!-- tcRCA -->
  <testcase name="tcRCA" time="0.0" classname="com.hasbrop2m.security.ChangeActivity">
    <skipped/>
  </testcase> <!-- tcRCA -->
  <testcase name="tcRCA" time="0.0" classname="com.hasbrop2m.security.ChangeActivity">
    <skipped/>
  </testcase> <!-- tcRCA -->
  <testcase name="tcRCA" time="0.0" classname="com.hasbrop2m.security.ChangeActivity">
    <skipped/>
  </testcase> <!-- tcRCA -->
  <testcase name="tcRCA" time="0.0" classname="com.hasbrop2m.security.ChangeActivity">
    <skipped/>
  </testcase> <!-- tcRCA -->
  <testcase name="tcRCA" time="0.0" classname="com.hasbrop2m.security.ChangeActivity">
    <skipped/>
  </testcase> <!-- tcRCA -->
  <testcase name="tcRCA" time="0.0" classname="com.hasbrop2m.security.ChangeActivity">
    <skipped/>
  </testcase> <!-- tcRCA -->
  <testcase name="tcRCA" time="0.0" classname="com.hasbrop2m.security.ChangeActivity">
    <skipped/>
  </testcase> <!-- tcRCA -->
  <testcase name="tcRCA" time="0.0" classname="com.hasbrop2m.security.ChangeActivity">
    <skipped/>
  </testcase> <!-- tcRCA -->
  <testcase name="tcRCA" time="0.0" classname="com.hasbrop2m.security.ChangeActivity">
    <skipped/>
  </testcase> <!-- tcRCA -->
  <testcase name="tcRCA" time="0.0" classname="com.hasbrop2m.security.ChangeActivity">
    <skipped/>
  </testcase> <!-- tcRCA -->
  <testcase name="tcRCA" time="0.0" classname="com.hasbrop2m.security.ChangeActivity">
    <skipped/>
  </testcase> <!-- tcRCA -->
  <testcase name="tcRCA" time="0.0" classname="com.hasbrop2m.security.ChangeActivity">
    <skipped/>
  </testcase> <!-- tcRCA -->
  <testcase name="tcRCA" time="0.0" classname="com.hasbrop2m.security.ChangeActivity">
    <skipped/>
  </testcase> <!-- tcRCA -->
  <testcase name="tcRCA" time="0.0" classname="com.hasbrop2m.security.ChangeActivity">
    <skipped/>
  </testcase> <!-- tcRCA -->
  <testcase name="tcRCA" time="0.0" classname="com.hasbrop2m.security.ChangeActivity">
    <skipped/>
  </testcase> <!-- tcRCA -->
  <testcase name="tcRCA" time="0.0" classname="com.hasbrop2m.security.ChangeActivity">
    <skipped/>
  </testcase> <!-- tcRCA -->
  <testcase name="tcRCA" time="0.0" classname="com.hasbrop2m.security.ChangeActivity">
    <skipped/>
  </testcase> <!-- tcRCA -->
  <testcase name="tcRCA" time="0.0" classname="com.hasbrop2m.security.ChangeActivity">
    <skipped/>
  </testcase> <!-- tcRCA -->
  <testcase name="tcRCA" time="0.0" classname="com.hasbrop2m.security.ChangeActivity">
    <skipped/>
  </testcase> <!-- tcRCA -->
  <testcase name="tcRCA" time="0.0" classname="com.hasbrop2m.security.ChangeActivity">
    <skipped/>
  </testcase> <!-- tcRCA -->
  <testcase name="tcRCA" time="0.0" classname="com.hasbrop2m.security.ChangeActivity">
    <skipped/>
  </testcase> <!-- tcRCA -->
  <testcase name="tcRCA" time="0.0" classname="com.hasbrop2m.security.ChangeActivity">
    <skipped/>
  </testcase> <!-- tcRCA -->
  <testcase name="tcRCA" time="0.0" classname="com.hasbrop2m.security.ChangeActivity">
    <skipped/>
  </testcase> <!-- tcRCA -->
  <testcase name="tcRCA" time="0.0" classname="com.hasbrop2m.security.ChangeActivity">
    <skipped/>
  </testcase> <!-- tcRCA -->
  <testcase name="tcRCA" time="0.0" classname="com.hasbrop2m.security.ChangeActivity">
    <skipped/>
  </testcase> <!-- tcRCA -->
  <testcase name="tcRCA" time="0.0" classname="com.hasbrop2m.security.ChangeActivity">
    <skipped/>
  </testcase> <!-- tcRCA -->
  <testcase name="tcRCA" time="0.0" classname="com.hasbrop2m.security.ChangeActivity">
    <skipped/>
  </testcase> <!-- tcRCA -->
  <testcase name="tcRCA" time="0.0" classname="com.hasbrop2m.security.ChangeActivity">
    <skipped/>
  </testcase> <!-- tcRCA -->
  <testcase name="tcRCA" time="0.0" classname="com.hasbrop2m.security.ChangeActivity">
    <skipped/>
  </testcase> <!-- tcRCA -->
  <testcase name="tcRCA" time="0.0" classname="com.hasbrop2m.security.ChangeActivity">
    <skipped/>
  </testcase> <!-- tcRCA -->
  <testcase name="tcRCA" time="0.0" classname="com.hasbrop2m.security.ChangeActivity">
    <skipped/>
  </testcase> <!-- tcRCA -->
  <testcase name="tcRCA" time="0.0" classname="com.hasbrop2m.security.ChangeActivity">
    <skipped/>
  </testcase> <!-- tcRCA -->
  <testcase name="tcRCA" time="0.0" classname="com.hasbrop2m.security.ChangeActivity">
    <skipped/>
  </testcase> <!-- tcRCA -->
  <testcase name="tcRCA" time="0.0" classname="com.hasbrop2m.security.ChangeActivity">
    <skipped/>
  </testcase> <!-- tcRCA -->
  <testcase name="tcRCA" time="0.0" classname="com.hasbrop2m.security.ChangeActivity">
    <skipped/>
  </testcase> <!-- tcRCA -->
  <testcase name="tcRCA" time="0.0" classname="com.hasbrop2m.security.ChangeActivity">
    <skipped/>
  </testcase> <!-- tcRCA -->
  <testcase name="tcRCA" time="0.0" classname="com.hasbrop2m.security.ChangeActivity">
    <skipped/>
  </testcase> <!-- tcRCA -->
  <testcase name="tcRCA" time="0.0" classname="com.hasbrop2m.security.ChangeActivity">
    <skipped/>
  </testcase> <!-- tcRCA -->
  <testcase name="tcRCA" time="0.0" classname="com.hasbrop2m.security.ChangeActivity">
    <skipped/>
  </testcase> <!-- tcRCA -->
  <testcase name="tcRCA" time="0.0" classname="com.hasbrop2m.security.ChangeActivity">
    <skipped/>
  </testcase> <!-- tcRCA -->
  <testcase name="tcRCA" time="0.0" classname="com.hasbrop2m.security.ChangeActivity">
    <skipped/>
  </testcase> <!-- tcRCA -->
  <testcase name="tcRCA" time="0.0" classname="com.hasbrop2m.security.ChangeActivity">
    <skipped/>
  </testcase> <!-- tcRCA -->
  <testcase name="tcRCA" time="0.0" classname="com.hasbrop2m.security.ChangeActivity">
    <skipped/>
  </testcase> <!-- tcRCA -->
  <testcase name="tcRCA" time="0.0" classname="com.hasbrop2m.security.ChangeActivity">
    <skipped/>
  </testcase> <!-- tcRCA -->
  <testcase name="tcRCA" time="0.0" classname="com.hasbrop2m.security.ChangeActivity">
    <skipped/>
  </testcase> <!-- tcRCA -->
  <testcase name="tcRCA" time="0.0" classname="com.hasbrop2m.security.ChangeActivity">
    <skipped/>
  </testcase> <!-- tcRCA -->
  <testcase name="tcRCA" time="0.0" classname="com.hasbrop2m.security.ChangeActivity">
    <skipped/>
  </testcase> <!-- tcRCA -->
  <testcase name="tcRCA" time="0.0" classname="com.hasbrop2m.security.ChangeActivity">
    <skipped/>
  </testcase> <!-- tcRCA -->
  <testcase name="tcRCA" time="0.0" classname="com.hasbrop2m.security.ChangeActivity">
    <skipped/>
  </testcase> <!-- tcRCA -->
  <testcase name="tcRCA" time="0.0" classname="com.hasbrop2m.security.ChangeActivity">
    <skipped/>
  </testcase> <!-- tcRCA -->
  <testcase name="tcRCA" time="0.0" classname="com.hasbrop2m.security.ChangeActivity">
    <skipped/>
  </testcase> <!-- tcRCA -->
  <testcase name="tcRCA" time="0.0" classname="com.hasbrop2m.security.ChangeActivity">
    <skipped/>
  </testcase> <!-- tcRCA -->
  <testcase name="tcRCA" time="0.0" classname="com.hasbrop2m.security.ChangeActivity">
    <skipped/>
  </testcase> <!-- tcRCA -->
  <testcase name="tcRCA" time="0.0" classname="com.hasbrop2m.security.ChangeActivity">
    <skipped/>
  </testcase> <!-- tcRCA -->
  <testcase name="tcRCA" time="0.0" classname="com.hasbrop2m.security.ChangeActivity">
    <skipped/>
  </testcase> <!-- tcRCA -->
  <testcase name="tcRCA" time="0.0" classname="com.hasbrop2m.security.ChangeActivity">
    <skipped/>
  </testcase> <!-- tcRCA -->
  <testcase name="tcRCA" time="0.0" classname="com.hasbrop2m.security.ChangeActivity">
    <skipped/>
  </testcase> <!-- tcRCA -->
  <testcase name="tcRCA" time="0.0" classname="com.hasbrop2m.security.ChangeActivity">
    <skipped/>
  </testcase> <!-- tcRCA -->
  <testcase name="tcRCA" time="0.0" classname="com.hasbrop2m.security.ChangeActivity">
    <skipped/>
  </testcase> <!-- tcRCA -->
  <testcase name="tcRCA" time="0.0" classname="com.hasbrop2m.security.ChangeActivity">
    <skipped/>
  </testcase> <!-- tcRCA -->
  <testcase name="tcRCA" time="0.0" classname="com.hasbrop2m.security.ChangeActivity">
    <skipped/>
  </testcase> <!-- tcRCA -->
  <testcase name="tcRCA" time="0.0" classname="com.hasbrop2m.security.ChangeActivity">
    <skipped/>
  </testcase> <!-- tcRCA -->
  <testcase name="tcRCA" time="0.0" classname="com.hasbrop2m.security.ChangeActivity">
    <skipped/>
  </testcase> <!-- tcRCA -->
  <testcase name="tcRCA" time="0.0" classname="com.hasbrop2m.security.ChangeActivity">
    <skipped/>
  </testcase> <!-- tcRCA -->
  <testcase name="tcRCA" time="0.0" classname="com.hasbrop2m.security.ChangeActivity">
    <skipped/>
  </testcase> <!-- tcRCA -->
  <testcase name="tcRCA" time="0.0" classname="com.hasbrop2m.security.ChangeActivity">
    <skipped/>
  </testcase> <!-- tcRCA -->
</testsuite> <!-- ChangeActivity -->
