<?xml version="1.0" encoding="UTF-8"?>
<!-- Generated by org.testng.reporters.JUnitXMLReporter -->
<testsuite hostname="BDC6-LX-723061Y" ignored="0" name="CSVendorRetailToolingMainUser" tests="513" failures="0" timestamp="10 Sep 2018 07:29:18 GMT" time="1.937" errors="0">
  <testcase name="@BeforeTest checkTestcaseSkip" time="0.002" classname="com.hasbrop2m.security.CSVendorRetailToolingMainUser">
    <skipped/>
  </testcase> <!-- @BeforeTest checkTestcaseSkip -->
  <testcase name="@AfterMethod reporterdataSetResult" time="0.0" classname="com.hasbrop2m.security.CSVendorRetailToolingMainUser">
    <skipped/>
  </testcase> <!-- @AfterMethod reporterdataSetResult -->
  <testcase name="@AfterMethod reporterdataSetResult" time="0.0" classname="com.hasbrop2m.security.CSVendorRetailToolingMainUser">
    <skipped/>
  </testcase> <!-- @AfterMethod reporterdataSetResult -->
  <testcase name="@AfterMethod reporterdataSetResult" time="0.0" classname="com.hasbrop2m.security.CSVendorRetailToolingMainUser">
    <skipped/>
  </testcase> <!-- @AfterMethod reporterdataSetResult -->
  <testcase name="@AfterMethod reporterdataSetResult" time="0.0" classname="com.hasbrop2m.security.CSVendorRetailToolingMainUser">
    <skipped/>
  </testcase> <!-- @AfterMethod reporterdataSetResult -->
  <testcase name="@AfterMethod reporterdataSetResult" time="0.0" classname="com.hasbrop2m.security.CSVendorRetailToolingMainUser">
    <skipped/>
  </testcase> <!-- @AfterMethod reporterdataSetResult -->
  <testcase name="@AfterMethod reporterdataSetResult" time="0.0" classname="com.hasbrop2m.security.CSVendorRetailToolingMainUser">
    <skipped/>
  </testcase> <!-- @AfterMethod reporterdataSetResult -->
  <testcase name="@AfterMethod reporterdataSetResult" time="0.0" classname="com.hasbrop2m.security.CSVendorRetailToolingMainUser">
    <skipped/>
  </testcase> <!-- @AfterMethod reporterdataSetResult -->
  <testcase name="@AfterMethod reporterdataSetResult" time="0.0" classname="com.hasbrop2m.security.CSVendorRetailToolingMainUser">
    <skipped/>
  </testcase> <!-- @AfterMethod reporterdataSetResult -->
  <testcase name="@AfterMethod reporterdataSetResult" time="0.0" classname="com.hasbrop2m.security.CSVendorRetailToolingMainUser">
    <skipped/>
  </testcase> <!-- @AfterMethod reporterdataSetResult -->
  <testcase name="@AfterMethod reporterdataSetResult" time="0.0" classname="com.hasbrop2m.security.CSVendorRetailToolingMainUser">
    <skipped/>
  </testcase> <!-- @AfterMethod reporterdataSetResult -->
  <testcase name="@AfterMethod reporterdataSetResult" time="0.0" classname="com.hasbrop2m.security.CSVendorRetailToolingMainUser">
    <skipped/>
  </testcase> <!-- @AfterMethod reporterdataSetResult -->
  <testcase name="@AfterMethod reporterdataSetResult" time="0.0" classname="com.hasbrop2m.security.CSVendorRetailToolingMainUser">
    <skipped/>
  </testcase> <!-- @AfterMethod reporterdataSetResult -->
  <testcase name="@AfterMethod reporterdataSetResult" time="0.0" classname="com.hasbrop2m.security.CSVendorRetailToolingMainUser">
    <skipped/>
  </testcase> <!-- @AfterMethod reporterdataSetResult -->
  <testcase name="@AfterMethod reporterdataSetResult" time="0.0" classname="com.hasbrop2m.security.CSVendorRetailToolingMainUser">
    <skipped/>
  </testcase> <!-- @AfterMethod reporterdataSetResult -->
  <testcase name="@AfterMethod reporterdataSetResult" time="0.0" classname="com.hasbrop2m.security.CSVendorRetailToolingMainUser">
    <skipped/>
  </testcase> <!-- @AfterMethod reporterdataSetResult -->
  <testcase name="@AfterMethod reporterdataSetResult" time="0.0" classname="com.hasbrop2m.security.CSVendorRetailToolingMainUser">
    <skipped/>
  </testcase> <!-- @AfterMethod reporterdataSetResult -->
  <testcase name="@AfterMethod reporterdataSetResult" time="0.0" classname="com.hasbrop2m.security.CSVendorRetailToolingMainUser">
    <skipped/>
  </testcase> <!-- @AfterMethod reporterdataSetResult -->
  <testcase name="@AfterMethod reporterdataSetResult" time="0.0" classname="com.hasbrop2m.security.CSVendorRetailToolingMainUser">
    <skipped/>
  </testcase> <!-- @AfterMethod reporterdataSetResult -->
  <testcase name="@AfterMethod reporterdataSetResult" time="0.0" classname="com.hasbrop2m.security.CSVendorRetailToolingMainUser">
    <skipped/>
  </testcase> <!-- @AfterMethod reporterdataSetResult -->
  <testcase name="@AfterMethod reporterdataSetResult" time="0.0" classname="com.hasbrop2m.security.CSVendorRetailToolingMainUser">
    <skipped/>
  </testcase> <!-- @AfterMethod reporterdataSetResult -->
  <testcase name="@AfterMethod reporterdataSetResult" time="0.0" classname="com.hasbrop2m.security.CSVendorRetailToolingMainUser">
    <skipped/>
  </testcase> <!-- @AfterMethod reporterdataSetResult -->
  <testcase name="@AfterMethod reporterdataSetResult" time="0.0" classname="com.hasbrop2m.security.CSVendorRetailToolingMainUser">
    <skipped/>
  </testcase> <!-- @AfterMethod reporterdataSetResult -->
  <testcase name="@AfterMethod reporterdataSetResult" time="0.0" classname="com.hasbrop2m.security.CSVendorRetailToolingMainUser">
    <skipped/>
  </testcase> <!-- @AfterMethod reporterdataSetResult -->
  <testcase name="@AfterMethod reporterdataSetResult" time="0.0" classname="com.hasbrop2m.security.CSVendorRetailToolingMainUser">
    <skipped/>
  </testcase> <!-- @AfterMethod reporterdataSetResult -->
  <testcase name="@AfterMethod reporterdataSetResult" time="0.0" classname="com.hasbrop2m.security.CSVendorRetailToolingMainUser">
    <skipped/>
  </testcase> <!-- @AfterMethod reporterdataSetResult -->
  <testcase name="@AfterMethod reporterdataSetResult" time="0.0" classname="com.hasbrop2m.security.CSVendorRetailToolingMainUser">
    <skipped/>
  </testcase> <!-- @AfterMethod reporterdataSetResult -->
  <testcase name="@AfterMethod reporterdataSetResult" time="0.0" classname="com.hasbrop2m.security.CSVendorRetailToolingMainUser">
    <skipped/>
  </testcase> <!-- @AfterMethod reporterdataSetResult -->
  <testcase name="@AfterMethod reporterdataSetResult" time="0.0" classname="com.hasbrop2m.security.CSVendorRetailToolingMainUser">
    <skipped/>
  </testcase> <!-- @AfterMethod reporterdataSetResult -->
  <testcase name="@AfterMethod reporterdataSetResult" time="0.0" classname="com.hasbrop2m.security.CSVendorRetailToolingMainUser">
    <skipped/>
  </testcase> <!-- @AfterMethod reporterdataSetResult -->
  <testcase name="@AfterMethod reporterdataSetResult" time="0.0" classname="com.hasbrop2m.security.CSVendorRetailToolingMainUser">
    <skipped/>
  </testcase> <!-- @AfterMethod reporterdataSetResult -->
  <testcase name="@AfterMethod reporterdataSetResult" time="0.0" classname="com.hasbrop2m.security.CSVendorRetailToolingMainUser">
    <skipped/>
  </testcase> <!-- @AfterMethod reporterdataSetResult -->
  <testcase name="@AfterMethod reporterdataSetResult" time="0.0" classname="com.hasbrop2m.security.CSVendorRetailToolingMainUser">
    <skipped/>
  </testcase> <!-- @AfterMethod reporterdataSetResult -->
  <testcase name="@AfterMethod reporterdataSetResult" time="0.0" classname="com.hasbrop2m.security.CSVendorRetailToolingMainUser">
    <skipped/>
  </testcase> <!-- @AfterMethod reporterdataSetResult -->
  <testcase name="@AfterMethod reporterdataSetResult" time="0.0" classname="com.hasbrop2m.security.CSVendorRetailToolingMainUser">
    <skipped/>
  </testcase> <!-- @AfterMethod reporterdataSetResult -->
  <testcase name="@AfterMethod reporterdataSetResult" time="0.0" classname="com.hasbrop2m.security.CSVendorRetailToolingMainUser">
    <skipped/>
  </testcase> <!-- @AfterMethod reporterdataSetResult -->
  <testcase name="@AfterMethod reporterdataSetResult" time="0.0" classname="com.hasbrop2m.security.CSVendorRetailToolingMainUser">
    <skipped/>
  </testcase> <!-- @AfterMethod reporterdataSetResult -->
  <testcase name="@AfterMethod reporterdataSetResult" time="0.0" classname="com.hasbrop2m.security.CSVendorRetailToolingMainUser">
    <skipped/>
  </testcase> <!-- @AfterMethod reporterdataSetResult -->
  <testcase name="@AfterMethod reporterdataSetResult" time="0.0" classname="com.hasbrop2m.security.CSVendorRetailToolingMainUser">
    <skipped/>
  </testcase> <!-- @AfterMethod reporterdataSetResult -->
  <testcase name="@AfterMethod reporterdataSetResult" time="0.0" classname="com.hasbrop2m.security.CSVendorRetailToolingMainUser">
    <skipped/>
  </testcase> <!-- @AfterMethod reporterdataSetResult -->
  <testcase name="@AfterMethod reporterdataSetResult" time="0.0" classname="com.hasbrop2m.security.CSVendorRetailToolingMainUser">
    <skipped/>
  </testcase> <!-- @AfterMethod reporterdataSetResult -->
  <testcase name="@AfterMethod reporterdataSetResult" time="0.0" classname="com.hasbrop2m.security.CSVendorRetailToolingMainUser">
    <skipped/>
  </testcase> <!-- @AfterMethod reporterdataSetResult -->
  <testcase name="@AfterMethod reporterdataSetResult" time="0.0" classname="com.hasbrop2m.security.CSVendorRetailToolingMainUser">
    <skipped/>
  </testcase> <!-- @AfterMethod reporterdataSetResult -->
  <testcase name="@AfterMethod reporterdataSetResult" time="0.0" classname="com.hasbrop2m.security.CSVendorRetailToolingMainUser">
    <skipped/>
  </testcase> <!-- @AfterMethod reporterdataSetResult -->
  <testcase name="@AfterMethod reporterdataSetResult" time="0.0" classname="com.hasbrop2m.security.CSVendorRetailToolingMainUser">
    <skipped/>
  </testcase> <!-- @AfterMethod reporterdataSetResult -->
  <testcase name="@AfterMethod reporterdataSetResult" time="0.0" classname="com.hasbrop2m.security.CSVendorRetailToolingMainUser">
    <skipped/>
  </testcase> <!-- @AfterMethod reporterdataSetResult -->
  <testcase name="@AfterMethod reporterdataSetResult" time="0.0" classname="com.hasbrop2m.security.CSVendorRetailToolingMainUser">
    <skipped/>
  </testcase> <!-- @AfterMethod reporterdataSetResult -->
  <testcase name="@AfterMethod reporterdataSetResult" time="0.0" classname="com.hasbrop2m.security.CSVendorRetailToolingMainUser">
    <skipped/>
  </testcase> <!-- @AfterMethod reporterdataSetResult -->
  <testcase name="@AfterMethod reporterdataSetResult" time="0.0" classname="com.hasbrop2m.security.CSVendorRetailToolingMainUser">
    <skipped/>
  </testcase> <!-- @AfterMethod reporterdataSetResult -->
  <testcase name="@AfterMethod reporterdataSetResult" time="0.0" classname="com.hasbrop2m.security.CSVendorRetailToolingMainUser">
    <skipped/>
  </testcase> <!-- @AfterMethod reporterdataSetResult -->
  <testcase name="@AfterMethod reporterdataSetResult" time="0.0" classname="com.hasbrop2m.security.CSVendorRetailToolingMainUser">
    <skipped/>
  </testcase> <!-- @AfterMethod reporterdataSetResult -->
  <testcase name="@AfterMethod reporterdataSetResult" time="0.0" classname="com.hasbrop2m.security.CSVendorRetailToolingMainUser">
    <skipped/>
  </testcase> <!-- @AfterMethod reporterdataSetResult -->
  <testcase name="@AfterMethod reporterdataSetResult" time="0.0" classname="com.hasbrop2m.security.CSVendorRetailToolingMainUser">
    <skipped/>
  </testcase> <!-- @AfterMethod reporterdataSetResult -->
  <testcase name="@AfterMethod reporterdataSetResult" time="0.0" classname="com.hasbrop2m.security.CSVendorRetailToolingMainUser">
    <skipped/>
  </testcase> <!-- @AfterMethod reporterdataSetResult -->
  <testcase name="@AfterMethod reporterdataSetResult" time="0.0" classname="com.hasbrop2m.security.CSVendorRetailToolingMainUser">
    <skipped/>
  </testcase> <!-- @AfterMethod reporterdataSetResult -->
  <testcase name="@AfterMethod reporterdataSetResult" time="0.0" classname="com.hasbrop2m.security.CSVendorRetailToolingMainUser">
    <skipped/>
  </testcase> <!-- @AfterMethod reporterdataSetResult -->
  <testcase name="@AfterMethod reporterdataSetResult" time="0.0" classname="com.hasbrop2m.security.CSVendorRetailToolingMainUser">
    <skipped/>
  </testcase> <!-- @AfterMethod reporterdataSetResult -->
  <testcase name="@AfterMethod reporterdataSetResult" time="0.0" classname="com.hasbrop2m.security.CSVendorRetailToolingMainUser">
    <skipped/>
  </testcase> <!-- @AfterMethod reporterdataSetResult -->
  <testcase name="@AfterMethod reporterdataSetResult" time="0.0" classname="com.hasbrop2m.security.CSVendorRetailToolingMainUser">
    <skipped/>
  </testcase> <!-- @AfterMethod reporterdataSetResult -->
  <testcase name="@AfterMethod reporterdataSetResult" time="0.0" classname="com.hasbrop2m.security.CSVendorRetailToolingMainUser">
    <skipped/>
  </testcase> <!-- @AfterMethod reporterdataSetResult -->
  <testcase name="@AfterMethod reporterdataSetResult" time="0.0" classname="com.hasbrop2m.security.CSVendorRetailToolingMainUser">
    <skipped/>
  </testcase> <!-- @AfterMethod reporterdataSetResult -->
  <testcase name="@AfterMethod reporterdataSetResult" time="0.0" classname="com.hasbrop2m.security.CSVendorRetailToolingMainUser">
    <skipped/>
  </testcase> <!-- @AfterMethod reporterdataSetResult -->
  <testcase name="@AfterMethod reporterdataSetResult" time="0.0" classname="com.hasbrop2m.security.CSVendorRetailToolingMainUser">
    <skipped/>
  </testcase> <!-- @AfterMethod reporterdataSetResult -->
  <testcase name="@AfterMethod reporterdataSetResult" time="0.0" classname="com.hasbrop2m.security.CSVendorRetailToolingMainUser">
    <skipped/>
  </testcase> <!-- @AfterMethod reporterdataSetResult -->
  <testcase name="@AfterMethod reporterdataSetResult" time="0.0" classname="com.hasbrop2m.security.CSVendorRetailToolingMainUser">
    <skipped/>
  </testcase> <!-- @AfterMethod reporterdataSetResult -->
  <testcase name="@AfterMethod reporterdataSetResult" time="0.0" classname="com.hasbrop2m.security.CSVendorRetailToolingMainUser">
    <skipped/>
  </testcase> <!-- @AfterMethod reporterdataSetResult -->
  <testcase name="@AfterMethod reporterdataSetResult" time="0.0" classname="com.hasbrop2m.security.CSVendorRetailToolingMainUser">
    <skipped/>
  </testcase> <!-- @AfterMethod reporterdataSetResult -->
  <testcase name="@AfterMethod reporterdataSetResult" time="0.0" classname="com.hasbrop2m.security.CSVendorRetailToolingMainUser">
    <skipped/>
  </testcase> <!-- @AfterMethod reporterdataSetResult -->
  <testcase name="@AfterMethod reporterdataSetResult" time="0.0" classname="com.hasbrop2m.security.CSVendorRetailToolingMainUser">
    <skipped/>
  </testcase> <!-- @AfterMethod reporterdataSetResult -->
  <testcase name="@AfterMethod reporterdataSetResult" time="0.0" classname="com.hasbrop2m.security.CSVendorRetailToolingMainUser">
    <skipped/>
  </testcase> <!-- @AfterMethod reporterdataSetResult -->
  <testcase name="@AfterMethod reporterdataSetResult" time="0.0" classname="com.hasbrop2m.security.CSVendorRetailToolingMainUser">
    <skipped/>
  </testcase> <!-- @AfterMethod reporterdataSetResult -->
  <testcase name="@AfterMethod reporterdataSetResult" time="0.0" classname="com.hasbrop2m.security.CSVendorRetailToolingMainUser">
    <skipped/>
  </testcase> <!-- @AfterMethod reporterdataSetResult -->
  <testcase name="@AfterMethod reporterdataSetResult" time="0.0" classname="com.hasbrop2m.security.CSVendorRetailToolingMainUser">
    <skipped/>
  </testcase> <!-- @AfterMethod reporterdataSetResult -->
  <testcase name="@AfterMethod reporterdataSetResult" time="0.0" classname="com.hasbrop2m.security.CSVendorRetailToolingMainUser">
    <skipped/>
  </testcase> <!-- @AfterMethod reporterdataSetResult -->
  <testcase name="@AfterMethod reporterdataSetResult" time="0.0" classname="com.hasbrop2m.security.CSVendorRetailToolingMainUser">
    <skipped/>
  </testcase> <!-- @AfterMethod reporterdataSetResult -->
  <testcase name="@AfterMethod reporterdataSetResult" time="0.0" classname="com.hasbrop2m.security.CSVendorRetailToolingMainUser">
    <skipped/>
  </testcase> <!-- @AfterMethod reporterdataSetResult -->
  <testcase name="@AfterMethod reporterdataSetResult" time="0.0" classname="com.hasbrop2m.security.CSVendorRetailToolingMainUser">
    <skipped/>
  </testcase> <!-- @AfterMethod reporterdataSetResult -->
  <testcase name="@AfterMethod reporterdataSetResult" time="0.0" classname="com.hasbrop2m.security.CSVendorRetailToolingMainUser">
    <skipped/>
  </testcase> <!-- @AfterMethod reporterdataSetResult -->
  <testcase name="@AfterMethod reporterdataSetResult" time="0.0" classname="com.hasbrop2m.security.CSVendorRetailToolingMainUser">
    <skipped/>
  </testcase> <!-- @AfterMethod reporterdataSetResult -->
  <testcase name="@AfterMethod reporterdataSetResult" time="0.0" classname="com.hasbrop2m.security.CSVendorRetailToolingMainUser">
    <skipped/>
  </testcase> <!-- @AfterMethod reporterdataSetResult -->
  <testcase name="@AfterMethod reporterdataSetResult" time="0.0" classname="com.hasbrop2m.security.CSVendorRetailToolingMainUser">
    <skipped/>
  </testcase> <!-- @AfterMethod reporterdataSetResult -->
  <testcase name="@AfterMethod reporterdataSetResult" time="0.0" classname="com.hasbrop2m.security.CSVendorRetailToolingMainUser">
    <skipped/>
  </testcase> <!-- @AfterMethod reporterdataSetResult -->
  <testcase name="@AfterMethod reporterdataSetResult" time="0.0" classname="com.hasbrop2m.security.CSVendorRetailToolingMainUser">
    <skipped/>
  </testcase> <!-- @AfterMethod reporterdataSetResult -->
  <testcase name="@AfterMethod reporterdataSetResult" time="0.0" classname="com.hasbrop2m.security.CSVendorRetailToolingMainUser">
    <skipped/>
  </testcase> <!-- @AfterMethod reporterdataSetResult -->
  <testcase name="@AfterMethod reporterdataSetResult" time="0.0" classname="com.hasbrop2m.security.CSVendorRetailToolingMainUser">
    <skipped/>
  </testcase> <!-- @AfterMethod reporterdataSetResult -->
  <testcase name="@AfterMethod reporterdataSetResult" time="0.0" classname="com.hasbrop2m.security.CSVendorRetailToolingMainUser">
    <skipped/>
  </testcase> <!-- @AfterMethod reporterdataSetResult -->
  <testcase name="@AfterMethod reporterdataSetResult" time="0.0" classname="com.hasbrop2m.security.CSVendorRetailToolingMainUser">
    <skipped/>
  </testcase> <!-- @AfterMethod reporterdataSetResult -->
  <testcase name="@AfterMethod reporterdataSetResult" time="0.0" classname="com.hasbrop2m.security.CSVendorRetailToolingMainUser">
    <skipped/>
  </testcase> <!-- @AfterMethod reporterdataSetResult -->
  <testcase name="@AfterMethod reporterdataSetResult" time="0.0" classname="com.hasbrop2m.security.CSVendorRetailToolingMainUser">
    <skipped/>
  </testcase> <!-- @AfterMethod reporterdataSetResult -->
  <testcase name="@AfterMethod reporterdataSetResult" time="0.0" classname="com.hasbrop2m.security.CSVendorRetailToolingMainUser">
    <skipped/>
  </testcase> <!-- @AfterMethod reporterdataSetResult -->
  <testcase name="@AfterMethod reporterdataSetResult" time="0.0" classname="com.hasbrop2m.security.CSVendorRetailToolingMainUser">
    <skipped/>
  </testcase> <!-- @AfterMethod reporterdataSetResult -->
  <testcase name="@AfterMethod reporterdataSetResult" time="0.0" classname="com.hasbrop2m.security.CSVendorRetailToolingMainUser">
    <skipped/>
  </testcase> <!-- @AfterMethod reporterdataSetResult -->
  <testcase name="@AfterMethod reporterdataSetResult" time="0.0" classname="com.hasbrop2m.security.CSVendorRetailToolingMainUser">
    <skipped/>
  </testcase> <!-- @AfterMethod reporterdataSetResult -->
  <testcase name="@AfterMethod reporterdataSetResult" time="0.0" classname="com.hasbrop2m.security.CSVendorRetailToolingMainUser">
    <skipped/>
  </testcase> <!-- @AfterMethod reporterdataSetResult -->
  <testcase name="@AfterMethod reporterdataSetResult" time="0.0" classname="com.hasbrop2m.security.CSVendorRetailToolingMainUser">
    <skipped/>
  </testcase> <!-- @AfterMethod reporterdataSetResult -->
  <testcase name="@AfterMethod reporterdataSetResult" time="0.0" classname="com.hasbrop2m.security.CSVendorRetailToolingMainUser">
    <skipped/>
  </testcase> <!-- @AfterMethod reporterdataSetResult -->
  <testcase name="@AfterMethod reporterdataSetResult" time="0.0" classname="com.hasbrop2m.security.CSVendorRetailToolingMainUser">
    <skipped/>
  </testcase> <!-- @AfterMethod reporterdataSetResult -->
  <testcase name="@AfterMethod reporterdataSetResult" time="0.0" classname="com.hasbrop2m.security.CSVendorRetailToolingMainUser">
    <skipped/>
  </testcase> <!-- @AfterMethod reporterdataSetResult -->
  <testcase name="@AfterMethod reporterdataSetResult" time="0.0" classname="com.hasbrop2m.security.CSVendorRetailToolingMainUser">
    <skipped/>
  </testcase> <!-- @AfterMethod reporterdataSetResult -->
  <testcase name="@AfterMethod reporterdataSetResult" time="0.0" classname="com.hasbrop2m.security.CSVendorRetailToolingMainUser">
    <skipped/>
  </testcase> <!-- @AfterMethod reporterdataSetResult -->
  <testcase name="@AfterMethod reporterdataSetResult" time="0.0" classname="com.hasbrop2m.security.CSVendorRetailToolingMainUser">
    <skipped/>
  </testcase> <!-- @AfterMethod reporterdataSetResult -->
  <testcase name="@AfterMethod reporterdataSetResult" time="0.0" classname="com.hasbrop2m.security.CSVendorRetailToolingMainUser">
    <skipped/>
  </testcase> <!-- @AfterMethod reporterdataSetResult -->
  <testcase name="@AfterMethod reporterdataSetResult" time="0.0" classname="com.hasbrop2m.security.CSVendorRetailToolingMainUser">
    <skipped/>
  </testcase> <!-- @AfterMethod reporterdataSetResult -->
  <testcase name="@AfterMethod reporterdataSetResult" time="0.0" classname="com.hasbrop2m.security.CSVendorRetailToolingMainUser">
    <skipped/>
  </testcase> <!-- @AfterMethod reporterdataSetResult -->
  <testcase name="@AfterMethod reporterdataSetResult" time="0.0" classname="com.hasbrop2m.security.CSVendorRetailToolingMainUser">
    <skipped/>
  </testcase> <!-- @AfterMethod reporterdataSetResult -->
  <testcase name="@AfterMethod reporterdataSetResult" time="0.0" classname="com.hasbrop2m.security.CSVendorRetailToolingMainUser">
    <skipped/>
  </testcase> <!-- @AfterMethod reporterdataSetResult -->
  <testcase name="@AfterMethod reporterdataSetResult" time="0.0" classname="com.hasbrop2m.security.CSVendorRetailToolingMainUser">
    <skipped/>
  </testcase> <!-- @AfterMethod reporterdataSetResult -->
  <testcase name="@AfterMethod reporterdataSetResult" time="0.0" classname="com.hasbrop2m.security.CSVendorRetailToolingMainUser">
    <skipped/>
  </testcase> <!-- @AfterMethod reporterdataSetResult -->
  <testcase name="@AfterMethod reporterdataSetResult" time="0.0" classname="com.hasbrop2m.security.CSVendorRetailToolingMainUser">
    <skipped/>
  </testcase> <!-- @AfterMethod reporterdataSetResult -->
  <testcase name="@AfterMethod reporterdataSetResult" time="0.0" classname="com.hasbrop2m.security.CSVendorRetailToolingMainUser">
    <skipped/>
  </testcase> <!-- @AfterMethod reporterdataSetResult -->
  <testcase name="@AfterMethod reporterdataSetResult" time="0.0" classname="com.hasbrop2m.security.CSVendorRetailToolingMainUser">
    <skipped/>
  </testcase> <!-- @AfterMethod reporterdataSetResult -->
  <testcase name="@AfterMethod reporterdataSetResult" time="0.0" classname="com.hasbrop2m.security.CSVendorRetailToolingMainUser">
    <skipped/>
  </testcase> <!-- @AfterMethod reporterdataSetResult -->
  <testcase name="@AfterMethod reporterdataSetResult" time="0.0" classname="com.hasbrop2m.security.CSVendorRetailToolingMainUser">
    <skipped/>
  </testcase> <!-- @AfterMethod reporterdataSetResult -->
  <testcase name="@AfterMethod reporterdataSetResult" time="0.0" classname="com.hasbrop2m.security.CSVendorRetailToolingMainUser">
    <skipped/>
  </testcase> <!-- @AfterMethod reporterdataSetResult -->
  <testcase name="@AfterMethod reporterdataSetResult" time="0.0" classname="com.hasbrop2m.security.CSVendorRetailToolingMainUser">
    <skipped/>
  </testcase> <!-- @AfterMethod reporterdataSetResult -->
  <testcase name="@AfterMethod reporterdataSetResult" time="0.0" classname="com.hasbrop2m.security.CSVendorRetailToolingMainUser">
    <skipped/>
  </testcase> <!-- @AfterMethod reporterdataSetResult -->
  <testcase name="@AfterMethod reporterdataSetResult" time="0.0" classname="com.hasbrop2m.security.CSVendorRetailToolingMainUser">
    <skipped/>
  </testcase> <!-- @AfterMethod reporterdataSetResult -->
  <testcase name="@AfterMethod reporterdataSetResult" time="0.0" classname="com.hasbrop2m.security.CSVendorRetailToolingMainUser">
    <skipped/>
  </testcase> <!-- @AfterMethod reporterdataSetResult -->
  <testcase name="@AfterMethod reporterdataSetResult" time="0.0" classname="com.hasbrop2m.security.CSVendorRetailToolingMainUser">
    <skipped/>
  </testcase> <!-- @AfterMethod reporterdataSetResult -->
  <testcase name="@AfterMethod reporterdataSetResult" time="0.0" classname="com.hasbrop2m.security.CSVendorRetailToolingMainUser">
    <skipped/>
  </testcase> <!-- @AfterMethod reporterdataSetResult -->
  <testcase name="@AfterMethod reporterdataSetResult" time="0.0" classname="com.hasbrop2m.security.CSVendorRetailToolingMainUser">
    <skipped/>
  </testcase> <!-- @AfterMethod reporterdataSetResult -->
  <testcase name="@AfterMethod reporterdataSetResult" time="0.0" classname="com.hasbrop2m.security.CSVendorRetailToolingMainUser">
    <skipped/>
  </testcase> <!-- @AfterMethod reporterdataSetResult -->
  <testcase name="@AfterMethod reporterdataSetResult" time="0.0" classname="com.hasbrop2m.security.CSVendorRetailToolingMainUser">
    <skipped/>
  </testcase> <!-- @AfterMethod reporterdataSetResult -->
  <testcase name="@AfterMethod reporterdataSetResult" time="0.0" classname="com.hasbrop2m.security.CSVendorRetailToolingMainUser">
    <skipped/>
  </testcase> <!-- @AfterMethod reporterdataSetResult -->
  <testcase name="@AfterMethod reporterdataSetResult" time="0.0" classname="com.hasbrop2m.security.CSVendorRetailToolingMainUser">
    <skipped/>
  </testcase> <!-- @AfterMethod reporterdataSetResult -->
  <testcase name="@AfterMethod reporterdataSetResult" time="0.0" classname="com.hasbrop2m.security.CSVendorRetailToolingMainUser">
    <skipped/>
  </testcase> <!-- @AfterMethod reporterdataSetResult -->
  <testcase name="@AfterMethod reporterdataSetResult" time="0.0" classname="com.hasbrop2m.security.CSVendorRetailToolingMainUser">
    <skipped/>
  </testcase> <!-- @AfterMethod reporterdataSetResult -->
  <testcase name="@AfterMethod reporterdataSetResult" time="0.0" classname="com.hasbrop2m.security.CSVendorRetailToolingMainUser">
    <skipped/>
  </testcase> <!-- @AfterMethod reporterdataSetResult -->
  <testcase name="@AfterMethod reporterdataSetResult" time="0.0" classname="com.hasbrop2m.security.CSVendorRetailToolingMainUser">
    <skipped/>
  </testcase> <!-- @AfterMethod reporterdataSetResult -->
  <testcase name="@AfterMethod reporterdataSetResult" time="0.0" classname="com.hasbrop2m.security.CSVendorRetailToolingMainUser">
    <skipped/>
  </testcase> <!-- @AfterMethod reporterdataSetResult -->
  <testcase name="@AfterMethod reporterdataSetResult" time="0.0" classname="com.hasbrop2m.security.CSVendorRetailToolingMainUser">
    <skipped/>
  </testcase> <!-- @AfterMethod reporterdataSetResult -->
  <testcase name="@AfterMethod reporterdataSetResult" time="0.0" classname="com.hasbrop2m.security.CSVendorRetailToolingMainUser">
    <skipped/>
  </testcase> <!-- @AfterMethod reporterdataSetResult -->
  <testcase name="@AfterMethod reporterdataSetResult" time="0.0" classname="com.hasbrop2m.security.CSVendorRetailToolingMainUser">
    <skipped/>
  </testcase> <!-- @AfterMethod reporterdataSetResult -->
  <testcase name="@AfterMethod reporterdataSetResult" time="0.0" classname="com.hasbrop2m.security.CSVendorRetailToolingMainUser">
    <skipped/>
  </testcase> <!-- @AfterMethod reporterdataSetResult -->
  <testcase name="@AfterMethod reporterdataSetResult" time="0.0" classname="com.hasbrop2m.security.CSVendorRetailToolingMainUser">
    <skipped/>
  </testcase> <!-- @AfterMethod reporterdataSetResult -->
  <testcase name="@AfterMethod reporterdataSetResult" time="0.0" classname="com.hasbrop2m.security.CSVendorRetailToolingMainUser">
    <skipped/>
  </testcase> <!-- @AfterMethod reporterdataSetResult -->
  <testcase name="@AfterMethod reporterdataSetResult" time="0.0" classname="com.hasbrop2m.security.CSVendorRetailToolingMainUser">
    <skipped/>
  </testcase> <!-- @AfterMethod reporterdataSetResult -->
  <testcase name="@AfterMethod reporterdataSetResult" time="0.0" classname="com.hasbrop2m.security.CSVendorRetailToolingMainUser">
    <skipped/>
  </testcase> <!-- @AfterMethod reporterdataSetResult -->
  <testcase name="@AfterMethod reporterdataSetResult" time="0.0" classname="com.hasbrop2m.security.CSVendorRetailToolingMainUser">
    <skipped/>
  </testcase> <!-- @AfterMethod reporterdataSetResult -->
  <testcase name="@AfterMethod reporterdataSetResult" time="0.0" classname="com.hasbrop2m.security.CSVendorRetailToolingMainUser">
    <skipped/>
  </testcase> <!-- @AfterMethod reporterdataSetResult -->
  <testcase name="@AfterMethod reporterdataSetResult" time="0.0" classname="com.hasbrop2m.security.CSVendorRetailToolingMainUser">
    <skipped/>
  </testcase> <!-- @AfterMethod reporterdataSetResult -->
  <testcase name="@AfterMethod reporterdataSetResult" time="0.0" classname="com.hasbrop2m.security.CSVendorRetailToolingMainUser">
    <skipped/>
  </testcase> <!-- @AfterMethod reporterdataSetResult -->
  <testcase name="@AfterMethod reporterdataSetResult" time="0.0" classname="com.hasbrop2m.security.CSVendorRetailToolingMainUser">
    <skipped/>
  </testcase> <!-- @AfterMethod reporterdataSetResult -->
  <testcase name="@AfterMethod reporterdataSetResult" time="0.0" classname="com.hasbrop2m.security.CSVendorRetailToolingMainUser">
    <skipped/>
  </testcase> <!-- @AfterMethod reporterdataSetResult -->
  <testcase name="@AfterMethod reporterdataSetResult" time="0.0" classname="com.hasbrop2m.security.CSVendorRetailToolingMainUser">
    <skipped/>
  </testcase> <!-- @AfterMethod reporterdataSetResult -->
  <testcase name="@AfterMethod reporterdataSetResult" time="0.0" classname="com.hasbrop2m.security.CSVendorRetailToolingMainUser">
    <skipped/>
  </testcase> <!-- @AfterMethod reporterdataSetResult -->
  <testcase name="@AfterMethod reporterdataSetResult" time="0.0" classname="com.hasbrop2m.security.CSVendorRetailToolingMainUser">
    <skipped/>
  </testcase> <!-- @AfterMethod reporterdataSetResult -->
  <testcase name="@AfterMethod reporterdataSetResult" time="0.0" classname="com.hasbrop2m.security.CSVendorRetailToolingMainUser">
    <skipped/>
  </testcase> <!-- @AfterMethod reporterdataSetResult -->
  <testcase name="@AfterMethod reporterdataSetResult" time="0.0" classname="com.hasbrop2m.security.CSVendorRetailToolingMainUser">
    <skipped/>
  </testcase> <!-- @AfterMethod reporterdataSetResult -->
  <testcase name="@AfterMethod reporterdataSetResult" time="0.0" classname="com.hasbrop2m.security.CSVendorRetailToolingMainUser">
    <skipped/>
  </testcase> <!-- @AfterMethod reporterdataSetResult -->
  <testcase name="@AfterMethod reporterdataSetResult" time="0.0" classname="com.hasbrop2m.security.CSVendorRetailToolingMainUser">
    <skipped/>
  </testcase> <!-- @AfterMethod reporterdataSetResult -->
  <testcase name="@AfterMethod reporterdataSetResult" time="0.0" classname="com.hasbrop2m.security.CSVendorRetailToolingMainUser">
    <skipped/>
  </testcase> <!-- @AfterMethod reporterdataSetResult -->
  <testcase name="@AfterMethod reporterdataSetResult" time="0.0" classname="com.hasbrop2m.security.CSVendorRetailToolingMainUser">
    <skipped/>
  </testcase> <!-- @AfterMethod reporterdataSetResult -->
  <testcase name="@AfterMethod reporterdataSetResult" time="0.0" classname="com.hasbrop2m.security.CSVendorRetailToolingMainUser">
    <skipped/>
  </testcase> <!-- @AfterMethod reporterdataSetResult -->
  <testcase name="@AfterMethod reporterdataSetResult" time="0.0" classname="com.hasbrop2m.security.CSVendorRetailToolingMainUser">
    <skipped/>
  </testcase> <!-- @AfterMethod reporterdataSetResult -->
  <testcase name="@AfterMethod reporterdataSetResult" time="0.0" classname="com.hasbrop2m.security.CSVendorRetailToolingMainUser">
    <skipped/>
  </testcase> <!-- @AfterMethod reporterdataSetResult -->
  <testcase name="@AfterMethod reporterdataSetResult" time="0.0" classname="com.hasbrop2m.security.CSVendorRetailToolingMainUser">
    <skipped/>
  </testcase> <!-- @AfterMethod reporterdataSetResult -->
  <testcase name="@AfterMethod reporterdataSetResult" time="0.0" classname="com.hasbrop2m.security.CSVendorRetailToolingMainUser">
    <skipped/>
  </testcase> <!-- @AfterMethod reporterdataSetResult -->
  <testcase name="@AfterMethod reporterdataSetResult" time="0.0" classname="com.hasbrop2m.security.CSVendorRetailToolingMainUser">
    <skipped/>
  </testcase> <!-- @AfterMethod reporterdataSetResult -->
  <testcase name="@AfterMethod reporterdataSetResult" time="0.0" classname="com.hasbrop2m.security.CSVendorRetailToolingMainUser">
    <skipped/>
  </testcase> <!-- @AfterMethod reporterdataSetResult -->
  <testcase name="@AfterMethod reporterdataSetResult" time="0.0" classname="com.hasbrop2m.security.CSVendorRetailToolingMainUser">
    <skipped/>
  </testcase> <!-- @AfterMethod reporterdataSetResult -->
  <testcase name="@AfterMethod reporterdataSetResult" time="0.0" classname="com.hasbrop2m.security.CSVendorRetailToolingMainUser">
    <skipped/>
  </testcase> <!-- @AfterMethod reporterdataSetResult -->
  <testcase name="@AfterMethod reporterdataSetResult" time="0.0" classname="com.hasbrop2m.security.CSVendorRetailToolingMainUser">
    <skipped/>
  </testcase> <!-- @AfterMethod reporterdataSetResult -->
  <testcase name="@AfterMethod reporterdataSetResult" time="0.0" classname="com.hasbrop2m.security.CSVendorRetailToolingMainUser">
    <skipped/>
  </testcase> <!-- @AfterMethod reporterdataSetResult -->
  <testcase name="@AfterMethod reporterdataSetResult" time="0.0" classname="com.hasbrop2m.security.CSVendorRetailToolingMainUser">
    <skipped/>
  </testcase> <!-- @AfterMethod reporterdataSetResult -->
  <testcase name="@AfterMethod reporterdataSetResult" time="0.0" classname="com.hasbrop2m.security.CSVendorRetailToolingMainUser">
    <skipped/>
  </testcase> <!-- @AfterMethod reporterdataSetResult -->
  <testcase name="@AfterMethod reporterdataSetResult" time="0.0" classname="com.hasbrop2m.security.CSVendorRetailToolingMainUser">
    <skipped/>
  </testcase> <!-- @AfterMethod reporterdataSetResult -->
  <testcase name="@AfterMethod reporterdataSetResult" time="0.0" classname="com.hasbrop2m.security.CSVendorRetailToolingMainUser">
    <skipped/>
  </testcase> <!-- @AfterMethod reporterdataSetResult -->
  <testcase name="@AfterMethod reporterdataSetResult" time="0.0" classname="com.hasbrop2m.security.CSVendorRetailToolingMainUser">
    <skipped/>
  </testcase> <!-- @AfterMethod reporterdataSetResult -->
  <testcase name="@AfterMethod reporterdataSetResult" time="0.0" classname="com.hasbrop2m.security.CSVendorRetailToolingMainUser">
    <skipped/>
  </testcase> <!-- @AfterMethod reporterdataSetResult -->
  <testcase name="@AfterMethod reporterdataSetResult" time="0.0" classname="com.hasbrop2m.security.CSVendorRetailToolingMainUser">
    <skipped/>
  </testcase> <!-- @AfterMethod reporterdataSetResult -->
  <testcase name="@AfterMethod reporterdataSetResult" time="0.0" classname="com.hasbrop2m.security.CSVendorRetailToolingMainUser">
    <skipped/>
  </testcase> <!-- @AfterMethod reporterdataSetResult -->
  <testcase name="@AfterMethod reporterdataSetResult" time="0.0" classname="com.hasbrop2m.security.CSVendorRetailToolingMainUser">
    <skipped/>
  </testcase> <!-- @AfterMethod reporterdataSetResult -->
  <testcase name="@AfterMethod reporterdataSetResult" time="0.0" classname="com.hasbrop2m.security.CSVendorRetailToolingMainUser">
    <skipped/>
  </testcase> <!-- @AfterMethod reporterdataSetResult -->
  <testcase name="@AfterMethod reporterdataSetResult" time="0.0" classname="com.hasbrop2m.security.CSVendorRetailToolingMainUser">
    <skipped/>
  </testcase> <!-- @AfterMethod reporterdataSetResult -->
  <testcase name="@AfterMethod reporterdataSetResult" time="0.0" classname="com.hasbrop2m.security.CSVendorRetailToolingMainUser">
    <skipped/>
  </testcase> <!-- @AfterMethod reporterdataSetResult -->
  <testcase name="@AfterMethod reporterdataSetResult" time="0.0" classname="com.hasbrop2m.security.CSVendorRetailToolingMainUser">
    <skipped/>
  </testcase> <!-- @AfterMethod reporterdataSetResult -->
  <testcase name="@AfterMethod reporterdataSetResult" time="0.0" classname="com.hasbrop2m.security.CSVendorRetailToolingMainUser">
    <skipped/>
  </testcase> <!-- @AfterMethod reporterdataSetResult -->
  <testcase name="@AfterMethod reporterdataSetResult" time="0.0" classname="com.hasbrop2m.security.CSVendorRetailToolingMainUser">
    <skipped/>
  </testcase> <!-- @AfterMethod reporterdataSetResult -->
  <testcase name="@AfterMethod reporterdataSetResult" time="0.0" classname="com.hasbrop2m.security.CSVendorRetailToolingMainUser">
    <skipped/>
  </testcase> <!-- @AfterMethod reporterdataSetResult -->
  <testcase name="@AfterMethod reporterdataSetResult" time="0.0" classname="com.hasbrop2m.security.CSVendorRetailToolingMainUser">
    <skipped/>
  </testcase> <!-- @AfterMethod reporterdataSetResult -->
  <testcase name="@AfterMethod reporterdataSetResult" time="0.0" classname="com.hasbrop2m.security.CSVendorRetailToolingMainUser">
    <skipped/>
  </testcase> <!-- @AfterMethod reporterdataSetResult -->
  <testcase name="@AfterMethod reporterdataSetResult" time="0.0" classname="com.hasbrop2m.security.CSVendorRetailToolingMainUser">
    <skipped/>
  </testcase> <!-- @AfterMethod reporterdataSetResult -->
  <testcase name="@AfterMethod reporterdataSetResult" time="0.0" classname="com.hasbrop2m.security.CSVendorRetailToolingMainUser">
    <skipped/>
  </testcase> <!-- @AfterMethod reporterdataSetResult -->
  <testcase name="@AfterMethod reporterdataSetResult" time="0.0" classname="com.hasbrop2m.security.CSVendorRetailToolingMainUser">
    <skipped/>
  </testcase> <!-- @AfterMethod reporterdataSetResult -->
  <testcase name="@AfterMethod reporterdataSetResult" time="0.0" classname="com.hasbrop2m.security.CSVendorRetailToolingMainUser">
    <skipped/>
  </testcase> <!-- @AfterMethod reporterdataSetResult -->
  <testcase name="@AfterMethod reporterdataSetResult" time="0.0" classname="com.hasbrop2m.security.CSVendorRetailToolingMainUser">
    <skipped/>
  </testcase> <!-- @AfterMethod reporterdataSetResult -->
  <testcase name="@AfterMethod reporterdataSetResult" time="0.0" classname="com.hasbrop2m.security.CSVendorRetailToolingMainUser">
    <skipped/>
  </testcase> <!-- @AfterMethod reporterdataSetResult -->
  <testcase name="@AfterMethod reporterdataSetResult" time="0.0" classname="com.hasbrop2m.security.CSVendorRetailToolingMainUser">
    <skipped/>
  </testcase> <!-- @AfterMethod reporterdataSetResult -->
  <testcase name="@AfterMethod reporterdataSetResult" time="0.0" classname="com.hasbrop2m.security.CSVendorRetailToolingMainUser">
    <skipped/>
  </testcase> <!-- @AfterMethod reporterdataSetResult -->
  <testcase name="@AfterMethod reporterdataSetResult" time="0.0" classname="com.hasbrop2m.security.CSVendorRetailToolingMainUser">
    <skipped/>
  </testcase> <!-- @AfterMethod reporterdataSetResult -->
  <testcase name="@AfterMethod reporterdataSetResult" time="0.0" classname="com.hasbrop2m.security.CSVendorRetailToolingMainUser">
    <skipped/>
  </testcase> <!-- @AfterMethod reporterdataSetResult -->
  <testcase name="@AfterMethod reporterdataSetResult" time="0.0" classname="com.hasbrop2m.security.CSVendorRetailToolingMainUser">
    <skipped/>
  </testcase> <!-- @AfterMethod reporterdataSetResult -->
  <testcase name="@AfterMethod reporterdataSetResult" time="0.0" classname="com.hasbrop2m.security.CSVendorRetailToolingMainUser">
    <skipped/>
  </testcase> <!-- @AfterMethod reporterdataSetResult -->
  <testcase name="@AfterMethod reporterdataSetResult" time="0.0" classname="com.hasbrop2m.security.CSVendorRetailToolingMainUser">
    <skipped/>
  </testcase> <!-- @AfterMethod reporterdataSetResult -->
  <testcase name="@AfterMethod reporterdataSetResult" time="0.0" classname="com.hasbrop2m.security.CSVendorRetailToolingMainUser">
    <skipped/>
  </testcase> <!-- @AfterMethod reporterdataSetResult -->
  <testcase name="@AfterMethod reporterdataSetResult" time="0.0" classname="com.hasbrop2m.security.CSVendorRetailToolingMainUser">
    <skipped/>
  </testcase> <!-- @AfterMethod reporterdataSetResult -->
  <testcase name="@AfterMethod reporterdataSetResult" time="0.0" classname="com.hasbrop2m.security.CSVendorRetailToolingMainUser">
    <skipped/>
  </testcase> <!-- @AfterMethod reporterdataSetResult -->
  <testcase name="@AfterMethod reporterdataSetResult" time="0.0" classname="com.hasbrop2m.security.CSVendorRetailToolingMainUser">
    <skipped/>
  </testcase> <!-- @AfterMethod reporterdataSetResult -->
  <testcase name="@AfterMethod reporterdataSetResult" time="0.0" classname="com.hasbrop2m.security.CSVendorRetailToolingMainUser">
    <skipped/>
  </testcase> <!-- @AfterMethod reporterdataSetResult -->
  <testcase name="@AfterMethod reporterdataSetResult" time="0.0" classname="com.hasbrop2m.security.CSVendorRetailToolingMainUser">
    <skipped/>
  </testcase> <!-- @AfterMethod reporterdataSetResult -->
  <testcase name="@AfterMethod reporterdataSetResult" time="0.0" classname="com.hasbrop2m.security.CSVendorRetailToolingMainUser">
    <skipped/>
  </testcase> <!-- @AfterMethod reporterdataSetResult -->
  <testcase name="@AfterMethod reporterdataSetResult" time="0.0" classname="com.hasbrop2m.security.CSVendorRetailToolingMainUser">
    <skipped/>
  </testcase> <!-- @AfterMethod reporterdataSetResult -->
  <testcase name="@AfterMethod reporterdataSetResult" time="0.0" classname="com.hasbrop2m.security.CSVendorRetailToolingMainUser">
    <skipped/>
  </testcase> <!-- @AfterMethod reporterdataSetResult -->
  <testcase name="@AfterMethod reporterdataSetResult" time="0.0" classname="com.hasbrop2m.security.CSVendorRetailToolingMainUser">
    <skipped/>
  </testcase> <!-- @AfterMethod reporterdataSetResult -->
  <testcase name="@AfterMethod reporterdataSetResult" time="0.0" classname="com.hasbrop2m.security.CSVendorRetailToolingMainUser">
    <skipped/>
  </testcase> <!-- @AfterMethod reporterdataSetResult -->
  <testcase name="@AfterMethod reporterdataSetResult" time="0.0" classname="com.hasbrop2m.security.CSVendorRetailToolingMainUser">
    <skipped/>
  </testcase> <!-- @AfterMethod reporterdataSetResult -->
  <testcase name="@AfterMethod reporterdataSetResult" time="0.0" classname="com.hasbrop2m.security.CSVendorRetailToolingMainUser">
    <skipped/>
  </testcase> <!-- @AfterMethod reporterdataSetResult -->
  <testcase name="@AfterMethod reporterdataSetResult" time="0.0" classname="com.hasbrop2m.security.CSVendorRetailToolingMainUser">
    <skipped/>
  </testcase> <!-- @AfterMethod reporterdataSetResult -->
  <testcase name="@AfterMethod reporterdataSetResult" time="0.0" classname="com.hasbrop2m.security.CSVendorRetailToolingMainUser">
    <skipped/>
  </testcase> <!-- @AfterMethod reporterdataSetResult -->
  <testcase name="@AfterMethod reporterdataSetResult" time="0.0" classname="com.hasbrop2m.security.CSVendorRetailToolingMainUser">
    <skipped/>
  </testcase> <!-- @AfterMethod reporterdataSetResult -->
  <testcase name="@AfterMethod reporterdataSetResult" time="0.0" classname="com.hasbrop2m.security.CSVendorRetailToolingMainUser">
    <skipped/>
  </testcase> <!-- @AfterMethod reporterdataSetResult -->
  <testcase name="@AfterMethod reporterdataSetResult" time="0.0" classname="com.hasbrop2m.security.CSVendorRetailToolingMainUser">
    <skipped/>
  </testcase> <!-- @AfterMethod reporterdataSetResult -->
  <testcase name="@AfterMethod reporterdataSetResult" time="0.0" classname="com.hasbrop2m.security.CSVendorRetailToolingMainUser">
    <skipped/>
  </testcase> <!-- @AfterMethod reporterdataSetResult -->
  <testcase name="@AfterMethod reporterdataSetResult" time="0.0" classname="com.hasbrop2m.security.CSVendorRetailToolingMainUser">
    <skipped/>
  </testcase> <!-- @AfterMethod reporterdataSetResult -->
  <testcase name="@AfterMethod reporterdataSetResult" time="0.0" classname="com.hasbrop2m.security.CSVendorRetailToolingMainUser">
    <skipped/>
  </testcase> <!-- @AfterMethod reporterdataSetResult -->
  <testcase name="@AfterMethod reporterdataSetResult" time="0.0" classname="com.hasbrop2m.security.CSVendorRetailToolingMainUser">
    <skipped/>
  </testcase> <!-- @AfterMethod reporterdataSetResult -->
  <testcase name="@AfterMethod reporterdataSetResult" time="0.0" classname="com.hasbrop2m.security.CSVendorRetailToolingMainUser">
    <skipped/>
  </testcase> <!-- @AfterMethod reporterdataSetResult -->
  <testcase name="@AfterMethod reporterdataSetResult" time="0.0" classname="com.hasbrop2m.security.CSVendorRetailToolingMainUser">
    <skipped/>
  </testcase> <!-- @AfterMethod reporterdataSetResult -->
  <testcase name="@AfterMethod reporterdataSetResult" time="0.0" classname="com.hasbrop2m.security.CSVendorRetailToolingMainUser">
    <skipped/>
  </testcase> <!-- @AfterMethod reporterdataSetResult -->
  <testcase name="@AfterMethod reporterdataSetResult" time="0.0" classname="com.hasbrop2m.security.CSVendorRetailToolingMainUser">
    <skipped/>
  </testcase> <!-- @AfterMethod reporterdataSetResult -->
  <testcase name="@AfterMethod reporterdataSetResult" time="0.0" classname="com.hasbrop2m.security.CSVendorRetailToolingMainUser">
    <skipped/>
  </testcase> <!-- @AfterMethod reporterdataSetResult -->
  <testcase name="@AfterMethod reporterdataSetResult" time="0.0" classname="com.hasbrop2m.security.CSVendorRetailToolingMainUser">
    <skipped/>
  </testcase> <!-- @AfterMethod reporterdataSetResult -->
  <testcase name="@AfterMethod reporterdataSetResult" time="0.0" classname="com.hasbrop2m.security.CSVendorRetailToolingMainUser">
    <skipped/>
  </testcase> <!-- @AfterMethod reporterdataSetResult -->
  <testcase name="@AfterMethod reporterdataSetResult" time="0.0" classname="com.hasbrop2m.security.CSVendorRetailToolingMainUser">
    <skipped/>
  </testcase> <!-- @AfterMethod reporterdataSetResult -->
  <testcase name="@AfterMethod reporterdataSetResult" time="0.0" classname="com.hasbrop2m.security.CSVendorRetailToolingMainUser">
    <skipped/>
  </testcase> <!-- @AfterMethod reporterdataSetResult -->
  <testcase name="@AfterMethod reporterdataSetResult" time="0.0" classname="com.hasbrop2m.security.CSVendorRetailToolingMainUser">
    <skipped/>
  </testcase> <!-- @AfterMethod reporterdataSetResult -->
  <testcase name="@AfterMethod reporterdataSetResult" time="0.0" classname="com.hasbrop2m.security.CSVendorRetailToolingMainUser">
    <skipped/>
  </testcase> <!-- @AfterMethod reporterdataSetResult -->
  <testcase name="@AfterMethod reporterdataSetResult" time="0.0" classname="com.hasbrop2m.security.CSVendorRetailToolingMainUser">
    <skipped/>
  </testcase> <!-- @AfterMethod reporterdataSetResult -->
  <testcase name="@AfterMethod reporterdataSetResult" time="0.0" classname="com.hasbrop2m.security.CSVendorRetailToolingMainUser">
    <skipped/>
  </testcase> <!-- @AfterMethod reporterdataSetResult -->
  <testcase name="@AfterMethod reporterdataSetResult" time="0.0" classname="com.hasbrop2m.security.CSVendorRetailToolingMainUser">
    <skipped/>
  </testcase> <!-- @AfterMethod reporterdataSetResult -->
  <testcase name="@AfterMethod reporterdataSetResult" time="0.0" classname="com.hasbrop2m.security.CSVendorRetailToolingMainUser">
    <skipped/>
  </testcase> <!-- @AfterMethod reporterdataSetResult -->
  <testcase name="@AfterMethod reporterdataSetResult" time="0.0" classname="com.hasbrop2m.security.CSVendorRetailToolingMainUser">
    <skipped/>
  </testcase> <!-- @AfterMethod reporterdataSetResult -->
  <testcase name="@AfterMethod reporterdataSetResult" time="0.0" classname="com.hasbrop2m.security.CSVendorRetailToolingMainUser">
    <skipped/>
  </testcase> <!-- @AfterMethod reporterdataSetResult -->
  <testcase name="@AfterMethod reporterdataSetResult" time="0.0" classname="com.hasbrop2m.security.CSVendorRetailToolingMainUser">
    <skipped/>
  </testcase> <!-- @AfterMethod reporterdataSetResult -->
  <testcase name="@AfterMethod reporterdataSetResult" time="0.0" classname="com.hasbrop2m.security.CSVendorRetailToolingMainUser">
    <skipped/>
  </testcase> <!-- @AfterMethod reporterdataSetResult -->
  <testcase name="@AfterMethod reporterdataSetResult" time="0.0" classname="com.hasbrop2m.security.CSVendorRetailToolingMainUser">
    <skipped/>
  </testcase> <!-- @AfterMethod reporterdataSetResult -->
  <testcase name="@AfterMethod reporterdataSetResult" time="0.0" classname="com.hasbrop2m.security.CSVendorRetailToolingMainUser">
    <skipped/>
  </testcase> <!-- @AfterMethod reporterdataSetResult -->
  <testcase name="@AfterMethod reporterdataSetResult" time="0.0" classname="com.hasbrop2m.security.CSVendorRetailToolingMainUser">
    <skipped/>
  </testcase> <!-- @AfterMethod reporterdataSetResult -->
  <testcase name="@AfterMethod reporterdataSetResult" time="0.0" classname="com.hasbrop2m.security.CSVendorRetailToolingMainUser">
    <skipped/>
  </testcase> <!-- @AfterMethod reporterdataSetResult -->
  <testcase name="@AfterMethod reporterdataSetResult" time="0.0" classname="com.hasbrop2m.security.CSVendorRetailToolingMainUser">
    <skipped/>
  </testcase> <!-- @AfterMethod reporterdataSetResult -->
  <testcase name="@AfterMethod reporterdataSetResult" time="0.0" classname="com.hasbrop2m.security.CSVendorRetailToolingMainUser">
    <skipped/>
  </testcase> <!-- @AfterMethod reporterdataSetResult -->
  <testcase name="@AfterMethod reporterdataSetResult" time="0.0" classname="com.hasbrop2m.security.CSVendorRetailToolingMainUser">
    <skipped/>
  </testcase> <!-- @AfterMethod reporterdataSetResult -->
  <testcase name="@AfterMethod reporterdataSetResult" time="0.0" classname="com.hasbrop2m.security.CSVendorRetailToolingMainUser">
    <skipped/>
  </testcase> <!-- @AfterMethod reporterdataSetResult -->
  <testcase name="@AfterMethod reporterdataSetResult" time="0.0" classname="com.hasbrop2m.security.CSVendorRetailToolingMainUser">
    <skipped/>
  </testcase> <!-- @AfterMethod reporterdataSetResult -->
  <testcase name="@AfterMethod reporterdataSetResult" time="0.0" classname="com.hasbrop2m.security.CSVendorRetailToolingMainUser">
    <skipped/>
  </testcase> <!-- @AfterMethod reporterdataSetResult -->
  <testcase name="@AfterMethod reporterdataSetResult" time="0.0" classname="com.hasbrop2m.security.CSVendorRetailToolingMainUser">
    <skipped/>
  </testcase> <!-- @AfterMethod reporterdataSetResult -->
  <testcase name="@AfterMethod reporterdataSetResult" time="0.0" classname="com.hasbrop2m.security.CSVendorRetailToolingMainUser">
    <skipped/>
  </testcase> <!-- @AfterMethod reporterdataSetResult -->
  <testcase name="@AfterMethod reporterdataSetResult" time="0.0" classname="com.hasbrop2m.security.CSVendorRetailToolingMainUser">
    <skipped/>
  </testcase> <!-- @AfterMethod reporterdataSetResult -->
  <testcase name="@AfterMethod reporterdataSetResult" time="0.0" classname="com.hasbrop2m.security.CSVendorRetailToolingMainUser">
    <skipped/>
  </testcase> <!-- @AfterMethod reporterdataSetResult -->
  <testcase name="@AfterMethod reporterdataSetResult" time="0.0" classname="com.hasbrop2m.security.CSVendorRetailToolingMainUser">
    <skipped/>
  </testcase> <!-- @AfterMethod reporterdataSetResult -->
  <testcase name="@AfterMethod reporterdataSetResult" time="0.0" classname="com.hasbrop2m.security.CSVendorRetailToolingMainUser">
    <skipped/>
  </testcase> <!-- @AfterMethod reporterdataSetResult -->
  <testcase name="@AfterMethod reporterdataSetResult" time="0.0" classname="com.hasbrop2m.security.CSVendorRetailToolingMainUser">
    <skipped/>
  </testcase> <!-- @AfterMethod reporterdataSetResult -->
  <testcase name="@AfterMethod reporterdataSetResult" time="0.0" classname="com.hasbrop2m.security.CSVendorRetailToolingMainUser">
    <skipped/>
  </testcase> <!-- @AfterMethod reporterdataSetResult -->
  <testcase name="@AfterMethod reporterdataSetResult" time="0.0" classname="com.hasbrop2m.security.CSVendorRetailToolingMainUser">
    <skipped/>
  </testcase> <!-- @AfterMethod reporterdataSetResult -->
  <testcase name="@AfterMethod reporterdataSetResult" time="0.0" classname="com.hasbrop2m.security.CSVendorRetailToolingMainUser">
    <skipped/>
  </testcase> <!-- @AfterMethod reporterdataSetResult -->
  <testcase name="@AfterMethod reporterdataSetResult" time="0.0" classname="com.hasbrop2m.security.CSVendorRetailToolingMainUser">
    <skipped/>
  </testcase> <!-- @AfterMethod reporterdataSetResult -->
  <testcase name="@AfterMethod reporterdataSetResult" time="0.0" classname="com.hasbrop2m.security.CSVendorRetailToolingMainUser">
    <skipped/>
  </testcase> <!-- @AfterMethod reporterdataSetResult -->
  <testcase name="@AfterMethod reporterdataSetResult" time="0.0" classname="com.hasbrop2m.security.CSVendorRetailToolingMainUser">
    <skipped/>
  </testcase> <!-- @AfterMethod reporterdataSetResult -->
  <testcase name="@AfterMethod reporterdataSetResult" time="0.0" classname="com.hasbrop2m.security.CSVendorRetailToolingMainUser">
    <skipped/>
  </testcase> <!-- @AfterMethod reporterdataSetResult -->
  <testcase name="@AfterMethod reporterdataSetResult" time="0.0" classname="com.hasbrop2m.security.CSVendorRetailToolingMainUser">
    <skipped/>
  </testcase> <!-- @AfterMethod reporterdataSetResult -->
  <testcase name="@AfterMethod reporterdataSetResult" time="0.0" classname="com.hasbrop2m.security.CSVendorRetailToolingMainUser">
    <skipped/>
  </testcase> <!-- @AfterMethod reporterdataSetResult -->
  <testcase name="@AfterMethod reporterdataSetResult" time="0.0" classname="com.hasbrop2m.security.CSVendorRetailToolingMainUser">
    <skipped/>
  </testcase> <!-- @AfterMethod reporterdataSetResult -->
  <testcase name="@AfterMethod reporterdataSetResult" time="0.0" classname="com.hasbrop2m.security.CSVendorRetailToolingMainUser">
    <skipped/>
  </testcase> <!-- @AfterMethod reporterdataSetResult -->
  <testcase name="@AfterMethod reporterdataSetResult" time="0.0" classname="com.hasbrop2m.security.CSVendorRetailToolingMainUser">
    <skipped/>
  </testcase> <!-- @AfterMethod reporterdataSetResult -->
  <testcase name="@AfterMethod reporterdataSetResult" time="0.0" classname="com.hasbrop2m.security.CSVendorRetailToolingMainUser">
    <skipped/>
  </testcase> <!-- @AfterMethod reporterdataSetResult -->
  <testcase name="@AfterMethod reporterdataSetResult" time="0.0" classname="com.hasbrop2m.security.CSVendorRetailToolingMainUser">
    <skipped/>
  </testcase> <!-- @AfterMethod reporterdataSetResult -->
  <testcase name="@AfterMethod reporterdataSetResult" time="0.0" classname="com.hasbrop2m.security.CSVendorRetailToolingMainUser">
    <skipped/>
  </testcase> <!-- @AfterMethod reporterdataSetResult -->
  <testcase name="@AfterMethod reporterdataSetResult" time="0.0" classname="com.hasbrop2m.security.CSVendorRetailToolingMainUser">
    <skipped/>
  </testcase> <!-- @AfterMethod reporterdataSetResult -->
  <testcase name="@AfterMethod reporterdataSetResult" time="0.0" classname="com.hasbrop2m.security.CSVendorRetailToolingMainUser">
    <skipped/>
  </testcase> <!-- @AfterMethod reporterdataSetResult -->
  <testcase name="@AfterMethod reporterdataSetResult" time="0.0" classname="com.hasbrop2m.security.CSVendorRetailToolingMainUser">
    <skipped/>
  </testcase> <!-- @AfterMethod reporterdataSetResult -->
  <testcase name="@AfterMethod reporterdataSetResult" time="0.0" classname="com.hasbrop2m.security.CSVendorRetailToolingMainUser">
    <skipped/>
  </testcase> <!-- @AfterMethod reporterdataSetResult -->
  <testcase name="@AfterMethod reporterdataSetResult" time="0.0" classname="com.hasbrop2m.security.CSVendorRetailToolingMainUser">
    <skipped/>
  </testcase> <!-- @AfterMethod reporterdataSetResult -->
  <testcase name="@AfterMethod reporterdataSetResult" time="0.0" classname="com.hasbrop2m.security.CSVendorRetailToolingMainUser">
    <skipped/>
  </testcase> <!-- @AfterMethod reporterdataSetResult -->
  <testcase name="@AfterMethod reporterdataSetResult" time="0.0" classname="com.hasbrop2m.security.CSVendorRetailToolingMainUser">
    <skipped/>
  </testcase> <!-- @AfterMethod reporterdataSetResult -->
  <testcase name="@AfterMethod reporterdataSetResult" time="0.0" classname="com.hasbrop2m.security.CSVendorRetailToolingMainUser">
    <skipped/>
  </testcase> <!-- @AfterMethod reporterdataSetResult -->
  <testcase name="@AfterMethod reporterdataSetResult" time="0.0" classname="com.hasbrop2m.security.CSVendorRetailToolingMainUser">
    <skipped/>
  </testcase> <!-- @AfterMethod reporterdataSetResult -->
  <testcase name="@AfterMethod reporterdataSetResult" time="0.0" classname="com.hasbrop2m.security.CSVendorRetailToolingMainUser">
    <skipped/>
  </testcase> <!-- @AfterMethod reporterdataSetResult -->
  <testcase name="@AfterMethod reporterdataSetResult" time="0.0" classname="com.hasbrop2m.security.CSVendorRetailToolingMainUser">
    <skipped/>
  </testcase> <!-- @AfterMethod reporterdataSetResult -->
  <testcase name="@AfterMethod reporterdataSetResult" time="0.0" classname="com.hasbrop2m.security.CSVendorRetailToolingMainUser">
    <skipped/>
  </testcase> <!-- @AfterMethod reporterdataSetResult -->
  <testcase name="@AfterMethod reporterdataSetResult" time="0.0" classname="com.hasbrop2m.security.CSVendorRetailToolingMainUser">
    <skipped/>
  </testcase> <!-- @AfterMethod reporterdataSetResult -->
  <testcase name="@AfterMethod reporterdataSetResult" time="0.0" classname="com.hasbrop2m.security.CSVendorRetailToolingMainUser">
    <skipped/>
  </testcase> <!-- @AfterMethod reporterdataSetResult -->
  <testcase name="@AfterMethod reporterdataSetResult" time="0.0" classname="com.hasbrop2m.security.CSVendorRetailToolingMainUser">
    <skipped/>
  </testcase> <!-- @AfterMethod reporterdataSetResult -->
  <testcase name="@AfterMethod reporterdataSetResult" time="0.0" classname="com.hasbrop2m.security.CSVendorRetailToolingMainUser">
    <skipped/>
  </testcase> <!-- @AfterMethod reporterdataSetResult -->
  <testcase name="@AfterMethod reporterdataSetResult" time="0.0" classname="com.hasbrop2m.security.CSVendorRetailToolingMainUser">
    <skipped/>
  </testcase> <!-- @AfterMethod reporterdataSetResult -->
  <testcase name="@AfterMethod reporterdataSetResult" time="0.0" classname="com.hasbrop2m.security.CSVendorRetailToolingMainUser">
    <skipped/>
  </testcase> <!-- @AfterMethod reporterdataSetResult -->
  <testcase name="@AfterMethod reporterdataSetResult" time="0.0" classname="com.hasbrop2m.security.CSVendorRetailToolingMainUser">
    <skipped/>
  </testcase> <!-- @AfterMethod reporterdataSetResult -->
  <testcase name="@AfterMethod reporterdataSetResult" time="0.0" classname="com.hasbrop2m.security.CSVendorRetailToolingMainUser">
    <skipped/>
  </testcase> <!-- @AfterMethod reporterdataSetResult -->
  <testcase name="@AfterMethod reporterdataSetResult" time="0.0" classname="com.hasbrop2m.security.CSVendorRetailToolingMainUser">
    <skipped/>
  </testcase> <!-- @AfterMethod reporterdataSetResult -->
  <testcase name="@AfterMethod reporterdataSetResult" time="0.0" classname="com.hasbrop2m.security.CSVendorRetailToolingMainUser">
    <skipped/>
  </testcase> <!-- @AfterMethod reporterdataSetResult -->
  <testcase name="@AfterMethod reporterdataSetResult" time="0.0" classname="com.hasbrop2m.security.CSVendorRetailToolingMainUser">
    <skipped/>
  </testcase> <!-- @AfterMethod reporterdataSetResult -->
  <testcase name="@AfterMethod reporterdataSetResult" time="0.0" classname="com.hasbrop2m.security.CSVendorRetailToolingMainUser">
    <skipped/>
  </testcase> <!-- @AfterMethod reporterdataSetResult -->
  <testcase name="@AfterMethod reporterdataSetResult" time="0.0" classname="com.hasbrop2m.security.CSVendorRetailToolingMainUser">
    <skipped/>
  </testcase> <!-- @AfterMethod reporterdataSetResult -->
  <testcase name="@AfterMethod reporterdataSetResult" time="0.0" classname="com.hasbrop2m.security.CSVendorRetailToolingMainUser">
    <skipped/>
  </testcase> <!-- @AfterMethod reporterdataSetResult -->
  <testcase name="@AfterMethod reporterdataSetResult" time="0.0" classname="com.hasbrop2m.security.CSVendorRetailToolingMainUser">
    <skipped/>
  </testcase> <!-- @AfterMethod reporterdataSetResult -->
  <testcase name="@AfterMethod reporterdataSetResult" time="0.0" classname="com.hasbrop2m.security.CSVendorRetailToolingMainUser">
    <skipped/>
  </testcase> <!-- @AfterMethod reporterdataSetResult -->
  <testcase name="@AfterMethod reporterdataSetResult" time="0.0" classname="com.hasbrop2m.security.CSVendorRetailToolingMainUser">
    <skipped/>
  </testcase> <!-- @AfterMethod reporterdataSetResult -->
  <testcase name="@AfterMethod reporterdataSetResult" time="0.0" classname="com.hasbrop2m.security.CSVendorRetailToolingMainUser">
    <skipped/>
  </testcase> <!-- @AfterMethod reporterdataSetResult -->
  <testcase name="@AfterMethod reporterdataSetResult" time="0.0" classname="com.hasbrop2m.security.CSVendorRetailToolingMainUser">
    <skipped/>
  </testcase> <!-- @AfterMethod reporterdataSetResult -->
  <testcase name="@AfterMethod reporterdataSetResult" time="0.0" classname="com.hasbrop2m.security.CSVendorRetailToolingMainUser">
    <skipped/>
  </testcase> <!-- @AfterMethod reporterdataSetResult -->
  <testcase name="@AfterMethod reporterdataSetResult" time="0.0" classname="com.hasbrop2m.security.CSVendorRetailToolingMainUser">
    <skipped/>
  </testcase> <!-- @AfterMethod reporterdataSetResult -->
  <testcase name="@AfterMethod reporterdataSetResult" time="0.0" classname="com.hasbrop2m.security.CSVendorRetailToolingMainUser">
    <skipped/>
  </testcase> <!-- @AfterMethod reporterdataSetResult -->
  <testcase name="@AfterMethod reporterdataSetResult" time="0.0" classname="com.hasbrop2m.security.CSVendorRetailToolingMainUser">
    <skipped/>
  </testcase> <!-- @AfterMethod reporterdataSetResult -->
  <testcase name="@AfterMethod reporterdataSetResult" time="0.0" classname="com.hasbrop2m.security.CSVendorRetailToolingMainUser">
    <skipped/>
  </testcase> <!-- @AfterMethod reporterdataSetResult -->
  <testcase name="@AfterMethod reporterdataSetResult" time="0.0" classname="com.hasbrop2m.security.CSVendorRetailToolingMainUser">
    <skipped/>
  </testcase> <!-- @AfterMethod reporterdataSetResult -->
  <testcase name="@AfterMethod reporterdataSetResult" time="0.0" classname="com.hasbrop2m.security.CSVendorRetailToolingMainUser">
    <skipped/>
  </testcase> <!-- @AfterMethod reporterdataSetResult -->
  <testcase name="@AfterMethod reporterdataSetResult" time="0.0" classname="com.hasbrop2m.security.CSVendorRetailToolingMainUser">
    <skipped/>
  </testcase> <!-- @AfterMethod reporterdataSetResult -->
  <testcase name="@AfterMethod reporterdataSetResult" time="0.0" classname="com.hasbrop2m.security.CSVendorRetailToolingMainUser">
    <skipped/>
  </testcase> <!-- @AfterMethod reporterdataSetResult -->
  <testcase name="@AfterMethod reporterdataSetResult" time="0.0" classname="com.hasbrop2m.security.CSVendorRetailToolingMainUser">
    <skipped/>
  </testcase> <!-- @AfterMethod reporterdataSetResult -->
  <testcase name="@AfterMethod reporterdataSetResult" time="0.0" classname="com.hasbrop2m.security.CSVendorRetailToolingMainUser">
    <skipped/>
  </testcase> <!-- @AfterMethod reporterdataSetResult -->
  <testcase name="@AfterMethod reporterdataSetResult" time="0.0" classname="com.hasbrop2m.security.CSVendorRetailToolingMainUser">
    <skipped/>
  </testcase> <!-- @AfterMethod reporterdataSetResult -->
  <testcase name="@AfterMethod reporterdataSetResult" time="0.0" classname="com.hasbrop2m.security.CSVendorRetailToolingMainUser">
    <skipped/>
  </testcase> <!-- @AfterMethod reporterdataSetResult -->
  <testcase name="@AfterMethod reporterdataSetResult" time="0.0" classname="com.hasbrop2m.security.CSVendorRetailToolingMainUser">
    <skipped/>
  </testcase> <!-- @AfterMethod reporterdataSetResult -->
  <testcase name="@AfterMethod reporterdataSetResult" time="0.0" classname="com.hasbrop2m.security.CSVendorRetailToolingMainUser">
    <skipped/>
  </testcase> <!-- @AfterMethod reporterdataSetResult -->
  <testcase name="@AfterMethod reporterdataSetResult" time="0.0" classname="com.hasbrop2m.security.CSVendorRetailToolingMainUser">
    <skipped/>
  </testcase> <!-- @AfterMethod reporterdataSetResult -->
  <testcase name="@AfterMethod reporterdataSetResult" time="0.0" classname="com.hasbrop2m.security.CSVendorRetailToolingMainUser">
    <skipped/>
  </testcase> <!-- @AfterMethod reporterdataSetResult -->
  <testcase name="@AfterMethod reporterdataSetResult" time="0.0" classname="com.hasbrop2m.security.CSVendorRetailToolingMainUser">
    <skipped/>
  </testcase> <!-- @AfterMethod reporterdataSetResult -->
  <testcase name="@AfterMethod reporterdataSetResult" time="0.0" classname="com.hasbrop2m.security.CSVendorRetailToolingMainUser">
    <skipped/>
  </testcase> <!-- @AfterMethod reporterdataSetResult -->
  <testcase name="@AfterMethod reporterdataSetResult" time="0.0" classname="com.hasbrop2m.security.CSVendorRetailToolingMainUser">
    <skipped/>
  </testcase> <!-- @AfterMethod reporterdataSetResult -->
  <testcase name="@AfterMethod reporterdataSetResult" time="0.0" classname="com.hasbrop2m.security.CSVendorRetailToolingMainUser">
    <skipped/>
  </testcase> <!-- @AfterMethod reporterdataSetResult -->
  <testcase name="@AfterMethod reporterdataSetResult" time="0.0" classname="com.hasbrop2m.security.CSVendorRetailToolingMainUser">
    <skipped/>
  </testcase> <!-- @AfterMethod reporterdataSetResult -->
  <testcase name="@AfterMethod reporterdataSetResult" time="0.0" classname="com.hasbrop2m.security.CSVendorRetailToolingMainUser">
    <skipped/>
  </testcase> <!-- @AfterMethod reporterdataSetResult -->
  <testcase name="@AfterMethod reporterdataSetResult" time="0.0" classname="com.hasbrop2m.security.CSVendorRetailToolingMainUser">
    <skipped/>
  </testcase> <!-- @AfterMethod reporterdataSetResult -->
  <testcase name="@AfterMethod reporterdataSetResult" time="0.0" classname="com.hasbrop2m.security.CSVendorRetailToolingMainUser">
    <skipped/>
  </testcase> <!-- @AfterMethod reporterdataSetResult -->
  <testcase name="@AfterMethod reporterdataSetResult" time="0.0" classname="com.hasbrop2m.security.CSVendorRetailToolingMainUser">
    <skipped/>
  </testcase> <!-- @AfterMethod reporterdataSetResult -->
  <testcase name="@AfterMethod reporterdataSetResult" time="0.0" classname="com.hasbrop2m.security.CSVendorRetailToolingMainUser">
    <skipped/>
  </testcase> <!-- @AfterMethod reporterdataSetResult -->
  <testcase name="@AfterMethod reporterdataSetResult" time="0.0" classname="com.hasbrop2m.security.CSVendorRetailToolingMainUser">
    <skipped/>
  </testcase> <!-- @AfterMethod reporterdataSetResult -->
  <testcase name="@AfterMethod reporterdataSetResult" time="0.0" classname="com.hasbrop2m.security.CSVendorRetailToolingMainUser">
    <skipped/>
  </testcase> <!-- @AfterMethod reporterdataSetResult -->
  <testcase name="@AfterMethod reporterdataSetResult" time="0.0" classname="com.hasbrop2m.security.CSVendorRetailToolingMainUser">
    <skipped/>
  </testcase> <!-- @AfterMethod reporterdataSetResult -->
  <testcase name="@AfterMethod reporterdataSetResult" time="0.0" classname="com.hasbrop2m.security.CSVendorRetailToolingMainUser">
    <skipped/>
  </testcase> <!-- @AfterMethod reporterdataSetResult -->
  <testcase name="@AfterMethod reporterdataSetResult" time="0.0" classname="com.hasbrop2m.security.CSVendorRetailToolingMainUser">
    <skipped/>
  </testcase> <!-- @AfterMethod reporterdataSetResult -->
  <testcase name="@AfterMethod reporterdataSetResult" time="0.0" classname="com.hasbrop2m.security.CSVendorRetailToolingMainUser">
    <skipped/>
  </testcase> <!-- @AfterMethod reporterdataSetResult -->
  <testcase name="@AfterMethod reporterdataSetResult" time="0.0" classname="com.hasbrop2m.security.CSVendorRetailToolingMainUser">
    <skipped/>
  </testcase> <!-- @AfterMethod reporterdataSetResult -->
  <testcase name="@AfterMethod reporterdataSetResult" time="0.0" classname="com.hasbrop2m.security.CSVendorRetailToolingMainUser">
    <skipped/>
  </testcase> <!-- @AfterMethod reporterdataSetResult -->
  <testcase name="@AfterMethod reporterdataSetResult" time="0.0" classname="com.hasbrop2m.security.CSVendorRetailToolingMainUser">
    <skipped/>
  </testcase> <!-- @AfterMethod reporterdataSetResult -->
  <testcase name="@AfterMethod reporterdataSetResult" time="0.0" classname="com.hasbrop2m.security.CSVendorRetailToolingMainUser">
    <skipped/>
  </testcase> <!-- @AfterMethod reporterdataSetResult -->
  <testcase name="@AfterMethod reporterdataSetResult" time="0.0" classname="com.hasbrop2m.security.CSVendorRetailToolingMainUser">
    <skipped/>
  </testcase> <!-- @AfterMethod reporterdataSetResult -->
  <testcase name="@AfterMethod reporterdataSetResult" time="0.0" classname="com.hasbrop2m.security.CSVendorRetailToolingMainUser">
    <skipped/>
  </testcase> <!-- @AfterMethod reporterdataSetResult -->
  <testcase name="@AfterMethod reporterdataSetResult" time="0.0" classname="com.hasbrop2m.security.CSVendorRetailToolingMainUser">
    <skipped/>
  </testcase> <!-- @AfterMethod reporterdataSetResult -->
  <testcase name="@AfterMethod reporterdataSetResult" time="0.0" classname="com.hasbrop2m.security.CSVendorRetailToolingMainUser">
    <skipped/>
  </testcase> <!-- @AfterMethod reporterdataSetResult -->
  <testcase name="@AfterMethod reporterdataSetResult" time="0.0" classname="com.hasbrop2m.security.CSVendorRetailToolingMainUser">
    <skipped/>
  </testcase> <!-- @AfterMethod reporterdataSetResult -->
  <testcase name="@AfterMethod reporterdataSetResult" time="0.0" classname="com.hasbrop2m.security.CSVendorRetailToolingMainUser">
    <skipped/>
  </testcase> <!-- @AfterMethod reporterdataSetResult -->
  <testcase name="@AfterMethod reporterdataSetResult" time="0.0" classname="com.hasbrop2m.security.CSVendorRetailToolingMainUser">
    <skipped/>
  </testcase> <!-- @AfterMethod reporterdataSetResult -->
  <testcase name="@AfterMethod reporterdataSetResult" time="0.0" classname="com.hasbrop2m.security.CSVendorRetailToolingMainUser">
    <skipped/>
  </testcase> <!-- @AfterMethod reporterdataSetResult -->
  <testcase name="@AfterMethod reporterdataSetResult" time="0.0" classname="com.hasbrop2m.security.CSVendorRetailToolingMainUser">
    <skipped/>
  </testcase> <!-- @AfterMethod reporterdataSetResult -->
  <testcase name="@AfterMethod reporterdataSetResult" time="0.0" classname="com.hasbrop2m.security.CSVendorRetailToolingMainUser">
    <skipped/>
  </testcase> <!-- @AfterMethod reporterdataSetResult -->
  <testcase name="@AfterMethod reporterdataSetResult" time="0.0" classname="com.hasbrop2m.security.CSVendorRetailToolingMainUser">
    <skipped/>
  </testcase> <!-- @AfterMethod reporterdataSetResult -->
  <testcase name="@AfterMethod reporterdataSetResult" time="0.0" classname="com.hasbrop2m.security.CSVendorRetailToolingMainUser">
    <skipped/>
  </testcase> <!-- @AfterMethod reporterdataSetResult -->
  <testcase name="@AfterMethod reporterdataSetResult" time="0.0" classname="com.hasbrop2m.security.CSVendorRetailToolingMainUser">
    <skipped/>
  </testcase> <!-- @AfterMethod reporterdataSetResult -->
  <testcase name="@AfterMethod reporterdataSetResult" time="0.0" classname="com.hasbrop2m.security.CSVendorRetailToolingMainUser">
    <skipped/>
  </testcase> <!-- @AfterMethod reporterdataSetResult -->
  <testcase name="@AfterMethod reporterdataSetResult" time="0.0" classname="com.hasbrop2m.security.CSVendorRetailToolingMainUser">
    <skipped/>
  </testcase> <!-- @AfterMethod reporterdataSetResult -->
  <testcase name="@AfterMethod reporterdataSetResult" time="0.0" classname="com.hasbrop2m.security.CSVendorRetailToolingMainUser">
    <skipped/>
  </testcase> <!-- @AfterMethod reporterdataSetResult -->
  <testcase name="@AfterMethod reporterdataSetResult" time="0.0" classname="com.hasbrop2m.security.CSVendorRetailToolingMainUser">
    <skipped/>
  </testcase> <!-- @AfterMethod reporterdataSetResult -->
  <testcase name="@AfterMethod reporterdataSetResult" time="0.0" classname="com.hasbrop2m.security.CSVendorRetailToolingMainUser">
    <skipped/>
  </testcase> <!-- @AfterMethod reporterdataSetResult -->
  <testcase name="@AfterMethod reporterdataSetResult" time="0.0" classname="com.hasbrop2m.security.CSVendorRetailToolingMainUser">
    <skipped/>
  </testcase> <!-- @AfterMethod reporterdataSetResult -->
  <testcase name="@AfterMethod reporterdataSetResult" time="0.0" classname="com.hasbrop2m.security.CSVendorRetailToolingMainUser">
    <skipped/>
  </testcase> <!-- @AfterMethod reporterdataSetResult -->
  <testcase name="@AfterMethod reporterdataSetResult" time="0.0" classname="com.hasbrop2m.security.CSVendorRetailToolingMainUser">
    <skipped/>
  </testcase> <!-- @AfterMethod reporterdataSetResult -->
  <testcase name="@AfterMethod reporterdataSetResult" time="0.0" classname="com.hasbrop2m.security.CSVendorRetailToolingMainUser">
    <skipped/>
  </testcase> <!-- @AfterMethod reporterdataSetResult -->
  <testcase name="@AfterMethod reporterdataSetResult" time="0.0" classname="com.hasbrop2m.security.CSVendorRetailToolingMainUser">
    <skipped/>
  </testcase> <!-- @AfterMethod reporterdataSetResult -->
  <testcase name="@AfterMethod reporterdataSetResult" time="0.0" classname="com.hasbrop2m.security.CSVendorRetailToolingMainUser">
    <skipped/>
  </testcase> <!-- @AfterMethod reporterdataSetResult -->
  <testcase name="@AfterMethod reporterdataSetResult" time="0.0" classname="com.hasbrop2m.security.CSVendorRetailToolingMainUser">
    <skipped/>
  </testcase> <!-- @AfterMethod reporterdataSetResult -->
  <testcase name="@AfterMethod reporterdataSetResult" time="0.0" classname="com.hasbrop2m.security.CSVendorRetailToolingMainUser">
    <skipped/>
  </testcase> <!-- @AfterMethod reporterdataSetResult -->
  <testcase name="@AfterMethod reporterdataSetResult" time="0.0" classname="com.hasbrop2m.security.CSVendorRetailToolingMainUser">
    <skipped/>
  </testcase> <!-- @AfterMethod reporterdataSetResult -->
  <testcase name="@AfterMethod reporterdataSetResult" time="0.0" classname="com.hasbrop2m.security.CSVendorRetailToolingMainUser">
    <skipped/>
  </testcase> <!-- @AfterMethod reporterdataSetResult -->
  <testcase name="@AfterMethod reporterdataSetResult" time="0.0" classname="com.hasbrop2m.security.CSVendorRetailToolingMainUser">
    <skipped/>
  </testcase> <!-- @AfterMethod reporterdataSetResult -->
  <testcase name="@AfterMethod reporterdataSetResult" time="0.0" classname="com.hasbrop2m.security.CSVendorRetailToolingMainUser">
    <skipped/>
  </testcase> <!-- @AfterMethod reporterdataSetResult -->
  <testcase name="@AfterMethod reporterdataSetResult" time="0.0" classname="com.hasbrop2m.security.CSVendorRetailToolingMainUser">
    <skipped/>
  </testcase> <!-- @AfterMethod reporterdataSetResult -->
  <testcase name="@AfterMethod reporterdataSetResult" time="0.0" classname="com.hasbrop2m.security.CSVendorRetailToolingMainUser">
    <skipped/>
  </testcase> <!-- @AfterMethod reporterdataSetResult -->
  <testcase name="@AfterMethod reporterdataSetResult" time="0.0" classname="com.hasbrop2m.security.CSVendorRetailToolingMainUser">
    <skipped/>
  </testcase> <!-- @AfterMethod reporterdataSetResult -->
  <testcase name="@AfterMethod reporterdataSetResult" time="0.0" classname="com.hasbrop2m.security.CSVendorRetailToolingMainUser">
    <skipped/>
  </testcase> <!-- @AfterMethod reporterdataSetResult -->
  <testcase name="@AfterMethod reporterdataSetResult" time="0.0" classname="com.hasbrop2m.security.CSVendorRetailToolingMainUser">
    <skipped/>
  </testcase> <!-- @AfterMethod reporterdataSetResult -->
  <testcase name="@AfterMethod reporterdataSetResult" time="0.0" classname="com.hasbrop2m.security.CSVendorRetailToolingMainUser">
    <skipped/>
  </testcase> <!-- @AfterMethod reporterdataSetResult -->
  <testcase name="@AfterMethod reporterdataSetResult" time="0.0" classname="com.hasbrop2m.security.CSVendorRetailToolingMainUser">
    <skipped/>
  </testcase> <!-- @AfterMethod reporterdataSetResult -->
  <testcase name="@AfterMethod reporterdataSetResult" time="0.0" classname="com.hasbrop2m.security.CSVendorRetailToolingMainUser">
    <skipped/>
  </testcase> <!-- @AfterMethod reporterdataSetResult -->
  <testcase name="@AfterMethod reporterdataSetResult" time="0.0" classname="com.hasbrop2m.security.CSVendorRetailToolingMainUser">
    <skipped/>
  </testcase> <!-- @AfterMethod reporterdataSetResult -->
  <testcase name="@AfterMethod reporterdataSetResult" time="0.0" classname="com.hasbrop2m.security.CSVendorRetailToolingMainUser">
    <skipped/>
  </testcase> <!-- @AfterMethod reporterdataSetResult -->
  <testcase name="@AfterMethod reporterdataSetResult" time="0.0" classname="com.hasbrop2m.security.CSVendorRetailToolingMainUser">
    <skipped/>
  </testcase> <!-- @AfterMethod reporterdataSetResult -->
  <testcase name="@AfterMethod reporterdataSetResult" time="0.0" classname="com.hasbrop2m.security.CSVendorRetailToolingMainUser">
    <skipped/>
  </testcase> <!-- @AfterMethod reporterdataSetResult -->
  <testcase name="@AfterMethod reporterdataSetResult" time="0.0" classname="com.hasbrop2m.security.CSVendorRetailToolingMainUser">
    <skipped/>
  </testcase> <!-- @AfterMethod reporterdataSetResult -->
  <testcase name="@AfterMethod reporterdataSetResult" time="0.0" classname="com.hasbrop2m.security.CSVendorRetailToolingMainUser">
    <skipped/>
  </testcase> <!-- @AfterMethod reporterdataSetResult -->
  <testcase name="@AfterMethod reporterdataSetResult" time="0.0" classname="com.hasbrop2m.security.CSVendorRetailToolingMainUser">
    <skipped/>
  </testcase> <!-- @AfterMethod reporterdataSetResult -->
  <testcase name="@AfterMethod reporterdataSetResult" time="0.0" classname="com.hasbrop2m.security.CSVendorRetailToolingMainUser">
    <skipped/>
  </testcase> <!-- @AfterMethod reporterdataSetResult -->
  <testcase name="@AfterMethod reporterdataSetResult" time="0.0" classname="com.hasbrop2m.security.CSVendorRetailToolingMainUser">
    <skipped/>
  </testcase> <!-- @AfterMethod reporterdataSetResult -->
  <testcase name="@AfterMethod reporterdataSetResult" time="0.0" classname="com.hasbrop2m.security.CSVendorRetailToolingMainUser">
    <skipped/>
  </testcase> <!-- @AfterMethod reporterdataSetResult -->
  <testcase name="@AfterMethod reporterdataSetResult" time="0.0" classname="com.hasbrop2m.security.CSVendorRetailToolingMainUser">
    <skipped/>
  </testcase> <!-- @AfterMethod reporterdataSetResult -->
  <testcase name="@AfterMethod reporterdataSetResult" time="0.0" classname="com.hasbrop2m.security.CSVendorRetailToolingMainUser">
    <skipped/>
  </testcase> <!-- @AfterMethod reporterdataSetResult -->
  <testcase name="@AfterMethod reporterdataSetResult" time="0.0" classname="com.hasbrop2m.security.CSVendorRetailToolingMainUser">
    <skipped/>
  </testcase> <!-- @AfterMethod reporterdataSetResult -->
  <testcase name="@AfterMethod reporterdataSetResult" time="0.0" classname="com.hasbrop2m.security.CSVendorRetailToolingMainUser">
    <skipped/>
  </testcase> <!-- @AfterMethod reporterdataSetResult -->
  <testcase name="@AfterMethod reporterdataSetResult" time="0.0" classname="com.hasbrop2m.security.CSVendorRetailToolingMainUser">
    <skipped/>
  </testcase> <!-- @AfterMethod reporterdataSetResult -->
  <testcase name="@AfterMethod reporterdataSetResult" time="0.0" classname="com.hasbrop2m.security.CSVendorRetailToolingMainUser">
    <skipped/>
  </testcase> <!-- @AfterMethod reporterdataSetResult -->
  <testcase name="@AfterMethod reporterdataSetResult" time="0.0" classname="com.hasbrop2m.security.CSVendorRetailToolingMainUser">
    <skipped/>
[...]
  </testcase> <!-- tcCostSheet -->
  <testcase name="tcCostSheet" time="0.0" classname="com.hasbrop2m.security.CSVendorRetailToolingMainUser">
    <skipped/>
  </testcase> <!-- tcCostSheet -->
  <testcase name="tcCostSheet" time="0.0" classname="com.hasbrop2m.security.CSVendorRetailToolingMainUser">
    <skipped/>
  </testcase> <!-- tcCostSheet -->
  <testcase name="tcCostSheet" time="0.0" classname="com.hasbrop2m.security.CSVendorRetailToolingMainUser">
    <skipped/>
  </testcase> <!-- tcCostSheet -->
  <testcase name="tcCostSheet" time="0.0" classname="com.hasbrop2m.security.CSVendorRetailToolingMainUser">
    <skipped/>
  </testcase> <!-- tcCostSheet -->
  <testcase name="tcCostSheet" time="0.0" classname="com.hasbrop2m.security.CSVendorRetailToolingMainUser">
    <skipped/>
  </testcase> <!-- tcCostSheet -->
  <testcase name="tcCostSheet" time="0.0" classname="com.hasbrop2m.security.CSVendorRetailToolingMainUser">
    <skipped/>
  </testcase> <!-- tcCostSheet -->
  <testcase name="tcCostSheet" time="0.0" classname="com.hasbrop2m.security.CSVendorRetailToolingMainUser">
    <skipped/>
  </testcase> <!-- tcCostSheet -->
  <testcase name="tcCostSheet" time="0.0" classname="com.hasbrop2m.security.CSVendorRetailToolingMainUser">
    <skipped/>
  </testcase> <!-- tcCostSheet -->
  <testcase name="tcCostSheet" time="0.0" classname="com.hasbrop2m.security.CSVendorRetailToolingMainUser">
    <skipped/>
  </testcase> <!-- tcCostSheet -->
  <testcase name="tcCostSheet" time="0.0" classname="com.hasbrop2m.security.CSVendorRetailToolingMainUser">
    <skipped/>
  </testcase> <!-- tcCostSheet -->
  <testcase name="tcCostSheet" time="0.0" classname="com.hasbrop2m.security.CSVendorRetailToolingMainUser">
    <skipped/>
  </testcase> <!-- tcCostSheet -->
  <testcase name="tcCostSheet" time="0.0" classname="com.hasbrop2m.security.CSVendorRetailToolingMainUser">
    <skipped/>
  </testcase> <!-- tcCostSheet -->
  <testcase name="tcCostSheet" time="0.0" classname="com.hasbrop2m.security.CSVendorRetailToolingMainUser">
    <skipped/>
  </testcase> <!-- tcCostSheet -->
  <testcase name="tcCostSheet" time="0.0" classname="com.hasbrop2m.security.CSVendorRetailToolingMainUser">
    <skipped/>
  </testcase> <!-- tcCostSheet -->
  <testcase name="tcCostSheet" time="0.0" classname="com.hasbrop2m.security.CSVendorRetailToolingMainUser">
    <skipped/>
  </testcase> <!-- tcCostSheet -->
  <testcase name="tcCostSheet" time="0.0" classname="com.hasbrop2m.security.CSVendorRetailToolingMainUser">
    <skipped/>
  </testcase> <!-- tcCostSheet -->
  <testcase name="tcCostSheet" time="0.0" classname="com.hasbrop2m.security.CSVendorRetailToolingMainUser">
    <skipped/>
  </testcase> <!-- tcCostSheet -->
  <testcase name="tcCostSheet" time="0.0" classname="com.hasbrop2m.security.CSVendorRetailToolingMainUser">
    <skipped/>
  </testcase> <!-- tcCostSheet -->
  <testcase name="tcCostSheet" time="0.0" classname="com.hasbrop2m.security.CSVendorRetailToolingMainUser">
    <skipped/>
  </testcase> <!-- tcCostSheet -->
  <testcase name="tcCostSheet" time="0.0" classname="com.hasbrop2m.security.CSVendorRetailToolingMainUser">
    <skipped/>
  </testcase> <!-- tcCostSheet -->
  <testcase name="tcCostSheet" time="0.0" classname="com.hasbrop2m.security.CSVendorRetailToolingMainUser">
    <skipped/>
  </testcase> <!-- tcCostSheet -->
  <testcase name="tcCostSheet" time="0.0" classname="com.hasbrop2m.security.CSVendorRetailToolingMainUser">
    <skipped/>
  </testcase> <!-- tcCostSheet -->
  <testcase name="tcCostSheet" time="0.0" classname="com.hasbrop2m.security.CSVendorRetailToolingMainUser">
    <skipped/>
  </testcase> <!-- tcCostSheet -->
  <testcase name="tcCostSheet" time="0.0" classname="com.hasbrop2m.security.CSVendorRetailToolingMainUser">
    <skipped/>
  </testcase> <!-- tcCostSheet -->
  <testcase name="tcCostSheet" time="0.0" classname="com.hasbrop2m.security.CSVendorRetailToolingMainUser">
    <skipped/>
  </testcase> <!-- tcCostSheet -->
  <testcase name="tcCostSheet" time="0.0" classname="com.hasbrop2m.security.CSVendorRetailToolingMainUser">
    <skipped/>
  </testcase> <!-- tcCostSheet -->
  <testcase name="tcCostSheet" time="0.0" classname="com.hasbrop2m.security.CSVendorRetailToolingMainUser">
    <skipped/>
  </testcase> <!-- tcCostSheet -->
  <testcase name="tcCostSheet" time="0.0" classname="com.hasbrop2m.security.CSVendorRetailToolingMainUser">
    <skipped/>
  </testcase> <!-- tcCostSheet -->
  <testcase name="tcCostSheet" time="0.0" classname="com.hasbrop2m.security.CSVendorRetailToolingMainUser">
    <skipped/>
  </testcase> <!-- tcCostSheet -->
  <testcase name="tcCostSheet" time="0.0" classname="com.hasbrop2m.security.CSVendorRetailToolingMainUser">
    <skipped/>
  </testcase> <!-- tcCostSheet -->
  <testcase name="tcCostSheet" time="0.0" classname="com.hasbrop2m.security.CSVendorRetailToolingMainUser">
    <skipped/>
  </testcase> <!-- tcCostSheet -->
  <testcase name="tcCostSheet" time="0.0" classname="com.hasbrop2m.security.CSVendorRetailToolingMainUser">
    <skipped/>
  </testcase> <!-- tcCostSheet -->
  <testcase name="tcCostSheet" time="0.0" classname="com.hasbrop2m.security.CSVendorRetailToolingMainUser">
    <skipped/>
  </testcase> <!-- tcCostSheet -->
  <testcase name="tcCostSheet" time="0.0" classname="com.hasbrop2m.security.CSVendorRetailToolingMainUser">
    <skipped/>
  </testcase> <!-- tcCostSheet -->
  <testcase name="tcCostSheet" time="0.0" classname="com.hasbrop2m.security.CSVendorRetailToolingMainUser">
    <skipped/>
  </testcase> <!-- tcCostSheet -->
  <testcase name="tcCostSheet" time="0.0" classname="com.hasbrop2m.security.CSVendorRetailToolingMainUser">
    <skipped/>
  </testcase> <!-- tcCostSheet -->
  <testcase name="tcCostSheet" time="0.0" classname="com.hasbrop2m.security.CSVendorRetailToolingMainUser">
    <skipped/>
  </testcase> <!-- tcCostSheet -->
  <testcase name="tcCostSheet" time="0.0" classname="com.hasbrop2m.security.CSVendorRetailToolingMainUser">
    <skipped/>
  </testcase> <!-- tcCostSheet -->
  <testcase name="tcCostSheet" time="0.0" classname="com.hasbrop2m.security.CSVendorRetailToolingMainUser">
    <skipped/>
  </testcase> <!-- tcCostSheet -->
  <testcase name="tcCostSheet" time="0.0" classname="com.hasbrop2m.security.CSVendorRetailToolingMainUser">
    <skipped/>
  </testcase> <!-- tcCostSheet -->
  <testcase name="tcCostSheet" time="0.0" classname="com.hasbrop2m.security.CSVendorRetailToolingMainUser">
    <skipped/>
  </testcase> <!-- tcCostSheet -->
  <testcase name="tcCostSheet" time="0.0" classname="com.hasbrop2m.security.CSVendorRetailToolingMainUser">
    <skipped/>
  </testcase> <!-- tcCostSheet -->
  <testcase name="tcCostSheet" time="0.0" classname="com.hasbrop2m.security.CSVendorRetailToolingMainUser">
    <skipped/>
  </testcase> <!-- tcCostSheet -->
  <testcase name="tcCostSheet" time="0.0" classname="com.hasbrop2m.security.CSVendorRetailToolingMainUser">
    <skipped/>
  </testcase> <!-- tcCostSheet -->
  <testcase name="tcCostSheet" time="0.0" classname="com.hasbrop2m.security.CSVendorRetailToolingMainUser">
    <skipped/>
  </testcase> <!-- tcCostSheet -->
  <testcase name="tcCostSheet" time="0.0" classname="com.hasbrop2m.security.CSVendorRetailToolingMainUser">
    <skipped/>
  </testcase> <!-- tcCostSheet -->
  <testcase name="tcCostSheet" time="0.0" classname="com.hasbrop2m.security.CSVendorRetailToolingMainUser">
    <skipped/>
  </testcase> <!-- tcCostSheet -->
  <testcase name="tcCostSheet" time="0.0" classname="com.hasbrop2m.security.CSVendorRetailToolingMainUser">
    <skipped/>
  </testcase> <!-- tcCostSheet -->
  <testcase name="tcCostSheet" time="0.0" classname="com.hasbrop2m.security.CSVendorRetailToolingMainUser">
    <skipped/>
  </testcase> <!-- tcCostSheet -->
  <testcase name="tcCostSheet" time="0.0" classname="com.hasbrop2m.security.CSVendorRetailToolingMainUser">
    <skipped/>
  </testcase> <!-- tcCostSheet -->
  <testcase name="tcCostSheet" time="0.0" classname="com.hasbrop2m.security.CSVendorRetailToolingMainUser">
    <skipped/>
  </testcase> <!-- tcCostSheet -->
  <testcase name="tcCostSheet" time="0.0" classname="com.hasbrop2m.security.CSVendorRetailToolingMainUser">
    <skipped/>
  </testcase> <!-- tcCostSheet -->
  <testcase name="tcCostSheet" time="0.0" classname="com.hasbrop2m.security.CSVendorRetailToolingMainUser">
    <skipped/>
  </testcase> <!-- tcCostSheet -->
  <testcase name="tcCostSheet" time="0.0" classname="com.hasbrop2m.security.CSVendorRetailToolingMainUser">
    <skipped/>
  </testcase> <!-- tcCostSheet -->
  <testcase name="tcCostSheet" time="0.0" classname="com.hasbrop2m.security.CSVendorRetailToolingMainUser">
    <skipped/>
  </testcase> <!-- tcCostSheet -->
  <testcase name="tcCostSheet" time="0.0" classname="com.hasbrop2m.security.CSVendorRetailToolingMainUser">
    <skipped/>
  </testcase> <!-- tcCostSheet -->
  <testcase name="tcCostSheet" time="0.0" classname="com.hasbrop2m.security.CSVendorRetailToolingMainUser">
    <skipped/>
  </testcase> <!-- tcCostSheet -->
  <testcase name="tcCostSheet" time="0.0" classname="com.hasbrop2m.security.CSVendorRetailToolingMainUser">
    <skipped/>
  </testcase> <!-- tcCostSheet -->
  <testcase name="tcCostSheet" time="0.0" classname="com.hasbrop2m.security.CSVendorRetailToolingMainUser">
    <skipped/>
  </testcase> <!-- tcCostSheet -->
  <testcase name="tcCostSheet" time="0.0" classname="com.hasbrop2m.security.CSVendorRetailToolingMainUser">
    <skipped/>
  </testcase> <!-- tcCostSheet -->
  <testcase name="tcCostSheet" time="0.0" classname="com.hasbrop2m.security.CSVendorRetailToolingMainUser">
    <skipped/>
  </testcase> <!-- tcCostSheet -->
  <testcase name="tcCostSheet" time="0.0" classname="com.hasbrop2m.security.CSVendorRetailToolingMainUser">
    <skipped/>
  </testcase> <!-- tcCostSheet -->
  <testcase name="tcCostSheet" time="0.0" classname="com.hasbrop2m.security.CSVendorRetailToolingMainUser">
    <skipped/>
  </testcase> <!-- tcCostSheet -->
  <testcase name="tcCostSheet" time="0.0" classname="com.hasbrop2m.security.CSVendorRetailToolingMainUser">
    <skipped/>
  </testcase> <!-- tcCostSheet -->
  <testcase name="tcCostSheet" time="0.0" classname="com.hasbrop2m.security.CSVendorRetailToolingMainUser">
    <skipped/>
  </testcase> <!-- tcCostSheet -->
  <testcase name="tcCostSheet" time="0.0" classname="com.hasbrop2m.security.CSVendorRetailToolingMainUser">
    <skipped/>
  </testcase> <!-- tcCostSheet -->
  <testcase name="tcCostSheet" time="0.0" classname="com.hasbrop2m.security.CSVendorRetailToolingMainUser">
    <skipped/>
  </testcase> <!-- tcCostSheet -->
  <testcase name="tcCostSheet" time="0.0" classname="com.hasbrop2m.security.CSVendorRetailToolingMainUser">
    <skipped/>
  </testcase> <!-- tcCostSheet -->
  <testcase name="tcCostSheet" time="0.0" classname="com.hasbrop2m.security.CSVendorRetailToolingMainUser">
    <skipped/>
  </testcase> <!-- tcCostSheet -->
  <testcase name="tcCostSheet" time="0.0" classname="com.hasbrop2m.security.CSVendorRetailToolingMainUser">
    <skipped/>
  </testcase> <!-- tcCostSheet -->
  <testcase name="tcCostSheet" time="0.0" classname="com.hasbrop2m.security.CSVendorRetailToolingMainUser">
    <skipped/>
  </testcase> <!-- tcCostSheet -->
  <testcase name="tcCostSheet" time="0.0" classname="com.hasbrop2m.security.CSVendorRetailToolingMainUser">
    <skipped/>
  </testcase> <!-- tcCostSheet -->
  <testcase name="tcCostSheet" time="0.0" classname="com.hasbrop2m.security.CSVendorRetailToolingMainUser">
    <skipped/>
  </testcase> <!-- tcCostSheet -->
  <testcase name="tcCostSheet" time="0.0" classname="com.hasbrop2m.security.CSVendorRetailToolingMainUser">
    <skipped/>
  </testcase> <!-- tcCostSheet -->
  <testcase name="tcCostSheet" time="0.0" classname="com.hasbrop2m.security.CSVendorRetailToolingMainUser">
    <skipped/>
  </testcase> <!-- tcCostSheet -->
  <testcase name="tcCostSheet" time="0.0" classname="com.hasbrop2m.security.CSVendorRetailToolingMainUser">
    <skipped/>
  </testcase> <!-- tcCostSheet -->
  <testcase name="tcCostSheet" time="0.0" classname="com.hasbrop2m.security.CSVendorRetailToolingMainUser">
    <skipped/>
  </testcase> <!-- tcCostSheet -->
  <testcase name="tcCostSheet" time="0.0" classname="com.hasbrop2m.security.CSVendorRetailToolingMainUser">
    <skipped/>
  </testcase> <!-- tcCostSheet -->
  <testcase name="tcCostSheet" time="0.0" classname="com.hasbrop2m.security.CSVendorRetailToolingMainUser">
    <skipped/>
  </testcase> <!-- tcCostSheet -->
  <testcase name="tcCostSheet" time="0.0" classname="com.hasbrop2m.security.CSVendorRetailToolingMainUser">
    <skipped/>
  </testcase> <!-- tcCostSheet -->
  <testcase name="tcCostSheet" time="0.0" classname="com.hasbrop2m.security.CSVendorRetailToolingMainUser">
    <skipped/>
  </testcase> <!-- tcCostSheet -->
  <testcase name="tcCostSheet" time="0.0" classname="com.hasbrop2m.security.CSVendorRetailToolingMainUser">
    <skipped/>
  </testcase> <!-- tcCostSheet -->
  <testcase name="tcCostSheet" time="0.0" classname="com.hasbrop2m.security.CSVendorRetailToolingMainUser">
    <skipped/>
  </testcase> <!-- tcCostSheet -->
  <testcase name="tcCostSheet" time="0.0" classname="com.hasbrop2m.security.CSVendorRetailToolingMainUser">
    <skipped/>
  </testcase> <!-- tcCostSheet -->
  <testcase name="tcCostSheet" time="0.0" classname="com.hasbrop2m.security.CSVendorRetailToolingMainUser">
    <skipped/>
  </testcase> <!-- tcCostSheet -->
  <testcase name="tcCostSheet" time="0.0" classname="com.hasbrop2m.security.CSVendorRetailToolingMainUser">
    <skipped/>
  </testcase> <!-- tcCostSheet -->
  <testcase name="tcCostSheet" time="0.0" classname="com.hasbrop2m.security.CSVendorRetailToolingMainUser">
    <skipped/>
  </testcase> <!-- tcCostSheet -->
  <testcase name="tcCostSheet" time="0.0" classname="com.hasbrop2m.security.CSVendorRetailToolingMainUser">
    <skipped/>
  </testcase> <!-- tcCostSheet -->
  <testcase name="tcCostSheet" time="0.0" classname="com.hasbrop2m.security.CSVendorRetailToolingMainUser">
    <skipped/>
  </testcase> <!-- tcCostSheet -->
  <testcase name="tcCostSheet" time="0.0" classname="com.hasbrop2m.security.CSVendorRetailToolingMainUser">
    <skipped/>
  </testcase> <!-- tcCostSheet -->
  <testcase name="tcCostSheet" time="0.0" classname="com.hasbrop2m.security.CSVendorRetailToolingMainUser">
    <skipped/>
  </testcase> <!-- tcCostSheet -->
  <testcase name="tcCostSheet" time="0.0" classname="com.hasbrop2m.security.CSVendorRetailToolingMainUser">
    <skipped/>
  </testcase> <!-- tcCostSheet -->
  <testcase name="tcCostSheet" time="0.0" classname="com.hasbrop2m.security.CSVendorRetailToolingMainUser">
    <skipped/>
  </testcase> <!-- tcCostSheet -->
  <testcase name="tcCostSheet" time="0.0" classname="com.hasbrop2m.security.CSVendorRetailToolingMainUser">
    <skipped/>
  </testcase> <!-- tcCostSheet -->
  <testcase name="tcCostSheet" time="0.0" classname="com.hasbrop2m.security.CSVendorRetailToolingMainUser">
    <skipped/>
  </testcase> <!-- tcCostSheet -->
  <testcase name="tcCostSheet" time="0.0" classname="com.hasbrop2m.security.CSVendorRetailToolingMainUser">
    <skipped/>
  </testcase> <!-- tcCostSheet -->
  <testcase name="tcCostSheet" time="0.0" classname="com.hasbrop2m.security.CSVendorRetailToolingMainUser">
    <skipped/>
  </testcase> <!-- tcCostSheet -->
  <testcase name="tcCostSheet" time="0.0" classname="com.hasbrop2m.security.CSVendorRetailToolingMainUser">
    <skipped/>
  </testcase> <!-- tcCostSheet -->
  <testcase name="tcCostSheet" time="0.0" classname="com.hasbrop2m.security.CSVendorRetailToolingMainUser">
    <skipped/>
  </testcase> <!-- tcCostSheet -->
  <testcase name="tcCostSheet" time="0.0" classname="com.hasbrop2m.security.CSVendorRetailToolingMainUser">
    <skipped/>
  </testcase> <!-- tcCostSheet -->
  <testcase name="tcCostSheet" time="0.0" classname="com.hasbrop2m.security.CSVendorRetailToolingMainUser">
    <skipped/>
  </testcase> <!-- tcCostSheet -->
  <testcase name="tcCostSheet" time="0.0" classname="com.hasbrop2m.security.CSVendorRetailToolingMainUser">
    <skipped/>
  </testcase> <!-- tcCostSheet -->
  <testcase name="tcCostSheet" time="0.0" classname="com.hasbrop2m.security.CSVendorRetailToolingMainUser">
    <skipped/>
  </testcase> <!-- tcCostSheet -->
  <testcase name="tcCostSheet" time="0.0" classname="com.hasbrop2m.security.CSVendorRetailToolingMainUser">
    <skipped/>
  </testcase> <!-- tcCostSheet -->
  <testcase name="tcCostSheet" time="0.0" classname="com.hasbrop2m.security.CSVendorRetailToolingMainUser">
    <skipped/>
  </testcase> <!-- tcCostSheet -->
  <testcase name="tcCostSheet" time="0.0" classname="com.hasbrop2m.security.CSVendorRetailToolingMainUser">
    <skipped/>
  </testcase> <!-- tcCostSheet -->
  <testcase name="tcCostSheet" time="0.0" classname="com.hasbrop2m.security.CSVendorRetailToolingMainUser">
    <skipped/>
  </testcase> <!-- tcCostSheet -->
  <testcase name="tcCostSheet" time="0.0" classname="com.hasbrop2m.security.CSVendorRetailToolingMainUser">
    <skipped/>
  </testcase> <!-- tcCostSheet -->
  <testcase name="tcCostSheet" time="0.0" classname="com.hasbrop2m.security.CSVendorRetailToolingMainUser">
    <skipped/>
  </testcase> <!-- tcCostSheet -->
  <testcase name="tcCostSheet" time="0.0" classname="com.hasbrop2m.security.CSVendorRetailToolingMainUser">
    <skipped/>
  </testcase> <!-- tcCostSheet -->
  <testcase name="tcCostSheet" time="0.0" classname="com.hasbrop2m.security.CSVendorRetailToolingMainUser">
    <skipped/>
  </testcase> <!-- tcCostSheet -->
  <testcase name="tcCostSheet" time="0.0" classname="com.hasbrop2m.security.CSVendorRetailToolingMainUser">
    <skipped/>
  </testcase> <!-- tcCostSheet -->
  <testcase name="tcCostSheet" time="0.0" classname="com.hasbrop2m.security.CSVendorRetailToolingMainUser">
    <skipped/>
  </testcase> <!-- tcCostSheet -->
  <testcase name="tcCostSheet" time="0.0" classname="com.hasbrop2m.security.CSVendorRetailToolingMainUser">
    <skipped/>
  </testcase> <!-- tcCostSheet -->
  <testcase name="tcCostSheet" time="0.0" classname="com.hasbrop2m.security.CSVendorRetailToolingMainUser">
    <skipped/>
  </testcase> <!-- tcCostSheet -->
  <testcase name="tcCostSheet" time="0.0" classname="com.hasbrop2m.security.CSVendorRetailToolingMainUser">
    <skipped/>
  </testcase> <!-- tcCostSheet -->
  <testcase name="tcCostSheet" time="0.0" classname="com.hasbrop2m.security.CSVendorRetailToolingMainUser">
    <skipped/>
  </testcase> <!-- tcCostSheet -->
  <testcase name="tcCostSheet" time="0.0" classname="com.hasbrop2m.security.CSVendorRetailToolingMainUser">
    <skipped/>
  </testcase> <!-- tcCostSheet -->
  <testcase name="tcCostSheet" time="0.0" classname="com.hasbrop2m.security.CSVendorRetailToolingMainUser">
    <skipped/>
  </testcase> <!-- tcCostSheet -->
  <testcase name="tcCostSheet" time="0.0" classname="com.hasbrop2m.security.CSVendorRetailToolingMainUser">
    <skipped/>
  </testcase> <!-- tcCostSheet -->
  <testcase name="tcCostSheet" time="0.0" classname="com.hasbrop2m.security.CSVendorRetailToolingMainUser">
    <skipped/>
  </testcase> <!-- tcCostSheet -->
  <testcase name="tcCostSheet" time="0.0" classname="com.hasbrop2m.security.CSVendorRetailToolingMainUser">
    <skipped/>
  </testcase> <!-- tcCostSheet -->
  <testcase name="tcCostSheet" time="0.0" classname="com.hasbrop2m.security.CSVendorRetailToolingMainUser">
    <skipped/>
  </testcase> <!-- tcCostSheet -->
  <testcase name="tcCostSheet" time="0.0" classname="com.hasbrop2m.security.CSVendorRetailToolingMainUser">
    <skipped/>
  </testcase> <!-- tcCostSheet -->
  <testcase name="tcCostSheet" time="0.0" classname="com.hasbrop2m.security.CSVendorRetailToolingMainUser">
    <skipped/>
  </testcase> <!-- tcCostSheet -->
  <testcase name="tcCostSheet" time="0.0" classname="com.hasbrop2m.security.CSVendorRetailToolingMainUser">
    <skipped/>
  </testcase> <!-- tcCostSheet -->
</testsuite> <!-- CSVendorRetailToolingMainUser -->
