<?xml version="1.0" encoding="UTF-8"?>
<!-- Generated by org.testng.reporters.JUnitXMLReporter -->
<testsuite hostname="BDC6-LX-723061Y" ignored="0" name="PlaceHolderDevPlan" tests="1" failures="0" timestamp="10 Sep 2018 06:51:57 GMT" time="0.009" errors="0">
  <testcase name="@BeforeTest checkTestcaseSkip" time="0.002" classname="com.hasbrop2m.security.PlaceHolderDevPlan">
    <skipped/>
  </testcase> <!-- @BeforeTest checkTestcaseSkip -->
  <testcase name="@AfterTest reportTestcaseResult" time="0.0" classname="com.hasbrop2m.security.PlaceHolderDevPlan">
    <skipped/>
  </testcase> <!-- @AfterTest reportTestcaseResult -->
  <testcase name="tcPlaceHolderDevPlan" time="0.0" classname="com.hasbrop2m.security.PlaceHolderDevPlan">
    <skipped/>
  </testcase> <!-- tcPlaceHolderDevPlan -->
</testsuite> <!-- PlaceHolderDevPlan -->
