<?xml version="1.0" encoding="UTF-8"?>
<!-- Generated by org.testng.reporters.JUnitXMLReporter -->
<testsuite hostname="BDC6-LX-723061Y" ignored="0" name="Season" tests="42" failures="0" timestamp="10 Sep 2018 07:29:07 GMT" time="0.353" errors="0">
  <testcase name="@BeforeTest checkTestcaseSkip" time="0.004" classname="com.hasbrop2m.security.Season">
    <skipped/>
  </testcase> <!-- @BeforeTest checkTestcaseSkip -->
  <testcase name="@AfterMethod reporterdataSetResult" time="0.0" classname="com.hasbrop2m.security.Season">
    <skipped/>
  </testcase> <!-- @AfterMethod reporterdataSetResult -->
  <testcase name="@AfterMethod reporterdataSetResult" time="0.0" classname="com.hasbrop2m.security.Season">
    <skipped/>
  </testcase> <!-- @AfterMethod reporterdataSetResult -->
  <testcase name="@AfterMethod reporterdataSetResult" time="0.0" classname="com.hasbrop2m.security.Season">
    <skipped/>
  </testcase> <!-- @AfterMethod reporterdataSetResult -->
  <testcase name="@AfterMethod reporterdataSetResult" time="0.0" classname="com.hasbrop2m.security.Season">
    <skipped/>
  </testcase> <!-- @AfterMethod reporterdataSetResult -->
  <testcase name="@AfterMethod reporterdataSetResult" time="0.0" classname="com.hasbrop2m.security.Season">
    <skipped/>
  </testcase> <!-- @AfterMethod reporterdataSetResult -->
  <testcase name="@AfterMethod reporterdataSetResult" time="0.0" classname="com.hasbrop2m.security.Season">
    <skipped/>
  </testcase> <!-- @AfterMethod reporterdataSetResult -->
  <testcase name="@AfterMethod reporterdataSetResult" time="0.0" classname="com.hasbrop2m.security.Season">
    <skipped/>
  </testcase> <!-- @AfterMethod reporterdataSetResult -->
  <testcase name="@AfterMethod reporterdataSetResult" time="0.0" classname="com.hasbrop2m.security.Season">
    <skipped/>
  </testcase> <!-- @AfterMethod reporterdataSetResult -->
  <testcase name="@AfterMethod reporterdataSetResult" time="0.0" classname="com.hasbrop2m.security.Season">
    <skipped/>
  </testcase> <!-- @AfterMethod reporterdataSetResult -->
  <testcase name="@AfterMethod reporterdataSetResult" time="0.0" classname="com.hasbrop2m.security.Season">
    <skipped/>
  </testcase> <!-- @AfterMethod reporterdataSetResult -->
  <testcase name="@AfterMethod reporterdataSetResult" time="0.0" classname="com.hasbrop2m.security.Season">
    <skipped/>
  </testcase> <!-- @AfterMethod reporterdataSetResult -->
  <testcase name="@AfterMethod reporterdataSetResult" time="0.0" classname="com.hasbrop2m.security.Season">
    <skipped/>
  </testcase> <!-- @AfterMethod reporterdataSetResult -->
  <testcase name="@AfterMethod reporterdataSetResult" time="0.0" classname="com.hasbrop2m.security.Season">
    <skipped/>
  </testcase> <!-- @AfterMethod reporterdataSetResult -->
  <testcase name="@AfterMethod reporterdataSetResult" time="0.0" classname="com.hasbrop2m.security.Season">
    <skipped/>
  </testcase> <!-- @AfterMethod reporterdataSetResult -->
  <testcase name="@AfterMethod reporterdataSetResult" time="0.0" classname="com.hasbrop2m.security.Season">
    <skipped/>
  </testcase> <!-- @AfterMethod reporterdataSetResult -->
  <testcase name="@AfterMethod reporterdataSetResult" time="0.0" classname="com.hasbrop2m.security.Season">
    <skipped/>
  </testcase> <!-- @AfterMethod reporterdataSetResult -->
  <testcase name="@AfterMethod reporterdataSetResult" time="0.0" classname="com.hasbrop2m.security.Season">
    <skipped/>
  </testcase> <!-- @AfterMethod reporterdataSetResult -->
  <testcase name="@AfterMethod reporterdataSetResult" time="0.0" classname="com.hasbrop2m.security.Season">
    <skipped/>
  </testcase> <!-- @AfterMethod reporterdataSetResult -->
  <testcase name="@AfterMethod reporterdataSetResult" time="0.0" classname="com.hasbrop2m.security.Season">
    <skipped/>
  </testcase> <!-- @AfterMethod reporterdataSetResult -->
  <testcase name="@AfterMethod reporterdataSetResult" time="0.0" classname="com.hasbrop2m.security.Season">
    <skipped/>
  </testcase> <!-- @AfterMethod reporterdataSetResult -->
  <testcase name="@AfterMethod reporterdataSetResult" time="0.0" classname="com.hasbrop2m.security.Season">
    <skipped/>
  </testcase> <!-- @AfterMethod reporterdataSetResult -->
  <testcase name="@AfterMethod reporterdataSetResult" time="0.0" classname="com.hasbrop2m.security.Season">
    <skipped/>
  </testcase> <!-- @AfterMethod reporterdataSetResult -->
  <testcase name="@AfterMethod reporterdataSetResult" time="0.0" classname="com.hasbrop2m.security.Season">
    <skipped/>
  </testcase> <!-- @AfterMethod reporterdataSetResult -->
  <testcase name="@AfterMethod reporterdataSetResult" time="0.0" classname="com.hasbrop2m.security.Season">
    <skipped/>
  </testcase> <!-- @AfterMethod reporterdataSetResult -->
  <testcase name="@AfterMethod reporterdataSetResult" time="0.0" classname="com.hasbrop2m.security.Season">
    <skipped/>
  </testcase> <!-- @AfterMethod reporterdataSetResult -->
  <testcase name="@AfterMethod reporterdataSetResult" time="0.0" classname="com.hasbrop2m.security.Season">
    <skipped/>
  </testcase> <!-- @AfterMethod reporterdataSetResult -->
  <testcase name="@AfterMethod reporterdataSetResult" time="0.0" classname="com.hasbrop2m.security.Season">
    <skipped/>
  </testcase> <!-- @AfterMethod reporterdataSetResult -->
  <testcase name="@AfterMethod reporterdataSetResult" time="0.0" classname="com.hasbrop2m.security.Season">
    <skipped/>
  </testcase> <!-- @AfterMethod reporterdataSetResult -->
  <testcase name="@AfterMethod reporterdataSetResult" time="0.0" classname="com.hasbrop2m.security.Season">
    <skipped/>
  </testcase> <!-- @AfterMethod reporterdataSetResult -->
  <testcase name="@AfterMethod reporterdataSetResult" time="0.0" classname="com.hasbrop2m.security.Season">
    <skipped/>
  </testcase> <!-- @AfterMethod reporterdataSetResult -->
  <testcase name="@AfterMethod reporterdataSetResult" time="0.0" classname="com.hasbrop2m.security.Season">
    <skipped/>
  </testcase> <!-- @AfterMethod reporterdataSetResult -->
  <testcase name="@AfterMethod reporterdataSetResult" time="0.0" classname="com.hasbrop2m.security.Season">
    <skipped/>
  </testcase> <!-- @AfterMethod reporterdataSetResult -->
  <testcase name="@AfterMethod reporterdataSetResult" time="0.0" classname="com.hasbrop2m.security.Season">
    <skipped/>
  </testcase> <!-- @AfterMethod reporterdataSetResult -->
  <testcase name="@AfterMethod reporterdataSetResult" time="0.0" classname="com.hasbrop2m.security.Season">
    <skipped/>
  </testcase> <!-- @AfterMethod reporterdataSetResult -->
  <testcase name="@AfterMethod reporterdataSetResult" time="0.0" classname="com.hasbrop2m.security.Season">
    <skipped/>
  </testcase> <!-- @AfterMethod reporterdataSetResult -->
  <testcase name="@AfterMethod reporterdataSetResult" time="0.0" classname="com.hasbrop2m.security.Season">
    <skipped/>
  </testcase> <!-- @AfterMethod reporterdataSetResult -->
  <testcase name="@AfterMethod reporterdataSetResult" time="0.0" classname="com.hasbrop2m.security.Season">
    <skipped/>
  </testcase> <!-- @AfterMethod reporterdataSetResult -->
  <testcase name="@AfterMethod reporterdataSetResult" time="0.0" classname="com.hasbrop2m.security.Season">
    <skipped/>
  </testcase> <!-- @AfterMethod reporterdataSetResult -->
  <testcase name="@AfterMethod reporterdataSetResult" time="0.0" classname="com.hasbrop2m.security.Season">
    <skipped/>
  </testcase> <!-- @AfterMethod reporterdataSetResult -->
  <testcase name="@AfterMethod reporterdataSetResult" time="0.0" classname="com.hasbrop2m.security.Season">
    <skipped/>
  </testcase> <!-- @AfterMethod reporterdataSetResult -->
  <testcase name="@AfterMethod reporterdataSetResult" time="0.0" classname="com.hasbrop2m.security.Season">
    <skipped/>
  </testcase> <!-- @AfterMethod reporterdataSetResult -->
  <testcase name="@AfterMethod reporterdataSetResult" time="0.0" classname="com.hasbrop2m.security.Season">
    <skipped/>
  </testcase> <!-- @AfterMethod reporterdataSetResult -->
  <testcase name="@AfterTest reportTestcaseResult" time="0.0" classname="com.hasbrop2m.security.Season">
    <skipped/>
  </testcase> <!-- @AfterTest reportTestcaseResult -->
  <testcase name="tcSeason" time="0.0" classname="com.hasbrop2m.security.Season">
    <skipped/>
  </testcase> <!-- tcSeason -->
  <testcase name="tcSeason" time="0.0" classname="com.hasbrop2m.security.Season">
    <skipped/>
  </testcase> <!-- tcSeason -->
  <testcase name="tcSeason" time="0.0" classname="com.hasbrop2m.security.Season">
    <skipped/>
  </testcase> <!-- tcSeason -->
  <testcase name="tcSeason" time="0.0" classname="com.hasbrop2m.security.Season">
    <skipped/>
  </testcase> <!-- tcSeason -->
  <testcase name="tcSeason" time="0.0" classname="com.hasbrop2m.security.Season">
    <skipped/>
  </testcase> <!-- tcSeason -->
  <testcase name="tcSeason" time="0.0" classname="com.hasbrop2m.security.Season">
    <skipped/>
  </testcase> <!-- tcSeason -->
  <testcase name="tcSeason" time="0.0" classname="com.hasbrop2m.security.Season">
    <skipped/>
  </testcase> <!-- tcSeason -->
  <testcase name="tcSeason" time="0.0" classname="com.hasbrop2m.security.Season">
    <skipped/>
  </testcase> <!-- tcSeason -->
  <testcase name="tcSeason" time="0.0" classname="com.hasbrop2m.security.Season">
    <skipped/>
  </testcase> <!-- tcSeason -->
  <testcase name="tcSeason" time="0.0" classname="com.hasbrop2m.security.Season">
    <skipped/>
  </testcase> <!-- tcSeason -->
  <testcase name="tcSeason" time="0.0" classname="com.hasbrop2m.security.Season">
    <skipped/>
  </testcase> <!-- tcSeason -->
  <testcase name="tcSeason" time="0.0" classname="com.hasbrop2m.security.Season">
    <skipped/>
  </testcase> <!-- tcSeason -->
  <testcase name="tcSeason" time="0.0" classname="com.hasbrop2m.security.Season">
    <skipped/>
  </testcase> <!-- tcSeason -->
  <testcase name="tcSeason" time="0.0" classname="com.hasbrop2m.security.Season">
    <skipped/>
  </testcase> <!-- tcSeason -->
  <testcase name="tcSeason" time="0.0" classname="com.hasbrop2m.security.Season">
    <skipped/>
  </testcase> <!-- tcSeason -->
  <testcase name="tcSeason" time="0.0" classname="com.hasbrop2m.security.Season">
    <skipped/>
  </testcase> <!-- tcSeason -->
  <testcase name="tcSeason" time="0.0" classname="com.hasbrop2m.security.Season">
    <skipped/>
  </testcase> <!-- tcSeason -->
  <testcase name="tcSeason" time="0.0" classname="com.hasbrop2m.security.Season">
    <skipped/>
  </testcase> <!-- tcSeason -->
  <testcase name="tcSeason" time="0.0" classname="com.hasbrop2m.security.Season">
    <skipped/>
  </testcase> <!-- tcSeason -->
  <testcase name="tcSeason" time="0.0" classname="com.hasbrop2m.security.Season">
    <skipped/>
  </testcase> <!-- tcSeason -->
  <testcase name="tcSeason" time="0.0" classname="com.hasbrop2m.security.Season">
    <skipped/>
  </testcase> <!-- tcSeason -->
  <testcase name="tcSeason" time="0.0" classname="com.hasbrop2m.security.Season">
    <skipped/>
  </testcase> <!-- tcSeason -->
  <testcase name="tcSeason" time="0.0" classname="com.hasbrop2m.security.Season">
    <skipped/>
  </testcase> <!-- tcSeason -->
  <testcase name="tcSeason" time="0.0" classname="com.hasbrop2m.security.Season">
    <skipped/>
  </testcase> <!-- tcSeason -->
  <testcase name="tcSeason" time="0.0" classname="com.hasbrop2m.security.Season">
    <skipped/>
  </testcase> <!-- tcSeason -->
  <testcase name="tcSeason" time="0.0" classname="com.hasbrop2m.security.Season">
    <skipped/>
  </testcase> <!-- tcSeason -->
  <testcase name="tcSeason" time="0.0" classname="com.hasbrop2m.security.Season">
    <skipped/>
  </testcase> <!-- tcSeason -->
  <testcase name="tcSeason" time="0.0" classname="com.hasbrop2m.security.Season">
    <skipped/>
  </testcase> <!-- tcSeason -->
  <testcase name="tcSeason" time="0.0" classname="com.hasbrop2m.security.Season">
    <skipped/>
  </testcase> <!-- tcSeason -->
  <testcase name="tcSeason" time="0.0" classname="com.hasbrop2m.security.Season">
    <skipped/>
  </testcase> <!-- tcSeason -->
  <testcase name="tcSeason" time="0.0" classname="com.hasbrop2m.security.Season">
    <skipped/>
  </testcase> <!-- tcSeason -->
  <testcase name="tcSeason" time="0.0" classname="com.hasbrop2m.security.Season">
    <skipped/>
  </testcase> <!-- tcSeason -->
  <testcase name="tcSeason" time="0.0" classname="com.hasbrop2m.security.Season">
    <skipped/>
  </testcase> <!-- tcSeason -->
  <testcase name="tcSeason" time="0.0" classname="com.hasbrop2m.security.Season">
    <skipped/>
  </testcase> <!-- tcSeason -->
  <testcase name="tcSeason" time="0.0" classname="com.hasbrop2m.security.Season">
    <skipped/>
  </testcase> <!-- tcSeason -->
  <testcase name="tcSeason" time="0.0" classname="com.hasbrop2m.security.Season">
    <skipped/>
  </testcase> <!-- tcSeason -->
  <testcase name="tcSeason" time="0.0" classname="com.hasbrop2m.security.Season">
    <skipped/>
  </testcase> <!-- tcSeason -->
  <testcase name="tcSeason" time="0.0" classname="com.hasbrop2m.security.Season">
    <skipped/>
  </testcase> <!-- tcSeason -->
  <testcase name="tcSeason" time="0.0" classname="com.hasbrop2m.security.Season">
    <skipped/>
  </testcase> <!-- tcSeason -->
  <testcase name="tcSeason" time="0.0" classname="com.hasbrop2m.security.Season">
    <skipped/>
  </testcase> <!-- tcSeason -->
  <testcase name="tcSeason" time="0.0" classname="com.hasbrop2m.security.Season">
    <skipped/>
  </testcase> <!-- tcSeason -->
  <testcase name="tcSeason" time="0.0" classname="com.hasbrop2m.security.Season">
    <skipped/>
  </testcase> <!-- tcSeason -->
</testsuite> <!-- Season -->
