<?xml version="1.0" encoding="UTF-8"?>
<!-- Generated by org.testng.reporters.JUnitXMLReporter -->
<testsuite hostname="BDC6-LX-723061Y" ignored="0" name="SanitySuiteUpdateProductName" tests="300" failures="0" timestamp="20 Sep 2018 06:08:46 GMT" time="0.13" errors="0">
  <testcase name="@BeforeTest checkTestcaseSkip" time="0.0" classname="com.hasbrop2m.sanity.SanitySuiteUpdateProductName">
    <skipped/>
  </testcase> <!-- @BeforeTest checkTestcaseSkip -->
  <testcase name="@BeforeMethod Refresh" time="0.0" classname="com.hasbrop2m.sanity.SanitySuiteUpdateProductName">
    <skipped/>
  </testcase> <!-- @BeforeMethod Refresh -->
  <testcase name="@AfterMethod reporterdataSetResult" time="0.0" classname="com.hasbrop2m.sanity.SanitySuiteUpdateProductName">
    <skipped/>
  </testcase> <!-- @AfterMethod reporterdataSetResult -->
  <testcase name="@BeforeMethod Refresh" time="0.0" classname="com.hasbrop2m.sanity.SanitySuiteUpdateProductName">
    <skipped/>
  </testcase> <!-- @BeforeMethod Refresh -->
  <testcase name="@AfterMethod reporterdataSetResult" time="0.0" classname="com.hasbrop2m.sanity.SanitySuiteUpdateProductName">
    <skipped/>
  </testcase> <!-- @AfterMethod reporterdataSetResult -->
  <testcase name="@BeforeMethod Refresh" time="0.0" classname="com.hasbrop2m.sanity.SanitySuiteUpdateProductName">
    <skipped/>
  </testcase> <!-- @BeforeMethod Refresh -->
  <testcase name="@AfterMethod reporterdataSetResult" time="0.0" classname="com.hasbrop2m.sanity.SanitySuiteUpdateProductName">
    <skipped/>
  </testcase> <!-- @AfterMethod reporterdataSetResult -->
  <testcase name="@BeforeMethod Refresh" time="0.0" classname="com.hasbrop2m.sanity.SanitySuiteUpdateProductName">
    <skipped/>
  </testcase> <!-- @BeforeMethod Refresh -->
  <testcase name="@AfterMethod reporterdataSetResult" time="0.0" classname="com.hasbrop2m.sanity.SanitySuiteUpdateProductName">
    <skipped/>
  </testcase> <!-- @AfterMethod reporterdataSetResult -->
  <testcase name="@BeforeMethod Refresh" time="0.0" classname="com.hasbrop2m.sanity.SanitySuiteUpdateProductName">
    <skipped/>
  </testcase> <!-- @BeforeMethod Refresh -->
  <testcase name="@AfterMethod reporterdataSetResult" time="0.0" classname="com.hasbrop2m.sanity.SanitySuiteUpdateProductName">
    <skipped/>
  </testcase> <!-- @AfterMethod reporterdataSetResult -->
  <testcase name="@BeforeMethod Refresh" time="0.0" classname="com.hasbrop2m.sanity.SanitySuiteUpdateProductName">
    <skipped/>
  </testcase> <!-- @BeforeMethod Refresh -->
  <testcase name="@AfterMethod reporterdataSetResult" time="0.0" classname="com.hasbrop2m.sanity.SanitySuiteUpdateProductName">
    <skipped/>
  </testcase> <!-- @AfterMethod reporterdataSetResult -->
  <testcase name="@BeforeMethod Refresh" time="0.0" classname="com.hasbrop2m.sanity.SanitySuiteUpdateProductName">
    <skipped/>
  </testcase> <!-- @BeforeMethod Refresh -->
  <testcase name="@AfterMethod reporterdataSetResult" time="0.0" classname="com.hasbrop2m.sanity.SanitySuiteUpdateProductName">
    <skipped/>
  </testcase> <!-- @AfterMethod reporterdataSetResult -->
  <testcase name="@BeforeMethod Refresh" time="0.0" classname="com.hasbrop2m.sanity.SanitySuiteUpdateProductName">
    <skipped/>
  </testcase> <!-- @BeforeMethod Refresh -->
  <testcase name="@AfterMethod reporterdataSetResult" time="0.0" classname="com.hasbrop2m.sanity.SanitySuiteUpdateProductName">
    <skipped/>
  </testcase> <!-- @AfterMethod reporterdataSetResult -->
  <testcase name="@BeforeMethod Refresh" time="0.0" classname="com.hasbrop2m.sanity.SanitySuiteUpdateProductName">
    <skipped/>
  </testcase> <!-- @BeforeMethod Refresh -->
  <testcase name="@AfterMethod reporterdataSetResult" time="0.0" classname="com.hasbrop2m.sanity.SanitySuiteUpdateProductName">
    <skipped/>
  </testcase> <!-- @AfterMethod reporterdataSetResult -->
  <testcase name="@BeforeMethod Refresh" time="0.0" classname="com.hasbrop2m.sanity.SanitySuiteUpdateProductName">
    <skipped/>
  </testcase> <!-- @BeforeMethod Refresh -->
  <testcase name="@AfterMethod reporterdataSetResult" time="0.0" classname="com.hasbrop2m.sanity.SanitySuiteUpdateProductName">
    <skipped/>
  </testcase> <!-- @AfterMethod reporterdataSetResult -->
  <testcase name="@BeforeMethod Refresh" time="0.0" classname="com.hasbrop2m.sanity.SanitySuiteUpdateProductName">
    <skipped/>
  </testcase> <!-- @BeforeMethod Refresh -->
  <testcase name="@AfterMethod reporterdataSetResult" time="0.0" classname="com.hasbrop2m.sanity.SanitySuiteUpdateProductName">
    <skipped/>
  </testcase> <!-- @AfterMethod reporterdataSetResult -->
  <testcase name="@BeforeMethod Refresh" time="0.0" classname="com.hasbrop2m.sanity.SanitySuiteUpdateProductName">
    <skipped/>
  </testcase> <!-- @BeforeMethod Refresh -->
  <testcase name="@AfterMethod reporterdataSetResult" time="0.0" classname="com.hasbrop2m.sanity.SanitySuiteUpdateProductName">
    <skipped/>
  </testcase> <!-- @AfterMethod reporterdataSetResult -->
  <testcase name="@BeforeMethod Refresh" time="0.0" classname="com.hasbrop2m.sanity.SanitySuiteUpdateProductName">
    <skipped/>
  </testcase> <!-- @BeforeMethod Refresh -->
  <testcase name="@AfterMethod reporterdataSetResult" time="0.0" classname="com.hasbrop2m.sanity.SanitySuiteUpdateProductName">
    <skipped/>
  </testcase> <!-- @AfterMethod reporterdataSetResult -->
  <testcase name="@BeforeMethod Refresh" time="0.0" classname="com.hasbrop2m.sanity.SanitySuiteUpdateProductName">
    <skipped/>
  </testcase> <!-- @BeforeMethod Refresh -->
  <testcase name="@AfterMethod reporterdataSetResult" time="0.0" classname="com.hasbrop2m.sanity.SanitySuiteUpdateProductName">
    <skipped/>
  </testcase> <!-- @AfterMethod reporterdataSetResult -->
  <testcase name="@BeforeMethod Refresh" time="0.0" classname="com.hasbrop2m.sanity.SanitySuiteUpdateProductName">
    <skipped/>
  </testcase> <!-- @BeforeMethod Refresh -->
  <testcase name="@AfterMethod reporterdataSetResult" time="0.0" classname="com.hasbrop2m.sanity.SanitySuiteUpdateProductName">
    <skipped/>
  </testcase> <!-- @AfterMethod reporterdataSetResult -->
  <testcase name="@BeforeMethod Refresh" time="0.0" classname="com.hasbrop2m.sanity.SanitySuiteUpdateProductName">
    <skipped/>
  </testcase> <!-- @BeforeMethod Refresh -->
  <testcase name="@AfterMethod reporterdataSetResult" time="0.0" classname="com.hasbrop2m.sanity.SanitySuiteUpdateProductName">
    <skipped/>
  </testcase> <!-- @AfterMethod reporterdataSetResult -->
  <testcase name="@BeforeMethod Refresh" time="0.0" classname="com.hasbrop2m.sanity.SanitySuiteUpdateProductName">
    <skipped/>
  </testcase> <!-- @BeforeMethod Refresh -->
  <testcase name="@AfterMethod reporterdataSetResult" time="0.0" classname="com.hasbrop2m.sanity.SanitySuiteUpdateProductName">
    <skipped/>
  </testcase> <!-- @AfterMethod reporterdataSetResult -->
  <testcase name="@BeforeMethod Refresh" time="0.0" classname="com.hasbrop2m.sanity.SanitySuiteUpdateProductName">
    <skipped/>
  </testcase> <!-- @BeforeMethod Refresh -->
  <testcase name="@AfterMethod reporterdataSetResult" time="0.0" classname="com.hasbrop2m.sanity.SanitySuiteUpdateProductName">
    <skipped/>
  </testcase> <!-- @AfterMethod reporterdataSetResult -->
  <testcase name="@BeforeMethod Refresh" time="0.0" classname="com.hasbrop2m.sanity.SanitySuiteUpdateProductName">
    <skipped/>
  </testcase> <!-- @BeforeMethod Refresh -->
  <testcase name="@AfterMethod reporterdataSetResult" time="0.0" classname="com.hasbrop2m.sanity.SanitySuiteUpdateProductName">
    <skipped/>
  </testcase> <!-- @AfterMethod reporterdataSetResult -->
  <testcase name="@BeforeMethod Refresh" time="0.0" classname="com.hasbrop2m.sanity.SanitySuiteUpdateProductName">
    <skipped/>
  </testcase> <!-- @BeforeMethod Refresh -->
  <testcase name="@AfterMethod reporterdataSetResult" time="0.0" classname="com.hasbrop2m.sanity.SanitySuiteUpdateProductName">
    <skipped/>
  </testcase> <!-- @AfterMethod reporterdataSetResult -->
  <testcase name="@BeforeMethod Refresh" time="0.0" classname="com.hasbrop2m.sanity.SanitySuiteUpdateProductName">
    <skipped/>
  </testcase> <!-- @BeforeMethod Refresh -->
  <testcase name="@AfterMethod reporterdataSetResult" time="0.0" classname="com.hasbrop2m.sanity.SanitySuiteUpdateProductName">
    <skipped/>
  </testcase> <!-- @AfterMethod reporterdataSetResult -->
  <testcase name="@BeforeMethod Refresh" time="0.0" classname="com.hasbrop2m.sanity.SanitySuiteUpdateProductName">
    <skipped/>
  </testcase> <!-- @BeforeMethod Refresh -->
  <testcase name="@AfterMethod reporterdataSetResult" time="0.0" classname="com.hasbrop2m.sanity.SanitySuiteUpdateProductName">
    <skipped/>
  </testcase> <!-- @AfterMethod reporterdataSetResult -->
  <testcase name="@BeforeMethod Refresh" time="0.0" classname="com.hasbrop2m.sanity.SanitySuiteUpdateProductName">
    <skipped/>
  </testcase> <!-- @BeforeMethod Refresh -->
  <testcase name="@AfterMethod reporterdataSetResult" time="0.0" classname="com.hasbrop2m.sanity.SanitySuiteUpdateProductName">
    <skipped/>
  </testcase> <!-- @AfterMethod reporterdataSetResult -->
  <testcase name="@BeforeMethod Refresh" time="0.0" classname="com.hasbrop2m.sanity.SanitySuiteUpdateProductName">
    <skipped/>
  </testcase> <!-- @BeforeMethod Refresh -->
  <testcase name="@AfterMethod reporterdataSetResult" time="0.0" classname="com.hasbrop2m.sanity.SanitySuiteUpdateProductName">
    <skipped/>
  </testcase> <!-- @AfterMethod reporterdataSetResult -->
  <testcase name="@BeforeMethod Refresh" time="0.0" classname="com.hasbrop2m.sanity.SanitySuiteUpdateProductName">
    <skipped/>
  </testcase> <!-- @BeforeMethod Refresh -->
  <testcase name="@AfterMethod reporterdataSetResult" time="0.0" classname="com.hasbrop2m.sanity.SanitySuiteUpdateProductName">
    <skipped/>
  </testcase> <!-- @AfterMethod reporterdataSetResult -->
  <testcase name="@BeforeMethod Refresh" time="0.0" classname="com.hasbrop2m.sanity.SanitySuiteUpdateProductName">
    <skipped/>
  </testcase> <!-- @BeforeMethod Refresh -->
  <testcase name="@AfterMethod reporterdataSetResult" time="0.0" classname="com.hasbrop2m.sanity.SanitySuiteUpdateProductName">
    <skipped/>
  </testcase> <!-- @AfterMethod reporterdataSetResult -->
  <testcase name="@BeforeMethod Refresh" time="0.0" classname="com.hasbrop2m.sanity.SanitySuiteUpdateProductName">
    <skipped/>
  </testcase> <!-- @BeforeMethod Refresh -->
  <testcase name="@AfterMethod reporterdataSetResult" time="0.0" classname="com.hasbrop2m.sanity.SanitySuiteUpdateProductName">
    <skipped/>
  </testcase> <!-- @AfterMethod reporterdataSetResult -->
  <testcase name="@BeforeMethod Refresh" time="0.0" classname="com.hasbrop2m.sanity.SanitySuiteUpdateProductName">
    <skipped/>
  </testcase> <!-- @BeforeMethod Refresh -->
  <testcase name="@AfterMethod reporterdataSetResult" time="0.0" classname="com.hasbrop2m.sanity.SanitySuiteUpdateProductName">
    <skipped/>
  </testcase> <!-- @AfterMethod reporterdataSetResult -->
  <testcase name="@BeforeMethod Refresh" time="0.0" classname="com.hasbrop2m.sanity.SanitySuiteUpdateProductName">
    <skipped/>
  </testcase> <!-- @BeforeMethod Refresh -->
  <testcase name="@AfterMethod reporterdataSetResult" time="0.0" classname="com.hasbrop2m.sanity.SanitySuiteUpdateProductName">
    <skipped/>
  </testcase> <!-- @AfterMethod reporterdataSetResult -->
  <testcase name="@BeforeMethod Refresh" time="0.0" classname="com.hasbrop2m.sanity.SanitySuiteUpdateProductName">
    <skipped/>
  </testcase> <!-- @BeforeMethod Refresh -->
  <testcase name="@AfterMethod reporterdataSetResult" time="0.0" classname="com.hasbrop2m.sanity.SanitySuiteUpdateProductName">
    <skipped/>
  </testcase> <!-- @AfterMethod reporterdataSetResult -->
  <testcase name="@BeforeMethod Refresh" time="0.0" classname="com.hasbrop2m.sanity.SanitySuiteUpdateProductName">
    <skipped/>
  </testcase> <!-- @BeforeMethod Refresh -->
  <testcase name="@AfterMethod reporterdataSetResult" time="0.0" classname="com.hasbrop2m.sanity.SanitySuiteUpdateProductName">
    <skipped/>
  </testcase> <!-- @AfterMethod reporterdataSetResult -->
  <testcase name="@BeforeMethod Refresh" time="0.0" classname="com.hasbrop2m.sanity.SanitySuiteUpdateProductName">
    <skipped/>
  </testcase> <!-- @BeforeMethod Refresh -->
  <testcase name="@AfterMethod reporterdataSetResult" time="0.0" classname="com.hasbrop2m.sanity.SanitySuiteUpdateProductName">
    <skipped/>
  </testcase> <!-- @AfterMethod reporterdataSetResult -->
  <testcase name="@BeforeMethod Refresh" time="0.0" classname="com.hasbrop2m.sanity.SanitySuiteUpdateProductName">
    <skipped/>
  </testcase> <!-- @BeforeMethod Refresh -->
  <testcase name="@AfterMethod reporterdataSetResult" time="0.0" classname="com.hasbrop2m.sanity.SanitySuiteUpdateProductName">
    <skipped/>
  </testcase> <!-- @AfterMethod reporterdataSetResult -->
  <testcase name="@BeforeMethod Refresh" time="0.0" classname="com.hasbrop2m.sanity.SanitySuiteUpdateProductName">
    <skipped/>
  </testcase> <!-- @BeforeMethod Refresh -->
  <testcase name="@AfterMethod reporterdataSetResult" time="0.0" classname="com.hasbrop2m.sanity.SanitySuiteUpdateProductName">
    <skipped/>
  </testcase> <!-- @AfterMethod reporterdataSetResult -->
  <testcase name="@BeforeMethod Refresh" time="0.0" classname="com.hasbrop2m.sanity.SanitySuiteUpdateProductName">
    <skipped/>
  </testcase> <!-- @BeforeMethod Refresh -->
  <testcase name="@AfterMethod reporterdataSetResult" time="0.0" classname="com.hasbrop2m.sanity.SanitySuiteUpdateProductName">
    <skipped/>
  </testcase> <!-- @AfterMethod reporterdataSetResult -->
  <testcase name="@BeforeMethod Refresh" time="0.0" classname="com.hasbrop2m.sanity.SanitySuiteUpdateProductName">
    <skipped/>
  </testcase> <!-- @BeforeMethod Refresh -->
  <testcase name="@AfterMethod reporterdataSetResult" time="0.0" classname="com.hasbrop2m.sanity.SanitySuiteUpdateProductName">
    <skipped/>
  </testcase> <!-- @AfterMethod reporterdataSetResult -->
  <testcase name="@BeforeMethod Refresh" time="0.0" classname="com.hasbrop2m.sanity.SanitySuiteUpdateProductName">
    <skipped/>
  </testcase> <!-- @BeforeMethod Refresh -->
  <testcase name="@AfterMethod reporterdataSetResult" time="0.0" classname="com.hasbrop2m.sanity.SanitySuiteUpdateProductName">
    <skipped/>
  </testcase> <!-- @AfterMethod reporterdataSetResult -->
  <testcase name="@BeforeMethod Refresh" time="0.0" classname="com.hasbrop2m.sanity.SanitySuiteUpdateProductName">
    <skipped/>
  </testcase> <!-- @BeforeMethod Refresh -->
  <testcase name="@AfterMethod reporterdataSetResult" time="0.0" classname="com.hasbrop2m.sanity.SanitySuiteUpdateProductName">
    <skipped/>
  </testcase> <!-- @AfterMethod reporterdataSetResult -->
  <testcase name="@BeforeMethod Refresh" time="0.0" classname="com.hasbrop2m.sanity.SanitySuiteUpdateProductName">
    <skipped/>
  </testcase> <!-- @BeforeMethod Refresh -->
  <testcase name="@AfterMethod reporterdataSetResult" time="0.0" classname="com.hasbrop2m.sanity.SanitySuiteUpdateProductName">
    <skipped/>
  </testcase> <!-- @AfterMethod reporterdataSetResult -->
  <testcase name="@BeforeMethod Refresh" time="0.0" classname="com.hasbrop2m.sanity.SanitySuiteUpdateProductName">
    <skipped/>
  </testcase> <!-- @BeforeMethod Refresh -->
  <testcase name="@AfterMethod reporterdataSetResult" time="0.0" classname="com.hasbrop2m.sanity.SanitySuiteUpdateProductName">
    <skipped/>
  </testcase> <!-- @AfterMethod reporterdataSetResult -->
  <testcase name="@BeforeMethod Refresh" time="0.0" classname="com.hasbrop2m.sanity.SanitySuiteUpdateProductName">
    <skipped/>
  </testcase> <!-- @BeforeMethod Refresh -->
  <testcase name="@AfterMethod reporterdataSetResult" time="0.0" classname="com.hasbrop2m.sanity.SanitySuiteUpdateProductName">
    <skipped/>
  </testcase> <!-- @AfterMethod reporterdataSetResult -->
  <testcase name="@BeforeMethod Refresh" time="0.0" classname="com.hasbrop2m.sanity.SanitySuiteUpdateProductName">
    <skipped/>
  </testcase> <!-- @BeforeMethod Refresh -->
  <testcase name="@AfterMethod reporterdataSetResult" time="0.0" classname="com.hasbrop2m.sanity.SanitySuiteUpdateProductName">
    <skipped/>
  </testcase> <!-- @AfterMethod reporterdataSetResult -->
  <testcase name="@BeforeMethod Refresh" time="0.0" classname="com.hasbrop2m.sanity.SanitySuiteUpdateProductName">
    <skipped/>
  </testcase> <!-- @BeforeMethod Refresh -->
  <testcase name="@AfterMethod reporterdataSetResult" time="0.0" classname="com.hasbrop2m.sanity.SanitySuiteUpdateProductName">
    <skipped/>
  </testcase> <!-- @AfterMethod reporterdataSetResult -->
  <testcase name="@BeforeMethod Refresh" time="0.0" classname="com.hasbrop2m.sanity.SanitySuiteUpdateProductName">
    <skipped/>
  </testcase> <!-- @BeforeMethod Refresh -->
  <testcase name="@AfterMethod reporterdataSetResult" time="0.0" classname="com.hasbrop2m.sanity.SanitySuiteUpdateProductName">
    <skipped/>
  </testcase> <!-- @AfterMethod reporterdataSetResult -->
  <testcase name="@BeforeMethod Refresh" time="0.0" classname="com.hasbrop2m.sanity.SanitySuiteUpdateProductName">
    <skipped/>
  </testcase> <!-- @BeforeMethod Refresh -->
  <testcase name="@AfterMethod reporterdataSetResult" time="0.0" classname="com.hasbrop2m.sanity.SanitySuiteUpdateProductName">
    <skipped/>
  </testcase> <!-- @AfterMethod reporterdataSetResult -->
  <testcase name="@BeforeMethod Refresh" time="0.0" classname="com.hasbrop2m.sanity.SanitySuiteUpdateProductName">
    <skipped/>
  </testcase> <!-- @BeforeMethod Refresh -->
  <testcase name="@AfterMethod reporterdataSetResult" time="0.0" classname="com.hasbrop2m.sanity.SanitySuiteUpdateProductName">
    <skipped/>
  </testcase> <!-- @AfterMethod reporterdataSetResult -->
  <testcase name="@BeforeMethod Refresh" time="0.0" classname="com.hasbrop2m.sanity.SanitySuiteUpdateProductName">
    <skipped/>
  </testcase> <!-- @BeforeMethod Refresh -->
  <testcase name="@AfterMethod reporterdataSetResult" time="0.0" classname="com.hasbrop2m.sanity.SanitySuiteUpdateProductName">
    <skipped/>
  </testcase> <!-- @AfterMethod reporterdataSetResult -->
  <testcase name="@BeforeMethod Refresh" time="0.0" classname="com.hasbrop2m.sanity.SanitySuiteUpdateProductName">
    <skipped/>
  </testcase> <!-- @BeforeMethod Refresh -->
  <testcase name="@AfterMethod reporterdataSetResult" time="0.0" classname="com.hasbrop2m.sanity.SanitySuiteUpdateProductName">
    <skipped/>
  </testcase> <!-- @AfterMethod reporterdataSetResult -->
  <testcase name="@BeforeMethod Refresh" time="0.0" classname="com.hasbrop2m.sanity.SanitySuiteUpdateProductName">
    <skipped/>
  </testcase> <!-- @BeforeMethod Refresh -->
  <testcase name="@AfterMethod reporterdataSetResult" time="0.0" classname="com.hasbrop2m.sanity.SanitySuiteUpdateProductName">
    <skipped/>
  </testcase> <!-- @AfterMethod reporterdataSetResult -->
  <testcase name="@BeforeMethod Refresh" time="0.0" classname="com.hasbrop2m.sanity.SanitySuiteUpdateProductName">
    <skipped/>
  </testcase> <!-- @BeforeMethod Refresh -->
  <testcase name="@AfterMethod reporterdataSetResult" time="0.0" classname="com.hasbrop2m.sanity.SanitySuiteUpdateProductName">
    <skipped/>
  </testcase> <!-- @AfterMethod reporterdataSetResult -->
  <testcase name="@BeforeMethod Refresh" time="0.0" classname="com.hasbrop2m.sanity.SanitySuiteUpdateProductName">
    <skipped/>
  </testcase> <!-- @BeforeMethod Refresh -->
  <testcase name="@AfterMethod reporterdataSetResult" time="0.0" classname="com.hasbrop2m.sanity.SanitySuiteUpdateProductName">
    <skipped/>
  </testcase> <!-- @AfterMethod reporterdataSetResult -->
  <testcase name="@BeforeMethod Refresh" time="0.0" classname="com.hasbrop2m.sanity.SanitySuiteUpdateProductName">
    <skipped/>
  </testcase> <!-- @BeforeMethod Refresh -->
  <testcase name="@AfterMethod reporterdataSetResult" time="0.0" classname="com.hasbrop2m.sanity.SanitySuiteUpdateProductName">
    <skipped/>
  </testcase> <!-- @AfterMethod reporterdataSetResult -->
  <testcase name="@BeforeMethod Refresh" time="0.0" classname="com.hasbrop2m.sanity.SanitySuiteUpdateProductName">
    <skipped/>
  </testcase> <!-- @BeforeMethod Refresh -->
  <testcase name="@AfterMethod reporterdataSetResult" time="0.0" classname="com.hasbrop2m.sanity.SanitySuiteUpdateProductName">
    <skipped/>
  </testcase> <!-- @AfterMethod reporterdataSetResult -->
  <testcase name="@BeforeMethod Refresh" time="0.0" classname="com.hasbrop2m.sanity.SanitySuiteUpdateProductName">
    <skipped/>
  </testcase> <!-- @BeforeMethod Refresh -->
  <testcase name="@AfterMethod reporterdataSetResult" time="0.0" classname="com.hasbrop2m.sanity.SanitySuiteUpdateProductName">
    <skipped/>
  </testcase> <!-- @AfterMethod reporterdataSetResult -->
  <testcase name="@BeforeMethod Refresh" time="0.0" classname="com.hasbrop2m.sanity.SanitySuiteUpdateProductName">
    <skipped/>
  </testcase> <!-- @BeforeMethod Refresh -->
  <testcase name="@AfterMethod reporterdataSetResult" time="0.0" classname="com.hasbrop2m.sanity.SanitySuiteUpdateProductName">
    <skipped/>
  </testcase> <!-- @AfterMethod reporterdataSetResult -->
  <testcase name="@BeforeMethod Refresh" time="0.0" classname="com.hasbrop2m.sanity.SanitySuiteUpdateProductName">
    <skipped/>
  </testcase> <!-- @BeforeMethod Refresh -->
  <testcase name="@AfterMethod reporterdataSetResult" time="0.0" classname="com.hasbrop2m.sanity.SanitySuiteUpdateProductName">
    <skipped/>
  </testcase> <!-- @AfterMethod reporterdataSetResult -->
  <testcase name="@BeforeMethod Refresh" time="0.0" classname="com.hasbrop2m.sanity.SanitySuiteUpdateProductName">
    <skipped/>
  </testcase> <!-- @BeforeMethod Refresh -->
  <testcase name="@AfterMethod reporterdataSetResult" time="0.0" classname="com.hasbrop2m.sanity.SanitySuiteUpdateProductName">
    <skipped/>
  </testcase> <!-- @AfterMethod reporterdataSetResult -->
  <testcase name="@BeforeMethod Refresh" time="0.0" classname="com.hasbrop2m.sanity.SanitySuiteUpdateProductName">
    <skipped/>
  </testcase> <!-- @BeforeMethod Refresh -->
  <testcase name="@AfterMethod reporterdataSetResult" time="0.0" classname="com.hasbrop2m.sanity.SanitySuiteUpdateProductName">
    <skipped/>
  </testcase> <!-- @AfterMethod reporterdataSetResult -->
  <testcase name="@BeforeMethod Refresh" time="0.0" classname="com.hasbrop2m.sanity.SanitySuiteUpdateProductName">
    <skipped/>
  </testcase> <!-- @BeforeMethod Refresh -->
  <testcase name="@AfterMethod reporterdataSetResult" time="0.0" classname="com.hasbrop2m.sanity.SanitySuiteUpdateProductName">
    <skipped/>
  </testcase> <!-- @AfterMethod reporterdataSetResult -->
  <testcase name="@BeforeMethod Refresh" time="0.0" classname="com.hasbrop2m.sanity.SanitySuiteUpdateProductName">
    <skipped/>
  </testcase> <!-- @BeforeMethod Refresh -->
  <testcase name="@AfterMethod reporterdataSetResult" time="0.0" classname="com.hasbrop2m.sanity.SanitySuiteUpdateProductName">
    <skipped/>
  </testcase> <!-- @AfterMethod reporterdataSetResult -->
  <testcase name="@BeforeMethod Refresh" time="0.0" classname="com.hasbrop2m.sanity.SanitySuiteUpdateProductName">
    <skipped/>
  </testcase> <!-- @BeforeMethod Refresh -->
  <testcase name="@AfterMethod reporterdataSetResult" time="0.0" classname="com.hasbrop2m.sanity.SanitySuiteUpdateProductName">
    <skipped/>
  </testcase> <!-- @AfterMethod reporterdataSetResult -->
  <testcase name="@BeforeMethod Refresh" time="0.0" classname="com.hasbrop2m.sanity.SanitySuiteUpdateProductName">
    <skipped/>
  </testcase> <!-- @BeforeMethod Refresh -->
  <testcase name="@AfterMethod reporterdataSetResult" time="0.0" classname="com.hasbrop2m.sanity.SanitySuiteUpdateProductName">
    <skipped/>
  </testcase> <!-- @AfterMethod reporterdataSetResult -->
  <testcase name="@BeforeMethod Refresh" time="0.0" classname="com.hasbrop2m.sanity.SanitySuiteUpdateProductName">
    <skipped/>
  </testcase> <!-- @BeforeMethod Refresh -->
  <testcase name="@AfterMethod reporterdataSetResult" time="0.0" classname="com.hasbrop2m.sanity.SanitySuiteUpdateProductName">
    <skipped/>
  </testcase> <!-- @AfterMethod reporterdataSetResult -->
  <testcase name="@BeforeMethod Refresh" time="0.0" classname="com.hasbrop2m.sanity.SanitySuiteUpdateProductName">
    <skipped/>
  </testcase> <!-- @BeforeMethod Refresh -->
  <testcase name="@AfterMethod reporterdataSetResult" time="0.0" classname="com.hasbrop2m.sanity.SanitySuiteUpdateProductName">
    <skipped/>
  </testcase> <!-- @AfterMethod reporterdataSetResult -->
  <testcase name="@BeforeMethod Refresh" time="0.0" classname="com.hasbrop2m.sanity.SanitySuiteUpdateProductName">
    <skipped/>
  </testcase> <!-- @BeforeMethod Refresh -->
  <testcase name="@AfterMethod reporterdataSetResult" time="0.0" classname="com.hasbrop2m.sanity.SanitySuiteUpdateProductName">
    <skipped/>
  </testcase> <!-- @AfterMethod reporterdataSetResult -->
  <testcase name="@BeforeMethod Refresh" time="0.0" classname="com.hasbrop2m.sanity.SanitySuiteUpdateProductName">
    <skipped/>
  </testcase> <!-- @BeforeMethod Refresh -->
  <testcase name="@AfterMethod reporterdataSetResult" time="0.0" classname="com.hasbrop2m.sanity.SanitySuiteUpdateProductName">
    <skipped/>
  </testcase> <!-- @AfterMethod reporterdataSetResult -->
  <testcase name="@BeforeMethod Refresh" time="0.0" classname="com.hasbrop2m.sanity.SanitySuiteUpdateProductName">
    <skipped/>
  </testcase> <!-- @BeforeMethod Refresh -->
  <testcase name="@AfterMethod reporterdataSetResult" time="0.0" classname="com.hasbrop2m.sanity.SanitySuiteUpdateProductName">
    <skipped/>
  </testcase> <!-- @AfterMethod reporterdataSetResult -->
  <testcase name="@BeforeMethod Refresh" time="0.0" classname="com.hasbrop2m.sanity.SanitySuiteUpdateProductName">
    <skipped/>
  </testcase> <!-- @BeforeMethod Refresh -->
  <testcase name="@AfterMethod reporterdataSetResult" time="0.0" classname="com.hasbrop2m.sanity.SanitySuiteUpdateProductName">
    <skipped/>
  </testcase> <!-- @AfterMethod reporterdataSetResult -->
  <testcase name="@BeforeMethod Refresh" time="0.0" classname="com.hasbrop2m.sanity.SanitySuiteUpdateProductName">
    <skipped/>
  </testcase> <!-- @BeforeMethod Refresh -->
  <testcase name="@AfterMethod reporterdataSetResult" time="0.0" classname="com.hasbrop2m.sanity.SanitySuiteUpdateProductName">
    <skipped/>
  </testcase> <!-- @AfterMethod reporterdataSetResult -->
  <testcase name="@BeforeMethod Refresh" time="0.0" classname="com.hasbrop2m.sanity.SanitySuiteUpdateProductName">
    <skipped/>
  </testcase> <!-- @BeforeMethod Refresh -->
  <testcase name="@AfterMethod reporterdataSetResult" time="0.0" classname="com.hasbrop2m.sanity.SanitySuiteUpdateProductName">
    <skipped/>
  </testcase> <!-- @AfterMethod reporterdataSetResult -->
  <testcase name="@BeforeMethod Refresh" time="0.0" classname="com.hasbrop2m.sanity.SanitySuiteUpdateProductName">
    <skipped/>
  </testcase> <!-- @BeforeMethod Refresh -->
  <testcase name="@AfterMethod reporterdataSetResult" time="0.0" classname="com.hasbrop2m.sanity.SanitySuiteUpdateProductName">
    <skipped/>
  </testcase> <!-- @AfterMethod reporterdataSetResult -->
  <testcase name="@BeforeMethod Refresh" time="0.0" classname="com.hasbrop2m.sanity.SanitySuiteUpdateProductName">
    <skipped/>
  </testcase> <!-- @BeforeMethod Refresh -->
  <testcase name="@AfterMethod reporterdataSetResult" time="0.0" classname="com.hasbrop2m.sanity.SanitySuiteUpdateProductName">
    <skipped/>
  </testcase> <!-- @AfterMethod reporterdataSetResult -->
  <testcase name="@BeforeMethod Refresh" time="0.0" classname="com.hasbrop2m.sanity.SanitySuiteUpdateProductName">
    <skipped/>
  </testcase> <!-- @BeforeMethod Refresh -->
  <testcase name="@AfterMethod reporterdataSetResult" time="0.0" classname="com.hasbrop2m.sanity.SanitySuiteUpdateProductName">
    <skipped/>
  </testcase> <!-- @AfterMethod reporterdataSetResult -->
  <testcase name="@BeforeMethod Refresh" time="0.0" classname="com.hasbrop2m.sanity.SanitySuiteUpdateProductName">
    <skipped/>
  </testcase> <!-- @BeforeMethod Refresh -->
  <testcase name="@AfterMethod reporterdataSetResult" time="0.0" classname="com.hasbrop2m.sanity.SanitySuiteUpdateProductName">
    <skipped/>
  </testcase> <!-- @AfterMethod reporterdataSetResult -->
  <testcase name="@BeforeMethod Refresh" time="0.0" classname="com.hasbrop2m.sanity.SanitySuiteUpdateProductName">
    <skipped/>
  </testcase> <!-- @BeforeMethod Refresh -->
  <testcase name="@AfterMethod reporterdataSetResult" time="0.0" classname="com.hasbrop2m.sanity.SanitySuiteUpdateProductName">
    <skipped/>
  </testcase> <!-- @AfterMethod reporterdataSetResult -->
  <testcase name="@BeforeMethod Refresh" time="0.0" classname="com.hasbrop2m.sanity.SanitySuiteUpdateProductName">
    <skipped/>
  </testcase> <!-- @BeforeMethod Refresh -->
  <testcase name="@AfterMethod reporterdataSetResult" time="0.0" classname="com.hasbrop2m.sanity.SanitySuiteUpdateProductName">
    <skipped/>
  </testcase> <!-- @AfterMethod reporterdataSetResult -->
  <testcase name="@BeforeMethod Refresh" time="0.0" classname="com.hasbrop2m.sanity.SanitySuiteUpdateProductName">
    <skipped/>
  </testcase> <!-- @BeforeMethod Refresh -->
  <testcase name="@AfterMethod reporterdataSetResult" time="0.0" classname="com.hasbrop2m.sanity.SanitySuiteUpdateProductName">
    <skipped/>
  </testcase> <!-- @AfterMethod reporterdataSetResult -->
  <testcase name="@BeforeMethod Refresh" time="0.0" classname="com.hasbrop2m.sanity.SanitySuiteUpdateProductName">
    <skipped/>
  </testcase> <!-- @BeforeMethod Refresh -->
  <testcase name="@AfterMethod reporterdataSetResult" time="0.0" classname="com.hasbrop2m.sanity.SanitySuiteUpdateProductName">
    <skipped/>
  </testcase> <!-- @AfterMethod reporterdataSetResult -->
  <testcase name="@BeforeMethod Refresh" time="0.0" classname="com.hasbrop2m.sanity.SanitySuiteUpdateProductName">
    <skipped/>
  </testcase> <!-- @BeforeMethod Refresh -->
  <testcase name="@AfterMethod reporterdataSetResult" time="0.0" classname="com.hasbrop2m.sanity.SanitySuiteUpdateProductName">
    <skipped/>
  </testcase> <!-- @AfterMethod reporterdataSetResult -->
  <testcase name="@BeforeMethod Refresh" time="0.0" classname="com.hasbrop2m.sanity.SanitySuiteUpdateProductName">
    <skipped/>
  </testcase> <!-- @BeforeMethod Refresh -->
  <testcase name="@AfterMethod reporterdataSetResult" time="0.0" classname="com.hasbrop2m.sanity.SanitySuiteUpdateProductName">
    <skipped/>
  </testcase> <!-- @AfterMethod reporterdataSetResult -->
  <testcase name="@BeforeMethod Refresh" time="0.0" classname="com.hasbrop2m.sanity.SanitySuiteUpdateProductName">
    <skipped/>
  </testcase> <!-- @BeforeMethod Refresh -->
  <testcase name="@AfterMethod reporterdataSetResult" time="0.0" classname="com.hasbrop2m.sanity.SanitySuiteUpdateProductName">
    <skipped/>
  </testcase> <!-- @AfterMethod reporterdataSetResult -->
  <testcase name="@BeforeMethod Refresh" time="0.0" classname="com.hasbrop2m.sanity.SanitySuiteUpdateProductName">
    <skipped/>
  </testcase> <!-- @BeforeMethod Refresh -->
  <testcase name="@AfterMethod reporterdataSetResult" time="0.0" classname="com.hasbrop2m.sanity.SanitySuiteUpdateProductName">
    <skipped/>
  </testcase> <!-- @AfterMethod reporterdataSetResult -->
  <testcase name="@BeforeMethod Refresh" time="0.0" classname="com.hasbrop2m.sanity.SanitySuiteUpdateProductName">
    <skipped/>
  </testcase> <!-- @BeforeMethod Refresh -->
  <testcase name="@AfterMethod reporterdataSetResult" time="0.0" classname="com.hasbrop2m.sanity.SanitySuiteUpdateProductName">
    <skipped/>
  </testcase> <!-- @AfterMethod reporterdataSetResult -->
  <testcase name="@BeforeMethod Refresh" time="0.0" classname="com.hasbrop2m.sanity.SanitySuiteUpdateProductName">
    <skipped/>
  </testcase> <!-- @BeforeMethod Refresh -->
  <testcase name="@AfterMethod reporterdataSetResult" time="0.0" classname="com.hasbrop2m.sanity.SanitySuiteUpdateProductName">
    <skipped/>
  </testcase> <!-- @AfterMethod reporterdataSetResult -->
  <testcase name="@BeforeMethod Refresh" time="0.0" classname="com.hasbrop2m.sanity.SanitySuiteUpdateProductName">
    <skipped/>
  </testcase> <!-- @BeforeMethod Refresh -->
  <testcase name="@AfterMethod reporterdataSetResult" time="0.0" classname="com.hasbrop2m.sanity.SanitySuiteUpdateProductName">
    <skipped/>
  </testcase> <!-- @AfterMethod reporterdataSetResult -->
  <testcase name="@BeforeMethod Refresh" time="0.0" classname="com.hasbrop2m.sanity.SanitySuiteUpdateProductName">
    <skipped/>
  </testcase> <!-- @BeforeMethod Refresh -->
  <testcase name="@AfterMethod reporterdataSetResult" time="0.0" classname="com.hasbrop2m.sanity.SanitySuiteUpdateProductName">
    <skipped/>
  </testcase> <!-- @AfterMethod reporterdataSetResult -->
  <testcase name="@BeforeMethod Refresh" time="0.0" classname="com.hasbrop2m.sanity.SanitySuiteUpdateProductName">
    <skipped/>
  </testcase> <!-- @BeforeMethod Refresh -->
  <testcase name="@AfterMethod reporterdataSetResult" time="0.0" classname="com.hasbrop2m.sanity.SanitySuiteUpdateProductName">
    <skipped/>
  </testcase> <!-- @AfterMethod reporterdataSetResult -->
  <testcase name="@BeforeMethod Refresh" time="0.0" classname="com.hasbrop2m.sanity.SanitySuiteUpdateProductName">
    <skipped/>
  </testcase> <!-- @BeforeMethod Refresh -->
  <testcase name="@AfterMethod reporterdataSetResult" time="0.0" classname="com.hasbrop2m.sanity.SanitySuiteUpdateProductName">
    <skipped/>
  </testcase> <!-- @AfterMethod reporterdataSetResult -->
  <testcase name="@BeforeMethod Refresh" time="0.0" classname="com.hasbrop2m.sanity.SanitySuiteUpdateProductName">
    <skipped/>
  </testcase> <!-- @BeforeMethod Refresh -->
  <testcase name="@AfterMethod reporterdataSetResult" time="0.0" classname="com.hasbrop2m.sanity.SanitySuiteUpdateProductName">
    <skipped/>
  </testcase> <!-- @AfterMethod reporterdataSetResult -->
  <testcase name="@BeforeMethod Refresh" time="0.0" classname="com.hasbrop2m.sanity.SanitySuiteUpdateProductName">
    <skipped/>
  </testcase> <!-- @BeforeMethod Refresh -->
  <testcase name="@AfterMethod reporterdataSetResult" time="0.0" classname="com.hasbrop2m.sanity.SanitySuiteUpdateProductName">
    <skipped/>
  </testcase> <!-- @AfterMethod reporterdataSetResult -->
  <testcase name="@BeforeMethod Refresh" time="0.0" classname="com.hasbrop2m.sanity.SanitySuiteUpdateProductName">
    <skipped/>
  </testcase> <!-- @BeforeMethod Refresh -->
  <testcase name="@AfterMethod reporterdataSetResult" time="0.0" classname="com.hasbrop2m.sanity.SanitySuiteUpdateProductName">
    <skipped/>
  </testcase> <!-- @AfterMethod reporterdataSetResult -->
  <testcase name="@BeforeMethod Refresh" time="0.0" classname="com.hasbrop2m.sanity.SanitySuiteUpdateProductName">
    <skipped/>
  </testcase> <!-- @BeforeMethod Refresh -->
  <testcase name="@AfterMethod reporterdataSetResult" time="0.0" classname="com.hasbrop2m.sanity.SanitySuiteUpdateProductName">
    <skipped/>
  </testcase> <!-- @AfterMethod reporterdataSetResult -->
  <testcase name="@BeforeMethod Refresh" time="0.0" classname="com.hasbrop2m.sanity.SanitySuiteUpdateProductName">
    <skipped/>
  </testcase> <!-- @BeforeMethod Refresh -->
  <testcase name="@AfterMethod reporterdataSetResult" time="0.0" classname="com.hasbrop2m.sanity.SanitySuiteUpdateProductName">
    <skipped/>
  </testcase> <!-- @AfterMethod reporterdataSetResult -->
  <testcase name="@BeforeMethod Refresh" time="0.0" classname="com.hasbrop2m.sanity.SanitySuiteUpdateProductName">
    <skipped/>
  </testcase> <!-- @BeforeMethod Refresh -->
  <testcase name="@AfterMethod reporterdataSetResult" time="0.0" classname="com.hasbrop2m.sanity.SanitySuiteUpdateProductName">
    <skipped/>
  </testcase> <!-- @AfterMethod reporterdataSetResult -->
  <testcase name="@BeforeMethod Refresh" time="0.0" classname="com.hasbrop2m.sanity.SanitySuiteUpdateProductName">
    <skipped/>
  </testcase> <!-- @BeforeMethod Refresh -->
  <testcase name="@AfterMethod reporterdataSetResult" time="0.0" classname="com.hasbrop2m.sanity.SanitySuiteUpdateProductName">
    <skipped/>
  </testcase> <!-- @AfterMethod reporterdataSetResult -->
  <testcase name="@BeforeMethod Refresh" time="0.0" classname="com.hasbrop2m.sanity.SanitySuiteUpdateProductName">
    <skipped/>
  </testcase> <!-- @BeforeMethod Refresh -->
  <testcase name="@AfterMethod reporterdataSetResult" time="0.0" classname="com.hasbrop2m.sanity.SanitySuiteUpdateProductName">
    <skipped/>
  </testcase> <!-- @AfterMethod reporterdataSetResult -->
  <testcase name="@BeforeMethod Refresh" time="0.0" classname="com.hasbrop2m.sanity.SanitySuiteUpdateProductName">
    <skipped/>
  </testcase> <!-- @BeforeMethod Refresh -->
  <testcase name="@AfterMethod reporterdataSetResult" time="0.0" classname="com.hasbrop2m.sanity.SanitySuiteUpdateProductName">
    <skipped/>
  </testcase> <!-- @AfterMethod reporterdataSetResult -->
  <testcase name="@BeforeMethod Refresh" time="0.0" classname="com.hasbrop2m.sanity.SanitySuiteUpdateProductName">
    <skipped/>
  </testcase> <!-- @BeforeMethod Refresh -->
  <testcase name="@AfterMethod reporterdataSetResult" time="0.0" classname="com.hasbrop2m.sanity.SanitySuiteUpdateProductName">
    <skipped/>
  </testcase> <!-- @AfterMethod reporterdataSetResult -->
  <testcase name="@BeforeMethod Refresh" time="0.0" classname="com.hasbrop2m.sanity.SanitySuiteUpdateProductName">
    <skipped/>
  </testcase> <!-- @BeforeMethod Refresh -->
  <testcase name="@AfterMethod reporterdataSetResult" time="0.0" classname="com.hasbrop2m.sanity.SanitySuiteUpdateProductName">
    <skipped/>
  </testcase> <!-- @AfterMethod reporterdataSetResult -->
  <testcase name="@BeforeMethod Refresh" time="0.0" classname="com.hasbrop2m.sanity.SanitySuiteUpdateProductName">
    <skipped/>
  </testcase> <!-- @BeforeMethod Refresh -->
  <testcase name="@AfterMethod reporterdataSetResult" time="0.0" classname="com.hasbrop2m.sanity.SanitySuiteUpdateProductName">
    <skipped/>
  </testcase> <!-- @AfterMethod reporterdataSetResult -->
  <testcase name="@BeforeMethod Refresh" time="0.0" classname="com.hasbrop2m.sanity.SanitySuiteUpdateProductName">
    <skipped/>
  </testcase> <!-- @BeforeMethod Refresh -->
  <testcase name="@AfterMethod reporterdataSetResult" time="0.0" classname="com.hasbrop2m.sanity.SanitySuiteUpdateProductName">
    <skipped/>
  </testcase> <!-- @AfterMethod reporterdataSetResult -->
  <testcase name="@BeforeMethod Refresh" time="0.0" classname="com.hasbrop2m.sanity.SanitySuiteUpdateProductName">
    <skipped/>
  </testcase> <!-- @BeforeMethod Refresh -->
  <testcase name="@AfterMethod reporterdataSetResult" time="0.0" classname="com.hasbrop2m.sanity.SanitySuiteUpdateProductName">
    <skipped/>
  </testcase> <!-- @AfterMethod reporterdataSetResult -->
  <testcase name="@BeforeMethod Refresh" time="0.0" classname="com.hasbrop2m.sanity.SanitySuiteUpdateProductName">
    <skipped/>
  </testcase> <!-- @BeforeMethod Refresh -->
  <testcase name="@AfterMethod reporterdataSetResult" time="0.0" classname="com.hasbrop2m.sanity.SanitySuiteUpdateProductName">
    <skipped/>
  </testcase> <!-- @AfterMethod reporterdataSetResult -->
  <testcase name="@BeforeMethod Refresh" time="0.0" classname="com.hasbrop2m.sanity.SanitySuiteUpdateProductName">
    <skipped/>
  </testcase> <!-- @BeforeMethod Refresh -->
  <testcase name="@AfterMethod reporterdataSetResult" time="0.0" classname="com.hasbrop2m.sanity.SanitySuiteUpdateProductName">
    <skipped/>
  </testcase> <!-- @AfterMethod reporterdataSetResult -->
  <testcase name="@BeforeMethod Refresh" time="0.0" classname="com.hasbrop2m.sanity.SanitySuiteUpdateProductName">
    <skipped/>
  </testcase> <!-- @BeforeMethod Refresh -->
  <testcase name="@AfterMethod reporterdataSetResult" time="0.0" classname="com.hasbrop2m.sanity.SanitySuiteUpdateProductName">
    <skipped/>
  </testcase> <!-- @AfterMethod reporterdataSetResult -->
  <testcase name="@BeforeMethod Refresh" time="0.0" classname="com.hasbrop2m.sanity.SanitySuiteUpdateProductName">
    <skipped/>
  </testcase> <!-- @BeforeMethod Refresh -->
  <testcase name="@AfterMethod reporterdataSetResult" time="0.0" classname="com.hasbrop2m.sanity.SanitySuiteUpdateProductName">
    <skipped/>
  </testcase> <!-- @AfterMethod reporterdataSetResult -->
  <testcase name="@BeforeMethod Refresh" time="0.0" classname="com.hasbrop2m.sanity.SanitySuiteUpdateProductName">
    <skipped/>
  </testcase> <!-- @BeforeMethod Refresh -->
  <testcase name="@AfterMethod reporterdataSetResult" time="0.0" classname="com.hasbrop2m.sanity.SanitySuiteUpdateProductName">
    <skipped/>
  </testcase> <!-- @AfterMethod reporterdataSetResult -->
  <testcase name="@BeforeMethod Refresh" time="0.0" classname="com.hasbrop2m.sanity.SanitySuiteUpdateProductName">
    <skipped/>
  </testcase> <!-- @BeforeMethod Refresh -->
  <testcase name="@AfterMethod reporterdataSetResult" time="0.0" classname="com.hasbrop2m.sanity.SanitySuiteUpdateProductName">
    <skipped/>
  </testcase> <!-- @AfterMethod reporterdataSetResult -->
  <testcase name="@BeforeMethod Refresh" time="0.0" classname="com.hasbrop2m.sanity.SanitySuiteUpdateProductName">
    <skipped/>
  </testcase> <!-- @BeforeMethod Refresh -->
  <testcase name="@AfterMethod reporterdataSetResult" time="0.0" classname="com.hasbrop2m.sanity.SanitySuiteUpdateProductName">
    <skipped/>
  </testcase> <!-- @AfterMethod reporterdataSetResult -->
  <testcase name="@BeforeMethod Refresh" time="0.0" classname="com.hasbrop2m.sanity.SanitySuiteUpdateProductName">
    <skipped/>
  </testcase> <!-- @BeforeMethod Refresh -->
  <testcase name="@AfterMethod reporterdataSetResult" time="0.0" classname="com.hasbrop2m.sanity.SanitySuiteUpdateProductName">
    <skipped/>
  </testcase> <!-- @AfterMethod reporterdataSetResult -->
  <testcase name="@BeforeMethod Refresh" time="0.0" classname="com.hasbrop2m.sanity.SanitySuiteUpdateProductName">
    <skipped/>
  </testcase> <!-- @BeforeMethod Refresh -->
  <testcase name="@AfterMethod reporterdataSetResult" time="0.0" classname="com.hasbrop2m.sanity.SanitySuiteUpdateProductName">
    <skipped/>
  </testcase> <!-- @AfterMethod reporterdataSetResult -->
  <testcase name="@BeforeMethod Refresh" time="0.0" classname="com.hasbrop2m.sanity.SanitySuiteUpdateProductName">
    <skipped/>
  </testcase> <!-- @BeforeMethod Refresh -->
  <testcase name="@AfterMethod reporterdataSetResult" time="0.0" classname="com.hasbrop2m.sanity.SanitySuiteUpdateProductName">
    <skipped/>
  </testcase> <!-- @AfterMethod reporterdataSetResult -->
  <testcase name="@BeforeMethod Refresh" time="0.0" classname="com.hasbrop2m.sanity.SanitySuiteUpdateProductName">
    <skipped/>
  </testcase> <!-- @BeforeMethod Refresh -->
  <testcase name="@AfterMethod reporterdataSetResult" time="0.0" classname="com.hasbrop2m.sanity.SanitySuiteUpdateProductName">
    <skipped/>
  </testcase> <!-- @AfterMethod reporterdataSetResult -->
  <testcase name="@BeforeMethod Refresh" time="0.0" classname="com.hasbrop2m.sanity.SanitySuiteUpdateProductName">
    <skipped/>
  </testcase> <!-- @BeforeMethod Refresh -->
  <testcase name="@AfterMethod reporterdataSetResult" time="0.0" classname="com.hasbrop2m.sanity.SanitySuiteUpdateProductName">
    <skipped/>
  </testcase> <!-- @AfterMethod reporterdataSetResult -->
  <testcase name="@BeforeMethod Refresh" time="0.0" classname="com.hasbrop2m.sanity.SanitySuiteUpdateProductName">
    <skipped/>
  </testcase> <!-- @BeforeMethod Refresh -->
  <testcase name="@AfterMethod reporterdataSetResult" time="0.0" classname="com.hasbrop2m.sanity.SanitySuiteUpdateProductName">
    <skipped/>
  </testcase> <!-- @AfterMethod reporterdataSetResult -->
  <testcase name="@BeforeMethod Refresh" time="0.0" classname="com.hasbrop2m.sanity.SanitySuiteUpdateProductName">
    <skipped/>
  </testcase> <!-- @BeforeMethod Refresh -->
  <testcase name="@AfterMethod reporterdataSetResult" time="0.0" classname="com.hasbrop2m.sanity.SanitySuiteUpdateProductName">
    <skipped/>
  </testcase> <!-- @AfterMethod reporterdataSetResult -->
  <testcase name="@BeforeMethod Refresh" time="0.0" classname="com.hasbrop2m.sanity.SanitySuiteUpdateProductName">
    <skipped/>
  </testcase> <!-- @BeforeMethod Refresh -->
  <testcase name="@AfterMethod reporterdataSetResult" time="0.0" classname="com.hasbrop2m.sanity.SanitySuiteUpdateProductName">
    <skipped/>
  </testcase> <!-- @AfterMethod reporterdataSetResult -->
  <testcase name="@BeforeMethod Refresh" time="0.0" classname="com.hasbrop2m.sanity.SanitySuiteUpdateProductName">
    <skipped/>
  </testcase> <!-- @BeforeMethod Refresh -->
  <testcase name="@AfterMethod reporterdataSetResult" time="0.0" classname="com.hasbrop2m.sanity.SanitySuiteUpdateProductName">
    <skipped/>
  </testcase> <!-- @AfterMethod reporterdataSetResult -->
  <testcase name="@BeforeMethod Refresh" time="0.0" classname="com.hasbrop2m.sanity.SanitySuiteUpdateProductName">
    <skipped/>
  </testcase> <!-- @BeforeMethod Refresh -->
  <testcase name="@AfterMethod reporterdataSetResult" time="0.0" classname="com.hasbrop2m.sanity.SanitySuiteUpdateProductName">
    <skipped/>
  </testcase> <!-- @AfterMethod reporterdataSetResult -->
  <testcase name="@BeforeMethod Refresh" time="0.0" classname="com.hasbrop2m.sanity.SanitySuiteUpdateProductName">
    <skipped/>
  </testcase> <!-- @BeforeMethod Refresh -->
  <testcase name="@AfterMethod reporterdataSetResult" time="0.0" classname="com.hasbrop2m.sanity.SanitySuiteUpdateProductName">
    <skipped/>
  </testcase> <!-- @AfterMethod reporterdataSetResult -->
  <testcase name="@BeforeMethod Refresh" time="0.0" classname="com.hasbrop2m.sanity.SanitySuiteUpdateProductName">
    <skipped/>
  </testcase> <!-- @BeforeMethod Refresh -->
  <testcase name="@AfterMethod reporterdataSetResult" time="0.0" classname="com.hasbrop2m.sanity.SanitySuiteUpdateProductName">
    <skipped/>
  </testcase> <!-- @AfterMethod reporterdataSetResult -->
  <testcase name="@BeforeMethod Refresh" time="0.0" classname="com.hasbrop2m.sanity.SanitySuiteUpdateProductName">
    <skipped/>
  </testcase> <!-- @BeforeMethod Refresh -->
  <testcase name="@AfterMethod reporterdataSetResult" time="0.0" classname="com.hasbrop2m.sanity.SanitySuiteUpdateProductName">
    <skipped/>
  </testcase> <!-- @AfterMethod reporterdataSetResult -->
  <testcase name="@BeforeMethod Refresh" time="0.0" classname="com.hasbrop2m.sanity.SanitySuiteUpdateProductName">
    <skipped/>
  </testcase> <!-- @BeforeMethod Refresh -->
  <testcase name="@AfterMethod reporterdataSetResult" time="0.0" classname="com.hasbrop2m.sanity.SanitySuiteUpdateProductName">
    <skipped/>
  </testcase> <!-- @AfterMethod reporterdataSetResult -->
  <testcase name="@BeforeMethod Refresh" time="0.0" classname="com.hasbrop2m.sanity.SanitySuiteUpdateProductName">
    <skipped/>
  </testcase> <!-- @BeforeMethod Refresh -->
  <testcase name="@AfterMethod reporterdataSetResult" time="0.0" classname="com.hasbrop2m.sanity.SanitySuiteUpdateProductName">
    <skipped/>
  </testcase> <!-- @AfterMethod reporterdataSetResult -->
  <testcase name="@BeforeMethod Refresh" time="0.0" classname="com.hasbrop2m.sanity.SanitySuiteUpdateProductName">
    <skipped/>
  </testcase> <!-- @BeforeMethod Refresh -->
  <testcase name="@AfterMethod reporterdataSetResult" time="0.0" classname="com.hasbrop2m.sanity.SanitySuiteUpdateProductName">
    <skipped/>
  </testcase> <!-- @AfterMethod reporterdataSetResult -->
  <testcase name="@BeforeMethod Refresh" time="0.0" classname="com.hasbrop2m.sanity.SanitySuiteUpdateProductName">
    <skipped/>
  </testcase> <!-- @BeforeMethod Refresh -->
  <testcase name="@AfterMethod reporterdataSetResult" time="0.0" classname="com.hasbrop2m.sanity.SanitySuiteUpdateProductName">
    <skipped/>
  </testcase> <!-- @AfterMethod reporterdataSetResult -->
  <testcase name="@BeforeMethod Refresh" time="0.0" classname="com.hasbrop2m.sanity.SanitySuiteUpdateProductName">
    <skipped/>
  </testcase> <!-- @BeforeMethod Refresh -->
  <testcase name="@AfterMethod reporterdataSetResult" time="0.0" classname="com.hasbrop2m.sanity.SanitySuiteUpdateProductName">
    <skipped/>
  </testcase> <!-- @AfterMethod reporterdataSetResult -->
  <testcase name="@BeforeMethod Refresh" time="0.0" classname="com.hasbrop2m.sanity.SanitySuiteUpdateProductName">
    <skipped/>
  </testcase> <!-- @BeforeMethod Refresh -->
  <testcase name="@AfterMethod reporterdataSetResult" time="0.0" classname="com.hasbrop2m.sanity.SanitySuiteUpdateProductName">
    <skipped/>
  </testcase> <!-- @AfterMethod reporterdataSetResult -->
  <testcase name="@BeforeMethod Refresh" time="0.0" classname="com.hasbrop2m.sanity.SanitySuiteUpdateProductName">
    <skipped/>
  </testcase> <!-- @BeforeMethod Refresh -->
  <testcase name="@AfterMethod reporterdataSetResult" time="0.0" classname="com.hasbrop2m.sanity.SanitySuiteUpdateProductName">
    <skipped/>
  </testcase> <!-- @AfterMethod reporterdataSetResult -->
  <testcase name="@BeforeMethod Refresh" time="0.0" classname="com.hasbrop2m.sanity.SanitySuiteUpdateProductName">
    <skipped/>
  </testcase> <!-- @BeforeMethod Refresh -->
  <testcase name="@AfterMethod reporterdataSetResult" time="0.0" classname="com.hasbrop2m.sanity.SanitySuiteUpdateProductName">
    <skipped/>
  </testcase> <!-- @AfterMethod reporterdataSetResult -->
  <testcase name="@BeforeMethod Refresh" time="0.0" classname="com.hasbrop2m.sanity.SanitySuiteUpdateProductName">
    <skipped/>
  </testcase> <!-- @BeforeMethod Refresh -->
  <testcase name="@AfterMethod reporterdataSetResult" time="0.0" classname="com.hasbrop2m.sanity.SanitySuiteUpdateProductName">
    <skipped/>
  </testcase> <!-- @AfterMethod reporterdataSetResult -->
  <testcase name="@BeforeMethod Refresh" time="0.0" classname="com.hasbrop2m.sanity.SanitySuiteUpdateProductName">
    <skipped/>
  </testcase> <!-- @BeforeMethod Refresh -->
  <testcase name="@AfterMethod reporterdataSetResult" time="0.0" classname="com.hasbrop2m.sanity.SanitySuiteUpdateProductName">
    <skipped/>
  </testcase> <!-- @AfterMethod reporterdataSetResult -->
  <testcase name="@BeforeMethod Refresh" time="0.0" classname="com.hasbrop2m.sanity.SanitySuiteUpdateProductName">
    <skipped/>
  </testcase> <!-- @BeforeMethod Refresh -->
  <testcase name="@AfterMethod reporterdataSetResult" time="0.0" classname="com.hasbrop2m.sanity.SanitySuiteUpdateProductName">
    <skipped/>
  </testcase> <!-- @AfterMethod reporterdataSetResult -->
  <testcase name="@BeforeMethod Refresh" time="0.0" classname="com.hasbrop2m.sanity.SanitySuiteUpdateProductName">
    <skipped/>
  </testcase> <!-- @BeforeMethod Refresh -->
  <testcase name="@AfterMethod reporterdataSetResult" time="0.0" classname="com.hasbrop2m.sanity.SanitySuiteUpdateProductName">
    <skipped/>
  </testcase> <!-- @AfterMethod reporterdataSetResult -->
  <testcase name="@BeforeMethod Refresh" time="0.0" classname="com.hasbrop2m.sanity.SanitySuiteUpdateProductName">
    <skipped/>
  </testcase> <!-- @BeforeMethod Refresh -->
  <testcase name="@AfterMethod reporterdataSetResult" time="0.0" classname="com.hasbrop2m.sanity.SanitySuiteUpdateProductName">
    <skipped/>
  </testcase> <!-- @AfterMethod reporterdataSetResult -->
  <testcase name="@BeforeMethod Refresh" time="0.0" classname="com.hasbrop2m.sanity.SanitySuiteUpdateProductName">
    <skipped/>
  </testcase> <!-- @BeforeMethod Refresh -->
  <testcase name="@AfterMethod reporterdataSetResult" time="0.0" classname="com.hasbrop2m.sanity.SanitySuiteUpdateProductName">
    <skipped/>
  </testcase> <!-- @AfterMethod reporterdataSetResult -->
  <testcase name="@BeforeMethod Refresh" time="0.0" classname="com.hasbrop2m.sanity.SanitySuiteUpdateProductName">
    <skipped/>
  </testcase> <!-- @BeforeMethod Refresh -->
  <testcase name="@AfterMethod reporterdataSetResult" time="0.0" classname="com.hasbrop2m.sanity.SanitySuiteUpdateProductName">
    <skipped/>
  </testcase> <!-- @AfterMethod reporterdataSetResult -->
  <testcase name="@BeforeMethod Refresh" time="0.0" classname="com.hasbrop2m.sanity.SanitySuiteUpdateProductName">
    <skipped/>
  </testcase> <!-- @BeforeMethod Refresh -->
  <testcase name="@AfterMethod reporterdataSetResult" time="0.0" classname="com.hasbrop2m.sanity.SanitySuiteUpdateProductName">
    <skipped/>
  </testcase> <!-- @AfterMethod reporterdataSetResult -->
  <testcase name="@BeforeMethod Refresh" time="0.0" classname="com.hasbrop2m.sanity.SanitySuiteUpdateProductName">
    <skipped/>
  </testcase> <!-- @BeforeMethod Refresh -->
  <testcase name="@AfterMethod reporterdataSetResult" time="0.0" classname="com.hasbrop2m.sanity.SanitySuiteUpdateProductName">
    <skipped/>
  </testcase> <!-- @AfterMethod reporterdataSetResult -->
  <testcase name="@BeforeMethod Refresh" time="0.0" classname="com.hasbrop2m.sanity.SanitySuiteUpdateProductName">
    <skipped/>
  </testcase> <!-- @BeforeMethod Refresh -->
  <testcase name="@AfterMethod reporterdataSetResult" time="0.0" classname="com.hasbrop2m.sanity.SanitySuiteUpdateProductName">
    <skipped/>
  </testcase> <!-- @AfterMethod reporterdataSetResult -->
  <testcase name="@BeforeMethod Refresh" time="0.0" classname="com.hasbrop2m.sanity.SanitySuiteUpdateProductName">
    <skipped/>
  </testcase> <!-- @BeforeMethod Refresh -->
  <testcase name="@AfterMethod reporterdataSetResult" time="0.0" classname="com.hasbrop2m.sanity.SanitySuiteUpdateProductName">
    <skipped/>
  </testcase> <!-- @AfterMethod reporterdataSetResult -->
  <testcase name="@BeforeMethod Refresh" time="0.0" classname="com.hasbrop2m.sanity.SanitySuiteUpdateProductName">
    <skipped/>
  </testcase> <!-- @BeforeMethod Refresh -->
  <testcase name="@AfterMethod reporterdataSetResult" time="0.0" classname="com.hasbrop2m.sanity.SanitySuiteUpdateProductName">
    <skipped/>
  </testcase> <!-- @AfterMethod reporterdataSetResult -->
  <testcase name="@BeforeMethod Refresh" time="0.0" classname="com.hasbrop2m.sanity.SanitySuiteUpdateProductName">
    <skipped/>
  </testcase> <!-- @BeforeMethod Refresh -->
  <testcase name="@AfterMethod reporterdataSetResult" time="0.0" classname="com.hasbrop2m.sanity.SanitySuiteUpdateProductName">
    <skipped/>
  </testcase> <!-- @AfterMethod reporterdataSetResult -->
  <testcase name="@BeforeMethod Refresh" time="0.0" classname="com.hasbrop2m.sanity.SanitySuiteUpdateProductName">
    <skipped/>
  </testcase> <!-- @BeforeMethod Refresh -->
  <testcase name="@AfterMethod reporterdataSetResult" time="0.0" classname="com.hasbrop2m.sanity.SanitySuiteUpdateProductName">
    <skipped/>
  </testcase> <!-- @AfterMethod reporterdataSetResult -->
  <testcase name="@BeforeMethod Refresh" time="0.0" classname="com.hasbrop2m.sanity.SanitySuiteUpdateProductName">
    <skipped/>
  </testcase> <!-- @BeforeMethod Refresh -->
  <testcase name="@AfterMethod reporterdataSetResult" time="0.0" classname="com.hasbrop2m.sanity.SanitySuiteUpdateProductName">
    <skipped/>
  </testcase> <!-- @AfterMethod reporterdataSetResult -->
  <testcase name="@BeforeMethod Refresh" time="0.0" classname="com.hasbrop2m.sanity.SanitySuiteUpdateProductName">
    <skipped/>
  </testcase> <!-- @BeforeMethod Refresh -->
  <testcase name="@AfterMethod reporterdataSetResult" time="0.0" classname="com.hasbrop2m.sanity.SanitySuiteUpdateProductName">
    <skipped/>
  </testcase> <!-- @AfterMethod reporterdataSetResult -->
  <testcase name="@BeforeMethod Refresh" time="0.0" classname="com.hasbrop2m.sanity.SanitySuiteUpdateProductName">
    <skipped/>
  </testcase> <!-- @BeforeMethod Refresh -->
  <testcase name="@AfterMethod reporterdataSetResult" time="0.0" classname="com.hasbrop2m.sanity.SanitySuiteUpdateProductName">
    <skipped/>
  </testcase> <!-- @AfterMethod reporterdataSetResult -->
  <testcase name="@BeforeMethod Refresh" time="0.0" classname="com.hasbrop2m.sanity.SanitySuiteUpdateProductName">
    <skipped/>
  </testcase> <!-- @BeforeMethod Refresh -->
  <testcase name="@AfterMethod reporterdataSetResult" time="0.0" classname="com.hasbrop2m.sanity.SanitySuiteUpdateProductName">
    <skipped/>
  </testcase> <!-- @AfterMethod reporterdataSetResult -->
  <testcase name="@BeforeMethod Refresh" time="0.0" classname="com.hasbrop2m.sanity.SanitySuiteUpdateProductName">
    <skipped/>
  </testcase> <!-- @BeforeMethod Refresh -->
  <testcase name="@AfterMethod reporterdataSetResult" time="0.0" classname="com.hasbrop2m.sanity.SanitySuiteUpdateProductName">
    <skipped/>
  </testcase> <!-- @AfterMethod reporterdataSetResult -->
  <testcase name="@BeforeMethod Refresh" time="0.0" classname="com.hasbrop2m.sanity.SanitySuiteUpdateProductName">
    <skipped/>
  </testcase> <!-- @BeforeMethod Refresh -->
  <testcase name="@AfterMethod reporterdataSetResult" time="0.0" classname="com.hasbrop2m.sanity.SanitySuiteUpdateProductName">
    <skipped/>
  </testcase> <!-- @AfterMethod reporterdataSetResult -->
  <testcase name="@BeforeMethod Refresh" time="0.0" classname="com.hasbrop2m.sanity.SanitySuiteUpdateProductName">
    <skipped/>
  </testcase> <!-- @BeforeMethod Refresh -->
  <testcase name="@AfterMethod reporterdataSetResult" time="0.0" classname="com.hasbrop2m.sanity.SanitySuiteUpdateProductName">
    <skipped/>
  </testcase> <!-- @AfterMethod reporterdataSetResult -->
  <testcase name="@BeforeMethod Refresh" time="0.0" classname="com.hasbrop2m.sanity.SanitySuiteUpdateProductName">
    <skipped/>
  </testcase> <!-- @BeforeMethod Refresh -->
  <testcase name="@AfterMethod reporterdataSetResult" time="0.0" classname="com.hasbrop2m.sanity.SanitySuiteUpdateProductName">
    <skipped/>
  </testcase> <!-- @AfterMethod reporterdataSetResult -->
  <testcase name="@BeforeMethod Refresh" time="0.0" classname="com.hasbrop2m.sanity.SanitySuiteUpdateProductName">
    <skipped/>
  </testcase> <!-- @BeforeMethod Refresh -->
  <testcase name="@AfterMethod reporterdataSetResult" time="0.0" classname="com.hasbrop2m.sanity.SanitySuiteUpdateProductName">
    <skipped/>
  </testcase> <!-- @AfterMethod reporterdataSetResult -->
  <testcase name="@BeforeMethod Refresh" time="0.0" classname="com.hasbrop2m.sanity.SanitySuiteUpdateProductName">
    <skipped/>
  </testcase> <!-- @BeforeMethod Refresh -->
  <testcase name="@AfterMethod reporterdataSetResult" time="0.0" classname="com.hasbrop2m.sanity.SanitySuiteUpdateProductName">
    <skipped/>
  </testcase> <!-- @AfterMethod reporterdataSetResult -->
  <testcase name="@BeforeMethod Refresh" time="0.0" classname="com.hasbrop2m.sanity.SanitySuiteUpdateProductName">
    <skipped/>
  </testcase> <!-- @BeforeMethod Refresh -->
  <testcase name="@AfterMethod reporterdataSetResult" time="0.0" classname="com.hasbrop2m.sanity.SanitySuiteUpdateProductName">
    <skipped/>
  </testcase> <!-- @AfterMethod reporterdataSetResult -->
  <testcase name="@BeforeMethod Refresh" time="0.0" classname="com.hasbrop2m.sanity.SanitySuiteUpdateProductName">
    <skipped/>
  </testcase> <!-- @BeforeMethod Refresh -->
  <testcase name="@AfterMethod reporterdataSetResult" time="0.0" classname="com.hasbrop2m.sanity.SanitySuiteUpdateProductName">
    <skipped/>
  </testcase> <!-- @AfterMethod reporterdataSetResult -->
  <testcase name="@BeforeMethod Refresh" time="0.0" classname="com.hasbrop2m.sanity.SanitySuiteUpdateProductName">
    <skipped/>
  </testcase> <!-- @BeforeMethod Refresh -->
  <testcase name="@AfterMethod reporterdataSetResult" time="0.0" classname="com.hasbrop2m.sanity.SanitySuiteUpdateProductName">
    <skipped/>
  </testcase> <!-- @AfterMethod reporterdataSetResult -->
  <testcase name="@BeforeMethod Refresh" time="0.0" classname="com.hasbrop2m.sanity.SanitySuiteUpdateProductName">
    <skipped/>
  </testcase> <!-- @BeforeMethod Refresh -->
  <testcase name="@AfterMethod reporterdataSetResult" time="0.0" classname="com.hasbrop2m.sanity.SanitySuiteUpdateProductName">
    <skipped/>
  </testcase> <!-- @AfterMethod reporterdataSetResult -->
  <testcase name="@BeforeMethod Refresh" time="0.0" classname="com.hasbrop2m.sanity.SanitySuiteUpdateProductName">
    <skipped/>
  </testcase> <!-- @BeforeMethod Refresh -->
  <testcase name="@AfterMethod reporterdataSetResult" time="0.0" classname="com.hasbrop2m.sanity.SanitySuiteUpdateProductName">
    <skipped/>
  </testcase> <!-- @AfterMethod reporterdataSetResult -->
  <testcase name="@BeforeMethod Refresh" time="0.0" classname="com.hasbrop2m.sanity.SanitySuiteUpdateProductName">
    <skipped/>
  </testcase> <!-- @BeforeMethod Refresh -->
  <testcase name="@AfterMethod reporterdataSetResult" time="0.0" classname="com.hasbrop2m.sanity.SanitySuiteUpdateProductName">
    <skipped/>
  </testcase> <!-- @AfterMethod reporterdataSetResult -->
  <testcase name="@BeforeMethod Refresh" time="0.0" classname="com.hasbrop2m.sanity.SanitySuiteUpdateProductName">
    <skipped/>
  </testcase> <!-- @BeforeMethod Refresh -->
  <testcase name="@AfterMethod reporterdataSetResult" time="0.0" classname="com.hasbrop2m.sanity.SanitySuiteUpdateProductName">
    <skipped/>
  </testcase> <!-- @AfterMethod reporterdataSetResult -->
  <testcase name="@BeforeMethod Refresh" time="0.0" classname="com.hasbrop2m.sanity.SanitySuiteUpdateProductName">
    <skipped/>
  </testcase> <!-- @BeforeMethod Refresh -->
  <testcase name="@AfterMethod reporterdataSetResult" time="0.0" classname="com.hasbrop2m.sanity.SanitySuiteUpdateProductName">
    <skipped/>
  </testcase> <!-- @AfterMethod reporterdataSetResult -->
  <testcase name="@BeforeMethod Refresh" time="0.0" classname="com.hasbrop2m.sanity.SanitySuiteUpdateProductName">
    <skipped/>
  </testcase> <!-- @BeforeMethod Refresh -->
  <testcase name="@AfterMethod reporterdataSetResult" time="0.0" classname="com.hasbrop2m.sanity.SanitySuiteUpdateProductName">
    <skipped/>
  </testcase> <!-- @AfterMethod reporterdataSetResult -->
  <testcase name="@BeforeMethod Refresh" time="0.0" classname="com.hasbrop2m.sanity.SanitySuiteUpdateProductName">
    <skipped/>
  </testcase> <!-- @BeforeMethod Refresh -->
  <testcase name="@AfterMethod reporterdataSetResult" time="0.0" classname="com.hasbrop2m.sanity.SanitySuiteUpdateProductName">
    <skipped/>
  </testcase> <!-- @AfterMethod reporterdataSetResult -->
  <testcase name="@BeforeMethod Refresh" time="0.0" classname="com.hasbrop2m.sanity.SanitySuiteUpdateProductName">
    <skipped/>
  </testcase> <!-- @BeforeMethod Refresh -->
  <testcase name="@AfterMethod reporterdataSetResult" time="0.0" classname="com.hasbrop2m.sanity.SanitySuiteUpdateProductName">
    <skipped/>
  </testcase> <!-- @AfterMethod reporterdataSetResult -->
  <testcase name="@BeforeMethod Refresh" time="0.0" classname="com.hasbrop2m.sanity.SanitySuiteUpdateProductName">
    <skipped/>
  </testcase> <!-- @BeforeMethod Refresh -->
  <testcase name="@AfterMethod reporterdataSetResult" time="0.0" classname="com.hasbrop2m.sanity.SanitySuiteUpdateProductName">
    <skipped/>
  </testcase> <!-- @AfterMethod reporterdataSetResult -->
  <testcase name="@BeforeMethod Refresh" time="0.0" classname="com.hasbrop2m.sanity.SanitySuiteUpdateProductName">
    <skipped/>
  </testcase> <!-- @BeforeMethod Refresh -->
  <testcase name="@AfterMethod reporterdataSetResult" time="0.0" classname="com.hasbrop2m.sanity.SanitySuiteUpdateProductName">
    <skipped/>
  </testcase> <!-- @AfterMethod reporterdataSetResult -->
  <testcase name="@BeforeMethod Refresh" time="0.0" classname="com.hasbrop2m.sanity.SanitySuiteUpdateProductName">
    <skipped/>
  </testcase> <!-- @BeforeMethod Refresh -->
  <testcase name="@AfterMethod reporterdataSetResult" time="0.0" classname="com.hasbrop2m.sanity.SanitySuiteUpdateProductName">
    <skipped/>
  </testcase> <!-- @AfterMethod reporterdataSetResult -->
  <testcase name="@BeforeMethod Refresh" time="0.0" classname="com.hasbrop2m.sanity.SanitySuiteUpdateProductName">
    <skipped/>
  </testcase> <!-- @BeforeMethod Refresh -->
  <testcase name="@AfterMethod reporterdataSetResult" time="0.0" classname="com.hasbrop2m.sanity.SanitySuiteUpdateProductName">
    <skipped/>
  </testcase> <!-- @AfterMethod reporterdataSetResult -->
  <testcase name="@BeforeMethod Refresh" time="0.0" classname="com.hasbrop2m.sanity.SanitySuiteUpdateProductName">
    <skipped/>
  </testcase> <!-- @BeforeMethod Refresh -->
  <testcase name="@AfterMethod reporterdataSetResult" time="0.0" classname="com.hasbrop2m.sanity.SanitySuiteUpdateProductName">
    <skipped/>
  </testcase> <!-- @AfterMethod reporterdataSetResult -->
  <testcase name="@BeforeMethod Refresh" time="0.0" classname="com.hasbrop2m.sanity.SanitySuiteUpdateProductName">
    <skipped/>
  </testcase> <!-- @BeforeMethod Refresh -->
  <testcase name="@AfterMethod reporterdataSetResult" time="0.0" classname="com.hasbrop2m.sanity.SanitySuiteUpdateProductName">
    <skipped/>
  </testcase> <!-- @AfterMethod reporterdataSetResult -->
  <testcase name="@BeforeMethod Refresh" time="0.0" classname="com.hasbrop2m.sanity.SanitySuiteUpdateProductName">
    <skipped/>
  </testcase> <!-- @BeforeMethod Refresh -->
  <testcase name="@AfterMethod reporterdataSetResult" time="0.0" classname="com.hasbrop2m.sanity.SanitySuiteUpdateProductName">
    <skipped/>
  </testcase> <!-- @AfterMethod reporterdataSetResult -->
  <testcase name="@BeforeMethod Refresh" time="0.0" classname="com.hasbrop2m.sanity.SanitySuiteUpdateProductName">
    <skipped/>
  </testcase> <!-- @BeforeMethod Refresh -->
  <testcase name="@AfterMethod reporterdataSetResult" time="0.0" classname="com.hasbrop2m.sanity.SanitySuiteUpdateProductName">
    <skipped/>
  </testcase> <!-- @AfterMethod reporterdataSetResult -->
  <testcase name="@BeforeMethod Refresh" time="0.0" classname="com.hasbrop2m.sanity.SanitySuiteUpdateProductName">
    <skipped/>
  </testcase> <!-- @BeforeMethod Refresh -->
  <testcase name="@AfterMethod reporterdataSetResult" time="0.0" classname="com.hasbrop2m.sanity.SanitySuiteUpdateProductName">
    <skipped/>
  </testcase> <!-- @AfterMethod reporterdataSetResult -->
  <testcase name="@BeforeMethod Refresh" time="0.0" classname="com.hasbrop2m.sanity.SanitySuiteUpdateProductName">
    <skipped/>
  </testcase> <!-- @BeforeMethod Refresh -->
  <testcase name="@AfterMethod reporterdataSetResult" time="0.0" classname="com.hasbrop2m.sanity.SanitySuiteUpdateProductName">
    <skipped/>
  </testcase> <!-- @AfterMethod reporterdataSetResult -->
  <testcase name="@BeforeMethod Refresh" time="0.0" classname="com.hasbrop2m.sanity.SanitySuiteUpdateProductName">
    <skipped/>
  </testcase> <!-- @BeforeMethod Refresh -->
  <testcase name="@AfterMethod reporterdataSetResult" time="0.0" classname="com.hasbrop2m.sanity.SanitySuiteUpdateProductName">
    <skipped/>
  </testcase> <!-- @AfterMethod reporterdataSetResult -->
  <testcase name="@BeforeMethod Refresh" time="0.0" classname="com.hasbrop2m.sanity.SanitySuiteUpdateProductName">
    <skipped/>
  </testcase> <!-- @BeforeMethod Refresh -->
  <testcase name="@AfterMethod reporterdataSetResult" time="0.0" classname="com.hasbrop2m.sanity.SanitySuiteUpdateProductName">
    <skipped/>
  </testcase> <!-- @AfterMethod reporterdataSetResult -->
  <testcase name="@BeforeMethod Refresh" time="0.0" classname="com.hasbrop2m.sanity.SanitySuiteUpdateProductName">
    <skipped/>
  </testcase> <!-- @BeforeMethod Refresh -->
  <testcase name="@AfterMethod reporterdataSetResult" time="0.0" classname="com.hasbrop2m.sanity.SanitySuiteUpdateProductName">
    <skipped/>
  </testcase> <!-- @AfterMethod reporterdataSetResult -->
  <testcase name="@BeforeMethod Refresh" time="0.0" classname="com.hasbrop2m.sanity.SanitySuiteUpdateProductName">
    <skipped/>
  </testcase> <!-- @BeforeMethod Refresh -->
  <testcase name="@AfterMethod reporterdataSetResult" time="0.0" classname="com.hasbrop2m.sanity.SanitySuiteUpdateProductName">
    <skipped/>
  </testcase> <!-- @AfterMethod reporterdataSetResult -->
  <testcase name="@BeforeMethod Refresh" time="0.0" classname="com.hasbrop2m.sanity.SanitySuiteUpdateProductName">
    <skipped/>
  </testcase> <!-- @BeforeMethod Refresh -->
  <testcase name="@AfterMethod reporterdataSetResult" time="0.0" classname="com.hasbrop2m.sanity.SanitySuiteUpdateProductName">
    <skipped/>
  </testcase> <!-- @AfterMethod reporterdataSetResult -->
  <testcase name="@BeforeMethod Refresh" time="0.0" classname="com.hasbrop2m.sanity.SanitySuiteUpdateProductName">
    <skipped/>
  </testcase> <!-- @BeforeMethod Refresh -->
  <testcase name="@AfterMethod reporterdataSetResult" time="0.0" classname="com.hasbrop2m.sanity.SanitySuiteUpdateProductName">
    <skipped/>
  </testcase> <!-- @AfterMethod reporterdataSetResult -->
  <testcase name="@BeforeMethod Refresh" time="0.0" classname="com.hasbrop2m.sanity.SanitySuiteUpdateProductName">
    <skipped/>
  </testcase> <!-- @BeforeMethod Refresh -->
  <testcase name="@AfterMethod reporterdataSetResult" time="0.0" classname="com.hasbrop2m.sanity.SanitySuiteUpdateProductName">
    <skipped/>
  </testcase> <!-- @AfterMethod reporterdataSetResult -->
  <testcase name="@BeforeMethod Refresh" time="0.0" classname="com.hasbrop2m.sanity.SanitySuiteUpdateProductName">
    <skipped/>
  </testcase> <!-- @BeforeMethod Refresh -->
  <testcase name="@AfterMethod reporterdataSetResult" time="0.0" classname="com.hasbrop2m.sanity.SanitySuiteUpdateProductName">
    <skipped/>
  </testcase> <!-- @AfterMethod reporterdataSetResult -->
  <testcase name="@BeforeMethod Refresh" time="0.0" classname="com.hasbrop2m.sanity.SanitySuiteUpdateProductName">
    <skipped/>
  </testcase> <!-- @BeforeMethod Refresh -->
  <testcase name="@AfterMethod reporterdataSetResult" time="0.0" classname="com.hasbrop2m.sanity.SanitySuiteUpdateProductName">
    <skipped/>
  </testcase> <!-- @AfterMethod reporterdataSetResult -->
  <testcase name="@BeforeMethod Refresh" time="0.0" classname="com.hasbrop2m.sanity.SanitySuiteUpdateProductName">
    <skipped/>
  </testcase> <!-- @BeforeMethod Refresh -->
  <testcase name="@AfterMethod reporterdataSetResult" time="0.0" classname="com.hasbrop2m.sanity.SanitySuiteUpdateProductName">
    <skipped/>
  </testcase> <!-- @AfterMethod reporterdataSetResult -->
  <testcase name="@BeforeMethod Refresh" time="0.0" classname="com.hasbrop2m.sanity.SanitySuiteUpdateProductName">
    <skipped/>
  </testcase> <!-- @BeforeMethod Refresh -->
  <testcase name="@AfterMethod reporterdataSetResult" time="0.0" classname="com.hasbrop2m.sanity.SanitySuiteUpdateProductName">
    <skipped/>
  </testcase> <!-- @AfterMethod reporterdataSetResult -->
  <testcase name="@BeforeMethod Refresh" time="0.0" classname="com.hasbrop2m.sanity.SanitySuiteUpdateProductName">
    <skipped/>
  </testcase> <!-- @BeforeMethod Refresh -->
  <testcase name="@AfterMethod reporterdataSetResult" time="0.0" classname="com.hasbrop2m.sanity.SanitySuiteUpdateProductName">
    <skipped/>
  </testcase> <!-- @AfterMethod reporterdataSetResult -->
  <testcase name="@BeforeMethod Refresh" time="0.0" classname="com.hasbrop2m.sanity.SanitySuiteUpdateProductName">
    <skipped/>
  </testcase> <!-- @BeforeMethod Refresh -->
  <testcase name="@AfterMethod reporterdataSetResult" time="0.0" classname="com.hasbrop2m.sanity.SanitySuiteUpdateProductName">
    <skipped/>
  </testcase> <!-- @AfterMethod reporterdataSetResult -->
  <testcase name="@BeforeMethod Refresh" time="0.0" classname="com.hasbrop2m.sanity.SanitySuiteUpdateProductName">
    <skipped/>
  </testcase> <!-- @BeforeMethod Refresh -->
  <testcase name="@AfterMethod reporterdataSetResult" time="0.0" classname="com.hasbrop2m.sanity.SanitySuiteUpdateProductName">
    <skipped/>
  </testcase> <!-- @AfterMethod reporterdataSetResult -->
  <testcase name="@BeforeMethod Refresh" time="0.0" classname="com.hasbrop2m.sanity.SanitySuiteUpdateProductName">
    <skipped/>
  </testcase> <!-- @BeforeMethod Refresh -->
  <testcase name="@AfterMethod reporterdataSetResult" time="0.0" classname="com.hasbrop2m.sanity.SanitySuiteUpdateProductName">
    <skipped/>
  </testcase> <!-- @AfterMethod reporterdataSetResult -->
  <testcase name="@BeforeMethod Refresh" time="0.0" classname="com.hasbrop2m.sanity.SanitySuiteUpdateProductName">
    <skipped/>
  </testcase> <!-- @BeforeMethod Refresh -->
  <testcase name="@AfterMethod reporterdataSetResult" time="0.0" classname="com.hasbrop2m.sanity.SanitySuiteUpdateProductName">
    <skipped/>
  </testcase> <!-- @AfterMethod reporterdataSetResult -->
  <testcase name="@BeforeMethod Refresh" time="0.0" classname="com.hasbrop2m.sanity.SanitySuiteUpdateProductName">
    <skipped/>
  </testcase> <!-- @BeforeMethod Refresh -->
  <testcase name="@AfterMethod reporterdataSetResult" time="0.0" classname="com.hasbrop2m.sanity.SanitySuiteUpdateProductName">
    <skipped/>
  </testcase> <!-- @AfterMethod reporterdataSetResult -->
  <testcase name="@BeforeMethod Refresh" time="0.0" classname="com.hasbrop2m.sanity.SanitySuiteUpdateProductName">
    <skipped/>
  </testcase> <!-- @BeforeMethod Refresh -->
  <testcase name="@AfterMethod reporterdataSetResult" time="0.0" classname="com.hasbrop2m.sanity.SanitySuiteUpdateProductName">
    <skipped/>
  </testcase> <!-- @AfterMethod reporterdataSetResult -->
  <testcase name="@BeforeMethod Refresh" time="0.0" classname="com.hasbrop2m.sanity.SanitySuiteUpdateProductName">
    <skipped/>
  </testcase> <!-- @BeforeMethod Refresh -->
  <testcase name="@AfterMethod reporterdataSetResult" time="0.0" classname="com.hasbrop2m.sanity.SanitySuiteUpdateProductName">
    <skipped/>
  </testcase> <!-- @AfterMethod reporterdataSetResult -->
  <testcase name="@BeforeMethod Refresh" time="0.0" classname="com.hasbrop2m.sanity.SanitySuiteUpdateProductName">
    <skipped/>
  </testcase> <!-- @BeforeMethod Refresh -->
  <testcase name="@AfterMethod reporterdataSetResult" time="0.0" classname="com.hasbrop2m.sanity.SanitySuiteUpdateProductName">
    <skipped/>
  </testcase> <!-- @AfterMethod reporterdataSetResult -->
  <testcase name="@BeforeMethod Refresh" time="0.0" classname="com.hasbrop2m.sanity.SanitySuiteUpdateProductName">
    <skipped/>
  </testcase> <!-- @BeforeMethod Refresh -->
  <testcase name="@AfterMethod reporterdataSetResult" time="0.0" classname="com.hasbrop2m.sanity.SanitySuiteUpdateProductName">
    <skipped/>
  </testcase> <!-- @AfterMethod reporterdataSetResult -->
  <testcase name="@BeforeMethod Refresh" time="0.0" classname="com.hasbrop2m.sanity.SanitySuiteUpdateProductName">
    <skipped/>
  </testcase> <!-- @BeforeMethod Refresh -->
  <testcase name="@AfterMethod reporterdataSetResult" time="0.0" classname="com.hasbrop2m.sanity.SanitySuiteUpdateProductName">
    <skipped/>
  </testcase> <!-- @AfterMethod reporterdataSetResult -->
  <testcase name="@BeforeMethod Refresh" time="0.0" classname="com.hasbrop2m.sanity.SanitySuiteUpdateProductName">
    <skipped/>
  </testcase> <!-- @BeforeMethod Refresh -->
  <testcase name="@AfterMethod reporterdataSetResult" time="0.0" classname="com.hasbrop2m.sanity.SanitySuiteUpdateProductName">
    <skipped/>
  </testcase> <!-- @AfterMethod reporterdataSetResult -->
  <testcase name="@BeforeMethod Refresh" time="0.0" classname="com.hasbrop2m.sanity.SanitySuiteUpdateProductName">
    <skipped/>
  </testcase> <!-- @BeforeMethod Refresh -->
  <testcase name="@AfterMethod reporterdataSetResult" time="0.0" classname="com.hasbrop2m.sanity.SanitySuiteUpdateProductName">
    <skipped/>
  </testcase> <!-- @AfterMethod reporterdataSetResult -->
  <testcase name="@BeforeMethod Refresh" time="0.0" classname="com.hasbrop2m.sanity.SanitySuiteUpdateProductName">
    <skipped/>
  </testcase> <!-- @BeforeMethod Refresh -->
  <testcase name="@AfterMethod reporterdataSetResult" time="0.0" classname="com.hasbrop2m.sanity.SanitySuiteUpdateProductName">
    <skipped/>
  </testcase> <!-- @AfterMethod reporterdataSetResult -->
  <testcase name="@BeforeMethod Refresh" time="0.0" classname="com.hasbrop2m.sanity.SanitySuiteUpdateProductName">
    <skipped/>
  </testcase> <!-- @BeforeMethod Refresh -->
  <testcase name="@AfterMethod reporterdataSetResult" time="0.0" classname="com.hasbrop2m.sanity.SanitySuiteUpdateProductName">
    <skipped/>
  </testcase> <!-- @AfterMethod reporterdataSetResult -->
  <testcase name="@BeforeMethod Refresh" time="0.0" classname="com.hasbrop2m.sanity.SanitySuiteUpdateProductName">
    <skipped/>
  </testcase> <!-- @BeforeMethod Refresh -->
  <testcase name="@AfterMethod reporterdataSetResult" time="0.0" classname="com.hasbrop2m.sanity.SanitySuiteUpdateProductName">
    <skipped/>
  </testcase> <!-- @AfterMethod reporterdataSetResult -->
  <testcase name="@BeforeMethod Refresh" time="0.0" classname="com.hasbrop2m.sanity.SanitySuiteUpdateProductName">
    <skipped/>
  </testcase> <!-- @BeforeMethod Refresh -->
  <testcase name="@AfterMethod reporterdataSetResult" time="0.0" classname="com.hasbrop2m.sanity.SanitySuiteUpdateProductName">
    <skipped/>
  </testcase> <!-- @AfterMethod reporterdataSetResult -->
  <testcase name="@BeforeMethod Refresh" time="0.0" classname="com.hasbrop2m.sanity.SanitySuiteUpdateProductName">
    <skipped/>
  </testcase> <!-- @BeforeMethod Refresh -->
  <testcase name="@AfterMethod reporterdataSetResult" time="0.0" classname="com.hasbrop2m.sanity.SanitySuiteUpdateProductName">
    <skipped/>
  </testcase> <!-- @AfterMethod reporterdataSetResult -->
  <testcase name="@BeforeMethod Refresh" time="0.0" classname="com.hasbrop2m.sanity.SanitySuiteUpdateProductName">
    <skipped/>
  </testcase> <!-- @BeforeMethod Refresh -->
  <testcase name="@AfterMethod reporterdataSetResult" time="0.0" classname="com.hasbrop2m.sanity.SanitySuiteUpdateProductName">
    <skipped/>
  </testcase> <!-- @AfterMethod reporterdataSetResult -->
  <testcase name="@BeforeMethod Refresh" time="0.0" classname="com.hasbrop2m.sanity.SanitySuiteUpdateProductName">
    <skipped/>
  </testcase> <!-- @BeforeMethod Refresh -->
  <testcase name="@AfterMethod reporterdataSetResult" time="0.0" classname="com.hasbrop2m.sanity.SanitySuiteUpdateProductName">
    <skipped/>
  </testcase> <!-- @AfterMethod reporterdataSetResult -->
  <testcase name="@BeforeMethod Refresh" time="0.0" classname="com.hasbrop2m.sanity.SanitySuiteUpdateProductName">
    <skipped/>
  </testcase> <!-- @BeforeMethod Refresh -->
  <testcase name="@AfterMethod reporterdataSetResult" time="0.0" classname="com.hasbrop2m.sanity.SanitySuiteUpdateProductName">
    <skipped/>
  </testcase> <!-- @AfterMethod reporterdataSetResult -->
  <testcase name="@BeforeMethod Refresh" time="0.0" classname="com.hasbrop2m.sanity.SanitySuiteUpdateProductName">
    <skipped/>
  </testcase> <!-- @BeforeMethod Refresh -->
  <testcase name="@AfterMethod reporterdataSetResult" time="0.0" classname="com.hasbrop2m.sanity.SanitySuiteUpdateProductName">
    <skipped/>
  </testcase> <!-- @AfterMethod reporterdataSetResult -->
  <testcase name="@BeforeMethod Refresh" time="0.0" classname="com.hasbrop2m.sanity.SanitySuiteUpdateProductName">
    <skipped/>
  </testcase> <!-- @BeforeMethod Refresh -->
  <testcase name="@AfterMethod reporterdataSetResult" time="0.0" classname="com.hasbrop2m.sanity.SanitySuiteUpdateProductName">
    <skipped/>
  </testcase> <!-- @AfterMethod reporterdataSetResult -->
  <testcase name="@BeforeMethod Refresh" time="0.0" classname="com.hasbrop2m.sanity.SanitySuiteUpdateProductName">
    <skipped/>
  </testcase> <!-- @BeforeMethod Refresh -->
  <testcase name="@AfterMethod reporterdataSetResult" time="0.0" classname="com.hasbrop2m.sanity.SanitySuiteUpdateProductName">
    <skipped/>
  </testcase> <!-- @AfterMethod reporterdataSetResult -->
  <testcase name="@BeforeMethod Refresh" time="0.0" classname="com.hasbrop2m.sanity.SanitySuiteUpdateProductName">
    <skipped/>
  </testcase> <!-- @BeforeMethod Refresh -->
  <testcase name="@AfterMethod reporterdataSetResult" time="0.0" classname="com.hasbrop2m.sanity.SanitySuiteUpdateProductName">
    <skipped/>
  </testcase> <!-- @AfterMethod reporterdataSetResult -->
  <testcase name="@BeforeMethod Refresh" time="0.0" classname="com.hasbrop2m.sanity.SanitySuiteUpdateProductName">
    <skipped/>
  </testcase> <!-- @BeforeMethod Refresh -->
[...]
    <skipped/>
  </testcase> <!-- tcSCFunctional -->
  <testcase name="tcSCFunctional" time="0.0" classname="com.hasbrop2m.sanity.SanitySuiteUpdateProductName">
    <skipped/>
  </testcase> <!-- tcSCFunctional -->
  <testcase name="tcSCFunctional" time="0.0" classname="com.hasbrop2m.sanity.SanitySuiteUpdateProductName">
    <skipped/>
  </testcase> <!-- tcSCFunctional -->
  <testcase name="tcSCFunctional" time="0.0" classname="com.hasbrop2m.sanity.SanitySuiteUpdateProductName">
    <skipped/>
  </testcase> <!-- tcSCFunctional -->
  <testcase name="tcSCFunctional" time="0.0" classname="com.hasbrop2m.sanity.SanitySuiteUpdateProductName">
    <skipped/>
  </testcase> <!-- tcSCFunctional -->
  <testcase name="tcSCFunctional" time="0.0" classname="com.hasbrop2m.sanity.SanitySuiteUpdateProductName">
    <skipped/>
  </testcase> <!-- tcSCFunctional -->
  <testcase name="tcSCFunctional" time="0.0" classname="com.hasbrop2m.sanity.SanitySuiteUpdateProductName">
    <skipped/>
  </testcase> <!-- tcSCFunctional -->
  <testcase name="tcSCFunctional" time="0.0" classname="com.hasbrop2m.sanity.SanitySuiteUpdateProductName">
    <skipped/>
  </testcase> <!-- tcSCFunctional -->
  <testcase name="tcSCFunctional" time="0.0" classname="com.hasbrop2m.sanity.SanitySuiteUpdateProductName">
    <skipped/>
  </testcase> <!-- tcSCFunctional -->
  <testcase name="tcSCFunctional" time="0.0" classname="com.hasbrop2m.sanity.SanitySuiteUpdateProductName">
    <skipped/>
  </testcase> <!-- tcSCFunctional -->
  <testcase name="tcSCFunctional" time="0.0" classname="com.hasbrop2m.sanity.SanitySuiteUpdateProductName">
    <skipped/>
  </testcase> <!-- tcSCFunctional -->
  <testcase name="tcSCFunctional" time="0.0" classname="com.hasbrop2m.sanity.SanitySuiteUpdateProductName">
    <skipped/>
  </testcase> <!-- tcSCFunctional -->
  <testcase name="tcSCFunctional" time="0.0" classname="com.hasbrop2m.sanity.SanitySuiteUpdateProductName">
    <skipped/>
  </testcase> <!-- tcSCFunctional -->
  <testcase name="tcSCFunctional" time="0.0" classname="com.hasbrop2m.sanity.SanitySuiteUpdateProductName">
    <skipped/>
  </testcase> <!-- tcSCFunctional -->
  <testcase name="tcSCFunctional" time="0.0" classname="com.hasbrop2m.sanity.SanitySuiteUpdateProductName">
    <skipped/>
  </testcase> <!-- tcSCFunctional -->
  <testcase name="tcSCFunctional" time="0.0" classname="com.hasbrop2m.sanity.SanitySuiteUpdateProductName">
    <skipped/>
  </testcase> <!-- tcSCFunctional -->
  <testcase name="tcSCFunctional" time="0.0" classname="com.hasbrop2m.sanity.SanitySuiteUpdateProductName">
    <skipped/>
  </testcase> <!-- tcSCFunctional -->
  <testcase name="tcSCFunctional" time="0.0" classname="com.hasbrop2m.sanity.SanitySuiteUpdateProductName">
    <skipped/>
  </testcase> <!-- tcSCFunctional -->
  <testcase name="tcSCFunctional" time="0.0" classname="com.hasbrop2m.sanity.SanitySuiteUpdateProductName">
    <skipped/>
  </testcase> <!-- tcSCFunctional -->
  <testcase name="tcSCFunctional" time="0.0" classname="com.hasbrop2m.sanity.SanitySuiteUpdateProductName">
    <skipped/>
  </testcase> <!-- tcSCFunctional -->
  <testcase name="tcSCFunctional" time="0.0" classname="com.hasbrop2m.sanity.SanitySuiteUpdateProductName">
    <skipped/>
  </testcase> <!-- tcSCFunctional -->
  <testcase name="tcSCFunctional" time="0.0" classname="com.hasbrop2m.sanity.SanitySuiteUpdateProductName">
    <skipped/>
  </testcase> <!-- tcSCFunctional -->
  <testcase name="tcSCFunctional" time="0.0" classname="com.hasbrop2m.sanity.SanitySuiteUpdateProductName">
    <skipped/>
  </testcase> <!-- tcSCFunctional -->
  <testcase name="tcSCFunctional" time="0.0" classname="com.hasbrop2m.sanity.SanitySuiteUpdateProductName">
    <skipped/>
  </testcase> <!-- tcSCFunctional -->
  <testcase name="tcSCFunctional" time="0.0" classname="com.hasbrop2m.sanity.SanitySuiteUpdateProductName">
    <skipped/>
  </testcase> <!-- tcSCFunctional -->
  <testcase name="tcSCFunctional" time="0.0" classname="com.hasbrop2m.sanity.SanitySuiteUpdateProductName">
    <skipped/>
  </testcase> <!-- tcSCFunctional -->
  <testcase name="tcSCFunctional" time="0.0" classname="com.hasbrop2m.sanity.SanitySuiteUpdateProductName">
    <skipped/>
  </testcase> <!-- tcSCFunctional -->
  <testcase name="tcSCFunctional" time="0.0" classname="com.hasbrop2m.sanity.SanitySuiteUpdateProductName">
    <skipped/>
  </testcase> <!-- tcSCFunctional -->
  <testcase name="tcSCFunctional" time="0.0" classname="com.hasbrop2m.sanity.SanitySuiteUpdateProductName">
    <skipped/>
  </testcase> <!-- tcSCFunctional -->
  <testcase name="tcSCFunctional" time="0.0" classname="com.hasbrop2m.sanity.SanitySuiteUpdateProductName">
    <skipped/>
  </testcase> <!-- tcSCFunctional -->
  <testcase name="tcSCFunctional" time="0.0" classname="com.hasbrop2m.sanity.SanitySuiteUpdateProductName">
    <skipped/>
  </testcase> <!-- tcSCFunctional -->
  <testcase name="tcSCFunctional" time="0.0" classname="com.hasbrop2m.sanity.SanitySuiteUpdateProductName">
    <skipped/>
  </testcase> <!-- tcSCFunctional -->
  <testcase name="tcSCFunctional" time="0.0" classname="com.hasbrop2m.sanity.SanitySuiteUpdateProductName">
    <skipped/>
  </testcase> <!-- tcSCFunctional -->
  <testcase name="tcSCFunctional" time="0.0" classname="com.hasbrop2m.sanity.SanitySuiteUpdateProductName">
    <skipped/>
  </testcase> <!-- tcSCFunctional -->
  <testcase name="tcSCFunctional" time="0.0" classname="com.hasbrop2m.sanity.SanitySuiteUpdateProductName">
    <skipped/>
  </testcase> <!-- tcSCFunctional -->
  <testcase name="tcSCFunctional" time="0.0" classname="com.hasbrop2m.sanity.SanitySuiteUpdateProductName">
    <skipped/>
  </testcase> <!-- tcSCFunctional -->
  <testcase name="tcSCFunctional" time="0.0" classname="com.hasbrop2m.sanity.SanitySuiteUpdateProductName">
    <skipped/>
  </testcase> <!-- tcSCFunctional -->
  <testcase name="tcSCFunctional" time="0.0" classname="com.hasbrop2m.sanity.SanitySuiteUpdateProductName">
    <skipped/>
  </testcase> <!-- tcSCFunctional -->
  <testcase name="tcSCFunctional" time="0.0" classname="com.hasbrop2m.sanity.SanitySuiteUpdateProductName">
    <skipped/>
  </testcase> <!-- tcSCFunctional -->
  <testcase name="tcSCFunctional" time="0.0" classname="com.hasbrop2m.sanity.SanitySuiteUpdateProductName">
    <skipped/>
  </testcase> <!-- tcSCFunctional -->
  <testcase name="tcSCFunctional" time="0.0" classname="com.hasbrop2m.sanity.SanitySuiteUpdateProductName">
    <skipped/>
  </testcase> <!-- tcSCFunctional -->
  <testcase name="tcSCFunctional" time="0.0" classname="com.hasbrop2m.sanity.SanitySuiteUpdateProductName">
    <skipped/>
  </testcase> <!-- tcSCFunctional -->
  <testcase name="tcSCFunctional" time="0.0" classname="com.hasbrop2m.sanity.SanitySuiteUpdateProductName">
    <skipped/>
  </testcase> <!-- tcSCFunctional -->
  <testcase name="tcSCFunctional" time="0.0" classname="com.hasbrop2m.sanity.SanitySuiteUpdateProductName">
    <skipped/>
  </testcase> <!-- tcSCFunctional -->
  <testcase name="tcSCFunctional" time="0.0" classname="com.hasbrop2m.sanity.SanitySuiteUpdateProductName">
    <skipped/>
  </testcase> <!-- tcSCFunctional -->
  <testcase name="tcSCFunctional" time="0.0" classname="com.hasbrop2m.sanity.SanitySuiteUpdateProductName">
    <skipped/>
  </testcase> <!-- tcSCFunctional -->
  <testcase name="tcSCFunctional" time="0.0" classname="com.hasbrop2m.sanity.SanitySuiteUpdateProductName">
    <skipped/>
  </testcase> <!-- tcSCFunctional -->
  <testcase name="tcSCFunctional" time="0.0" classname="com.hasbrop2m.sanity.SanitySuiteUpdateProductName">
    <skipped/>
  </testcase> <!-- tcSCFunctional -->
  <testcase name="tcSCFunctional" time="0.0" classname="com.hasbrop2m.sanity.SanitySuiteUpdateProductName">
    <skipped/>
  </testcase> <!-- tcSCFunctional -->
  <testcase name="tcSCFunctional" time="0.0" classname="com.hasbrop2m.sanity.SanitySuiteUpdateProductName">
    <skipped/>
  </testcase> <!-- tcSCFunctional -->
  <testcase name="tcSCFunctional" time="0.0" classname="com.hasbrop2m.sanity.SanitySuiteUpdateProductName">
    <skipped/>
  </testcase> <!-- tcSCFunctional -->
  <testcase name="tcSCFunctional" time="0.0" classname="com.hasbrop2m.sanity.SanitySuiteUpdateProductName">
    <skipped/>
  </testcase> <!-- tcSCFunctional -->
  <testcase name="tcSCFunctional" time="0.0" classname="com.hasbrop2m.sanity.SanitySuiteUpdateProductName">
    <skipped/>
  </testcase> <!-- tcSCFunctional -->
  <testcase name="tcSCFunctional" time="0.0" classname="com.hasbrop2m.sanity.SanitySuiteUpdateProductName">
    <skipped/>
  </testcase> <!-- tcSCFunctional -->
  <testcase name="tcSCFunctional" time="0.0" classname="com.hasbrop2m.sanity.SanitySuiteUpdateProductName">
    <skipped/>
  </testcase> <!-- tcSCFunctional -->
  <testcase name="tcSCFunctional" time="0.0" classname="com.hasbrop2m.sanity.SanitySuiteUpdateProductName">
    <skipped/>
  </testcase> <!-- tcSCFunctional -->
  <testcase name="tcSCFunctional" time="0.0" classname="com.hasbrop2m.sanity.SanitySuiteUpdateProductName">
    <skipped/>
  </testcase> <!-- tcSCFunctional -->
  <testcase name="tcSCFunctional" time="0.0" classname="com.hasbrop2m.sanity.SanitySuiteUpdateProductName">
    <skipped/>
  </testcase> <!-- tcSCFunctional -->
  <testcase name="tcSCFunctional" time="0.0" classname="com.hasbrop2m.sanity.SanitySuiteUpdateProductName">
    <skipped/>
  </testcase> <!-- tcSCFunctional -->
  <testcase name="tcSCFunctional" time="0.0" classname="com.hasbrop2m.sanity.SanitySuiteUpdateProductName">
    <skipped/>
  </testcase> <!-- tcSCFunctional -->
  <testcase name="tcSCFunctional" time="0.0" classname="com.hasbrop2m.sanity.SanitySuiteUpdateProductName">
    <skipped/>
  </testcase> <!-- tcSCFunctional -->
  <testcase name="tcSCFunctional" time="0.0" classname="com.hasbrop2m.sanity.SanitySuiteUpdateProductName">
    <skipped/>
  </testcase> <!-- tcSCFunctional -->
  <testcase name="tcSCFunctional" time="0.0" classname="com.hasbrop2m.sanity.SanitySuiteUpdateProductName">
    <skipped/>
  </testcase> <!-- tcSCFunctional -->
  <testcase name="tcSCFunctional" time="0.0" classname="com.hasbrop2m.sanity.SanitySuiteUpdateProductName">
    <skipped/>
  </testcase> <!-- tcSCFunctional -->
  <testcase name="tcSCFunctional" time="0.0" classname="com.hasbrop2m.sanity.SanitySuiteUpdateProductName">
    <skipped/>
  </testcase> <!-- tcSCFunctional -->
  <testcase name="tcSCFunctional" time="0.0" classname="com.hasbrop2m.sanity.SanitySuiteUpdateProductName">
    <skipped/>
  </testcase> <!-- tcSCFunctional -->
  <testcase name="tcSCFunctional" time="0.0" classname="com.hasbrop2m.sanity.SanitySuiteUpdateProductName">
    <skipped/>
  </testcase> <!-- tcSCFunctional -->
  <testcase name="tcSCFunctional" time="0.0" classname="com.hasbrop2m.sanity.SanitySuiteUpdateProductName">
    <skipped/>
  </testcase> <!-- tcSCFunctional -->
  <testcase name="tcSCFunctional" time="0.0" classname="com.hasbrop2m.sanity.SanitySuiteUpdateProductName">
    <skipped/>
  </testcase> <!-- tcSCFunctional -->
  <testcase name="tcSCFunctional" time="0.0" classname="com.hasbrop2m.sanity.SanitySuiteUpdateProductName">
    <skipped/>
  </testcase> <!-- tcSCFunctional -->
  <testcase name="tcSCFunctional" time="0.0" classname="com.hasbrop2m.sanity.SanitySuiteUpdateProductName">
    <skipped/>
  </testcase> <!-- tcSCFunctional -->
  <testcase name="tcSCFunctional" time="0.0" classname="com.hasbrop2m.sanity.SanitySuiteUpdateProductName">
    <skipped/>
  </testcase> <!-- tcSCFunctional -->
  <testcase name="tcSCFunctional" time="0.0" classname="com.hasbrop2m.sanity.SanitySuiteUpdateProductName">
    <skipped/>
  </testcase> <!-- tcSCFunctional -->
  <testcase name="tcSCFunctional" time="0.0" classname="com.hasbrop2m.sanity.SanitySuiteUpdateProductName">
    <skipped/>
  </testcase> <!-- tcSCFunctional -->
  <testcase name="tcSCFunctional" time="0.0" classname="com.hasbrop2m.sanity.SanitySuiteUpdateProductName">
    <skipped/>
  </testcase> <!-- tcSCFunctional -->
  <testcase name="tcSCFunctional" time="0.0" classname="com.hasbrop2m.sanity.SanitySuiteUpdateProductName">
    <skipped/>
  </testcase> <!-- tcSCFunctional -->
  <testcase name="tcSCFunctional" time="0.0" classname="com.hasbrop2m.sanity.SanitySuiteUpdateProductName">
    <skipped/>
  </testcase> <!-- tcSCFunctional -->
  <testcase name="tcSCFunctional" time="0.0" classname="com.hasbrop2m.sanity.SanitySuiteUpdateProductName">
    <skipped/>
  </testcase> <!-- tcSCFunctional -->
  <testcase name="tcSCFunctional" time="0.0" classname="com.hasbrop2m.sanity.SanitySuiteUpdateProductName">
    <skipped/>
  </testcase> <!-- tcSCFunctional -->
  <testcase name="tcSCFunctional" time="0.0" classname="com.hasbrop2m.sanity.SanitySuiteUpdateProductName">
    <skipped/>
  </testcase> <!-- tcSCFunctional -->
  <testcase name="tcSCFunctional" time="0.0" classname="com.hasbrop2m.sanity.SanitySuiteUpdateProductName">
    <skipped/>
  </testcase> <!-- tcSCFunctional -->
  <testcase name="tcSCFunctional" time="0.0" classname="com.hasbrop2m.sanity.SanitySuiteUpdateProductName">
    <skipped/>
  </testcase> <!-- tcSCFunctional -->
  <testcase name="tcSCFunctional" time="0.0" classname="com.hasbrop2m.sanity.SanitySuiteUpdateProductName">
    <skipped/>
  </testcase> <!-- tcSCFunctional -->
  <testcase name="tcSCFunctional" time="0.0" classname="com.hasbrop2m.sanity.SanitySuiteUpdateProductName">
    <skipped/>
  </testcase> <!-- tcSCFunctional -->
  <testcase name="tcSCFunctional" time="0.0" classname="com.hasbrop2m.sanity.SanitySuiteUpdateProductName">
    <skipped/>
  </testcase> <!-- tcSCFunctional -->
  <testcase name="tcSCFunctional" time="0.0" classname="com.hasbrop2m.sanity.SanitySuiteUpdateProductName">
    <skipped/>
  </testcase> <!-- tcSCFunctional -->
  <testcase name="tcSCFunctional" time="0.0" classname="com.hasbrop2m.sanity.SanitySuiteUpdateProductName">
    <skipped/>
  </testcase> <!-- tcSCFunctional -->
  <testcase name="tcSCFunctional" time="0.0" classname="com.hasbrop2m.sanity.SanitySuiteUpdateProductName">
    <skipped/>
  </testcase> <!-- tcSCFunctional -->
  <testcase name="tcSCFunctional" time="0.0" classname="com.hasbrop2m.sanity.SanitySuiteUpdateProductName">
    <skipped/>
  </testcase> <!-- tcSCFunctional -->
  <testcase name="tcSCFunctional" time="0.0" classname="com.hasbrop2m.sanity.SanitySuiteUpdateProductName">
    <skipped/>
  </testcase> <!-- tcSCFunctional -->
  <testcase name="tcSCFunctional" time="0.0" classname="com.hasbrop2m.sanity.SanitySuiteUpdateProductName">
    <skipped/>
  </testcase> <!-- tcSCFunctional -->
  <testcase name="tcSCFunctional" time="0.0" classname="com.hasbrop2m.sanity.SanitySuiteUpdateProductName">
    <skipped/>
  </testcase> <!-- tcSCFunctional -->
  <testcase name="tcSCFunctional" time="0.0" classname="com.hasbrop2m.sanity.SanitySuiteUpdateProductName">
    <skipped/>
  </testcase> <!-- tcSCFunctional -->
  <testcase name="tcSCFunctional" time="0.0" classname="com.hasbrop2m.sanity.SanitySuiteUpdateProductName">
    <skipped/>
  </testcase> <!-- tcSCFunctional -->
  <testcase name="tcSCFunctional" time="0.0" classname="com.hasbrop2m.sanity.SanitySuiteUpdateProductName">
    <skipped/>
  </testcase> <!-- tcSCFunctional -->
  <testcase name="tcSCFunctional" time="0.0" classname="com.hasbrop2m.sanity.SanitySuiteUpdateProductName">
    <skipped/>
  </testcase> <!-- tcSCFunctional -->
  <testcase name="tcSCFunctional" time="0.0" classname="com.hasbrop2m.sanity.SanitySuiteUpdateProductName">
    <skipped/>
  </testcase> <!-- tcSCFunctional -->
  <testcase name="tcSCFunctional" time="0.0" classname="com.hasbrop2m.sanity.SanitySuiteUpdateProductName">
    <skipped/>
  </testcase> <!-- tcSCFunctional -->
  <testcase name="tcSCFunctional" time="0.0" classname="com.hasbrop2m.sanity.SanitySuiteUpdateProductName">
    <skipped/>
  </testcase> <!-- tcSCFunctional -->
  <testcase name="tcSCFunctional" time="0.0" classname="com.hasbrop2m.sanity.SanitySuiteUpdateProductName">
    <skipped/>
  </testcase> <!-- tcSCFunctional -->
  <testcase name="tcSCFunctional" time="0.0" classname="com.hasbrop2m.sanity.SanitySuiteUpdateProductName">
    <skipped/>
  </testcase> <!-- tcSCFunctional -->
  <testcase name="tcSCFunctional" time="0.0" classname="com.hasbrop2m.sanity.SanitySuiteUpdateProductName">
    <skipped/>
  </testcase> <!-- tcSCFunctional -->
  <testcase name="tcSCFunctional" time="0.0" classname="com.hasbrop2m.sanity.SanitySuiteUpdateProductName">
    <skipped/>
  </testcase> <!-- tcSCFunctional -->
  <testcase name="tcSCFunctional" time="0.0" classname="com.hasbrop2m.sanity.SanitySuiteUpdateProductName">
    <skipped/>
  </testcase> <!-- tcSCFunctional -->
  <testcase name="tcSCFunctional" time="0.0" classname="com.hasbrop2m.sanity.SanitySuiteUpdateProductName">
    <skipped/>
  </testcase> <!-- tcSCFunctional -->
  <testcase name="tcSCFunctional" time="0.0" classname="com.hasbrop2m.sanity.SanitySuiteUpdateProductName">
    <skipped/>
  </testcase> <!-- tcSCFunctional -->
  <testcase name="tcSCFunctional" time="0.0" classname="com.hasbrop2m.sanity.SanitySuiteUpdateProductName">
    <skipped/>
  </testcase> <!-- tcSCFunctional -->
  <testcase name="tcSCFunctional" time="0.0" classname="com.hasbrop2m.sanity.SanitySuiteUpdateProductName">
    <skipped/>
  </testcase> <!-- tcSCFunctional -->
  <testcase name="tcSCFunctional" time="0.0" classname="com.hasbrop2m.sanity.SanitySuiteUpdateProductName">
    <skipped/>
  </testcase> <!-- tcSCFunctional -->
  <testcase name="tcSCFunctional" time="0.0" classname="com.hasbrop2m.sanity.SanitySuiteUpdateProductName">
    <skipped/>
  </testcase> <!-- tcSCFunctional -->
  <testcase name="tcSCFunctional" time="0.0" classname="com.hasbrop2m.sanity.SanitySuiteUpdateProductName">
    <skipped/>
  </testcase> <!-- tcSCFunctional -->
  <testcase name="tcSCFunctional" time="0.0" classname="com.hasbrop2m.sanity.SanitySuiteUpdateProductName">
    <skipped/>
  </testcase> <!-- tcSCFunctional -->
  <testcase name="tcSCFunctional" time="0.0" classname="com.hasbrop2m.sanity.SanitySuiteUpdateProductName">
    <skipped/>
  </testcase> <!-- tcSCFunctional -->
  <testcase name="tcSCFunctional" time="0.0" classname="com.hasbrop2m.sanity.SanitySuiteUpdateProductName">
    <skipped/>
  </testcase> <!-- tcSCFunctional -->
  <testcase name="tcSCFunctional" time="0.0" classname="com.hasbrop2m.sanity.SanitySuiteUpdateProductName">
    <skipped/>
  </testcase> <!-- tcSCFunctional -->
  <testcase name="tcSCFunctional" time="0.0" classname="com.hasbrop2m.sanity.SanitySuiteUpdateProductName">
    <skipped/>
  </testcase> <!-- tcSCFunctional -->
  <testcase name="tcSCFunctional" time="0.0" classname="com.hasbrop2m.sanity.SanitySuiteUpdateProductName">
    <skipped/>
  </testcase> <!-- tcSCFunctional -->
  <testcase name="tcSCFunctional" time="0.0" classname="com.hasbrop2m.sanity.SanitySuiteUpdateProductName">
    <skipped/>
  </testcase> <!-- tcSCFunctional -->
  <testcase name="tcSCFunctional" time="0.0" classname="com.hasbrop2m.sanity.SanitySuiteUpdateProductName">
    <skipped/>
  </testcase> <!-- tcSCFunctional -->
  <testcase name="tcSCFunctional" time="0.0" classname="com.hasbrop2m.sanity.SanitySuiteUpdateProductName">
    <skipped/>
  </testcase> <!-- tcSCFunctional -->
  <testcase name="tcSCFunctional" time="0.0" classname="com.hasbrop2m.sanity.SanitySuiteUpdateProductName">
    <skipped/>
  </testcase> <!-- tcSCFunctional -->
  <testcase name="tcSCFunctional" time="0.0" classname="com.hasbrop2m.sanity.SanitySuiteUpdateProductName">
    <skipped/>
  </testcase> <!-- tcSCFunctional -->
  <testcase name="tcSCFunctional" time="0.0" classname="com.hasbrop2m.sanity.SanitySuiteUpdateProductName">
    <skipped/>
  </testcase> <!-- tcSCFunctional -->
  <testcase name="tcSCFunctional" time="0.0" classname="com.hasbrop2m.sanity.SanitySuiteUpdateProductName">
    <skipped/>
  </testcase> <!-- tcSCFunctional -->
</testsuite> <!-- SanitySuiteUpdateProductName -->
