<?xml version="1.0" encoding="UTF-8"?>
<!-- Generated by org.testng.reporters.JUnitXMLReporter -->
<testsuite hostname="BDC6-LX-723061Y" ignored="0" name="SanitySuite1" tests="35" failures="0" timestamp="18 Sep 2018 13:18:46 GMT" time="92.544" errors="0">
  <testcase name="tcSCFunctional" time="81.681" classname="com.hasbrop2m.sanity.SanitySuite1"/>
  <testcase name="tcSCFunctional" time="0.001" classname="com.hasbrop2m.sanity.SanitySuite1">
    <skipped/>
  </testcase> <!-- tcSCFunctional -->
  <testcase name="tcSCFunctional" time="0.001" classname="com.hasbrop2m.sanity.SanitySuite1">
    <skipped/>
  </testcase> <!-- tcSCFunctional -->
  <testcase name="tcSCFunctional" time="0.001" classname="com.hasbrop2m.sanity.SanitySuite1">
    <skipped/>
  </testcase> <!-- tcSCFunctional -->
  <testcase name="tcSCFunctional" time="0.0" classname="com.hasbrop2m.sanity.SanitySuite1">
    <skipped/>
  </testcase> <!-- tcSCFunctional -->
  <testcase name="tcSCFunctional" time="0.001" classname="com.hasbrop2m.sanity.SanitySuite1">
    <skipped/>
  </testcase> <!-- tcSCFunctional -->
  <testcase name="tcSCFunctional" time="0.001" classname="com.hasbrop2m.sanity.SanitySuite1">
    <skipped/>
  </testcase> <!-- tcSCFunctional -->
  <testcase name="tcSCFunctional" time="0.001" classname="com.hasbrop2m.sanity.SanitySuite1">
    <skipped/>
  </testcase> <!-- tcSCFunctional -->
  <testcase name="tcSCFunctional" time="0.001" classname="com.hasbrop2m.sanity.SanitySuite1">
    <skipped/>
  </testcase> <!-- tcSCFunctional -->
  <testcase name="tcSCFunctional" time="0.001" classname="com.hasbrop2m.sanity.SanitySuite1">
    <skipped/>
  </testcase> <!-- tcSCFunctional -->
  <testcase name="tcSCFunctional" time="0.0" classname="com.hasbrop2m.sanity.SanitySuite1">
    <skipped/>
  </testcase> <!-- tcSCFunctional -->
  <testcase name="tcSCFunctional" time="0.001" classname="com.hasbrop2m.sanity.SanitySuite1">
    <skipped/>
  </testcase> <!-- tcSCFunctional -->
  <testcase name="tcSCFunctional" time="0.001" classname="com.hasbrop2m.sanity.SanitySuite1">
    <skipped/>
  </testcase> <!-- tcSCFunctional -->
  <testcase name="tcSCFunctional" time="0.001" classname="com.hasbrop2m.sanity.SanitySuite1">
    <skipped/>
  </testcase> <!-- tcSCFunctional -->
  <testcase name="tcSCFunctional" time="0.001" classname="com.hasbrop2m.sanity.SanitySuite1">
    <skipped/>
  </testcase> <!-- tcSCFunctional -->
  <testcase name="tcSCFunctional" time="0.001" classname="com.hasbrop2m.sanity.SanitySuite1">
    <skipped/>
  </testcase> <!-- tcSCFunctional -->
  <testcase name="tcSCFunctional" time="0.0" classname="com.hasbrop2m.sanity.SanitySuite1">
    <skipped/>
  </testcase> <!-- tcSCFunctional -->
  <testcase name="tcSCFunctional" time="0.0" classname="com.hasbrop2m.sanity.SanitySuite1">
    <skipped/>
  </testcase> <!-- tcSCFunctional -->
  <testcase name="tcSCFunctional" time="0.001" classname="com.hasbrop2m.sanity.SanitySuite1">
    <skipped/>
  </testcase> <!-- tcSCFunctional -->
  <testcase name="tcSCFunctional" time="0.0" classname="com.hasbrop2m.sanity.SanitySuite1">
    <skipped/>
  </testcase> <!-- tcSCFunctional -->
  <testcase name="tcSCFunctional" time="0.0" classname="com.hasbrop2m.sanity.SanitySuite1">
    <skipped/>
  </testcase> <!-- tcSCFunctional -->
  <testcase name="tcSCFunctional" time="0.0" classname="com.hasbrop2m.sanity.SanitySuite1">
    <skipped/>
  </testcase> <!-- tcSCFunctional -->
  <testcase name="tcSCFunctional" time="0.0" classname="com.hasbrop2m.sanity.SanitySuite1">
    <skipped/>
  </testcase> <!-- tcSCFunctional -->
  <testcase name="tcSCFunctional" time="0.001" classname="com.hasbrop2m.sanity.SanitySuite1">
    <skipped/>
  </testcase> <!-- tcSCFunctional -->
  <testcase name="tcSCFunctional" time="0.0" classname="com.hasbrop2m.sanity.SanitySuite1">
    <skipped/>
  </testcase> <!-- tcSCFunctional -->
  <testcase name="tcSCFunctional" time="0.001" classname="com.hasbrop2m.sanity.SanitySuite1">
    <skipped/>
  </testcase> <!-- tcSCFunctional -->
  <testcase name="tcSCFunctional" time="0.001" classname="com.hasbrop2m.sanity.SanitySuite1">
    <skipped/>
  </testcase> <!-- tcSCFunctional -->
  <testcase name="tcSCFunctional" time="0.001" classname="com.hasbrop2m.sanity.SanitySuite1">
    <skipped/>
  </testcase> <!-- tcSCFunctional -->
  <testcase name="tcSCFunctional" time="0.0" classname="com.hasbrop2m.sanity.SanitySuite1">
    <skipped/>
  </testcase> <!-- tcSCFunctional -->
  <testcase name="tcSCFunctional" time="0.0" classname="com.hasbrop2m.sanity.SanitySuite1">
    <skipped/>
  </testcase> <!-- tcSCFunctional -->
  <testcase name="tcSCFunctional" time="0.001" classname="com.hasbrop2m.sanity.SanitySuite1">
    <skipped/>
  </testcase> <!-- tcSCFunctional -->
  <testcase name="tcSCFunctional" time="0.0" classname="com.hasbrop2m.sanity.SanitySuite1">
    <skipped/>
  </testcase> <!-- tcSCFunctional -->
  <testcase name="tcSCFunctional" time="0.0" classname="com.hasbrop2m.sanity.SanitySuite1">
    <skipped/>
  </testcase> <!-- tcSCFunctional -->
  <testcase name="tcSCFunctional" time="0.0" classname="com.hasbrop2m.sanity.SanitySuite1">
    <skipped/>
  </testcase> <!-- tcSCFunctional -->
  <testcase name="tcSCFunctional" time="0.0" classname="com.hasbrop2m.sanity.SanitySuite1">
    <skipped/>
  </testcase> <!-- tcSCFunctional -->
</testsuite> <!-- SanitySuite1 -->
