<?xml version="1.0" encoding="UTF-8"?>
<!-- Generated by org.testng.reporters.JUnitXMLReporter -->
<testsuite hostname="BDC6-LX-723061Y" ignored="0" name="SanitySuite3" tests="26" failures="0" timestamp="20 Sep 2018 09:55:18 GMT" time="0.018" errors="0">
  <testcase name="@BeforeTest checkTestcaseSkip" time="0.003" classname="com.hasbrop2m.sanity.SanitySuite3">
    <skipped/>
  </testcase> <!-- @BeforeTest checkTestcaseSkip -->
  <testcase name="@AfterMethod reporterdataSetResult" time="0.0" classname="com.hasbrop2m.sanity.SanitySuite3">
    <skipped/>
  </testcase> <!-- @AfterMethod reporterdataSetResult -->
  <testcase name="@AfterMethod reporterdataSetResult" time="0.0" classname="com.hasbrop2m.sanity.SanitySuite3">
    <skipped/>
  </testcase> <!-- @AfterMethod reporterdataSetResult -->
  <testcase name="@AfterMethod reporterdataSetResult" time="0.0" classname="com.hasbrop2m.sanity.SanitySuite3">
    <skipped/>
  </testcase> <!-- @AfterMethod reporterdataSetResult -->
  <testcase name="@AfterMethod reporterdataSetResult" time="0.0" classname="com.hasbrop2m.sanity.SanitySuite3">
    <skipped/>
  </testcase> <!-- @AfterMethod reporterdataSetResult -->
  <testcase name="@AfterMethod reporterdataSetResult" time="0.0" classname="com.hasbrop2m.sanity.SanitySuite3">
    <skipped/>
  </testcase> <!-- @AfterMethod reporterdataSetResult -->
  <testcase name="@AfterMethod reporterdataSetResult" time="0.0" classname="com.hasbrop2m.sanity.SanitySuite3">
    <skipped/>
  </testcase> <!-- @AfterMethod reporterdataSetResult -->
  <testcase name="@AfterMethod reporterdataSetResult" time="0.0" classname="com.hasbrop2m.sanity.SanitySuite3">
    <skipped/>
  </testcase> <!-- @AfterMethod reporterdataSetResult -->
  <testcase name="@AfterMethod reporterdataSetResult" time="0.0" classname="com.hasbrop2m.sanity.SanitySuite3">
    <skipped/>
  </testcase> <!-- @AfterMethod reporterdataSetResult -->
  <testcase name="@AfterMethod reporterdataSetResult" time="0.0" classname="com.hasbrop2m.sanity.SanitySuite3">
    <skipped/>
  </testcase> <!-- @AfterMethod reporterdataSetResult -->
  <testcase name="@AfterMethod reporterdataSetResult" time="0.0" classname="com.hasbrop2m.sanity.SanitySuite3">
    <skipped/>
  </testcase> <!-- @AfterMethod reporterdataSetResult -->
  <testcase name="@AfterMethod reporterdataSetResult" time="0.0" classname="com.hasbrop2m.sanity.SanitySuite3">
    <skipped/>
  </testcase> <!-- @AfterMethod reporterdataSetResult -->
  <testcase name="@AfterMethod reporterdataSetResult" time="0.0" classname="com.hasbrop2m.sanity.SanitySuite3">
    <skipped/>
  </testcase> <!-- @AfterMethod reporterdataSetResult -->
  <testcase name="@AfterMethod reporterdataSetResult" time="0.0" classname="com.hasbrop2m.sanity.SanitySuite3">
    <skipped/>
  </testcase> <!-- @AfterMethod reporterdataSetResult -->
  <testcase name="@AfterMethod reporterdataSetResult" time="0.0" classname="com.hasbrop2m.sanity.SanitySuite3">
    <skipped/>
  </testcase> <!-- @AfterMethod reporterdataSetResult -->
  <testcase name="@AfterMethod reporterdataSetResult" time="0.0" classname="com.hasbrop2m.sanity.SanitySuite3">
    <skipped/>
  </testcase> <!-- @AfterMethod reporterdataSetResult -->
  <testcase name="@AfterMethod reporterdataSetResult" time="0.0" classname="com.hasbrop2m.sanity.SanitySuite3">
    <skipped/>
  </testcase> <!-- @AfterMethod reporterdataSetResult -->
  <testcase name="@AfterMethod reporterdataSetResult" time="0.0" classname="com.hasbrop2m.sanity.SanitySuite3">
    <skipped/>
  </testcase> <!-- @AfterMethod reporterdataSetResult -->
  <testcase name="@AfterMethod reporterdataSetResult" time="0.0" classname="com.hasbrop2m.sanity.SanitySuite3">
    <skipped/>
  </testcase> <!-- @AfterMethod reporterdataSetResult -->
  <testcase name="@AfterMethod reporterdataSetResult" time="0.0" classname="com.hasbrop2m.sanity.SanitySuite3">
    <skipped/>
  </testcase> <!-- @AfterMethod reporterdataSetResult -->
  <testcase name="@AfterMethod reporterdataSetResult" time="0.0" classname="com.hasbrop2m.sanity.SanitySuite3">
    <skipped/>
  </testcase> <!-- @AfterMethod reporterdataSetResult -->
  <testcase name="@AfterMethod reporterdataSetResult" time="0.0" classname="com.hasbrop2m.sanity.SanitySuite3">
    <skipped/>
  </testcase> <!-- @AfterMethod reporterdataSetResult -->
  <testcase name="@AfterMethod reporterdataSetResult" time="0.0" classname="com.hasbrop2m.sanity.SanitySuite3">
    <skipped/>
  </testcase> <!-- @AfterMethod reporterdataSetResult -->
  <testcase name="@AfterMethod reporterdataSetResult" time="0.0" classname="com.hasbrop2m.sanity.SanitySuite3">
    <skipped/>
  </testcase> <!-- @AfterMethod reporterdataSetResult -->
  <testcase name="@AfterMethod reporterdataSetResult" time="0.0" classname="com.hasbrop2m.sanity.SanitySuite3">
    <skipped/>
  </testcase> <!-- @AfterMethod reporterdataSetResult -->
  <testcase name="@AfterMethod reporterdataSetResult" time="0.0" classname="com.hasbrop2m.sanity.SanitySuite3">
    <skipped/>
  </testcase> <!-- @AfterMethod reporterdataSetResult -->
  <testcase name="@AfterMethod reporterdataSetResult" time="0.0" classname="com.hasbrop2m.sanity.SanitySuite3">
    <skipped/>
  </testcase> <!-- @AfterMethod reporterdataSetResult -->
  <testcase name="@AfterTest reportTestcaseResult" time="0.0" classname="com.hasbrop2m.sanity.SanitySuite3">
    <skipped/>
  </testcase> <!-- @AfterTest reportTestcaseResult -->
  <testcase name="tcSCFunctional" time="0.0" classname="com.hasbrop2m.sanity.SanitySuite3">
    <skipped/>
  </testcase> <!-- tcSCFunctional -->
  <testcase name="tcSCFunctional" time="0.0" classname="com.hasbrop2m.sanity.SanitySuite3">
    <skipped/>
  </testcase> <!-- tcSCFunctional -->
  <testcase name="tcSCFunctional" time="0.0" classname="com.hasbrop2m.sanity.SanitySuite3">
    <skipped/>
  </testcase> <!-- tcSCFunctional -->
  <testcase name="tcSCFunctional" time="0.0" classname="com.hasbrop2m.sanity.SanitySuite3">
    <skipped/>
  </testcase> <!-- tcSCFunctional -->
  <testcase name="tcSCFunctional" time="0.0" classname="com.hasbrop2m.sanity.SanitySuite3">
    <skipped/>
  </testcase> <!-- tcSCFunctional -->
  <testcase name="tcSCFunctional" time="0.0" classname="com.hasbrop2m.sanity.SanitySuite3">
    <skipped/>
  </testcase> <!-- tcSCFunctional -->
  <testcase name="tcSCFunctional" time="0.0" classname="com.hasbrop2m.sanity.SanitySuite3">
    <skipped/>
  </testcase> <!-- tcSCFunctional -->
  <testcase name="tcSCFunctional" time="0.0" classname="com.hasbrop2m.sanity.SanitySuite3">
    <skipped/>
  </testcase> <!-- tcSCFunctional -->
  <testcase name="tcSCFunctional" time="0.0" classname="com.hasbrop2m.sanity.SanitySuite3">
    <skipped/>
  </testcase> <!-- tcSCFunctional -->
  <testcase name="tcSCFunctional" time="0.0" classname="com.hasbrop2m.sanity.SanitySuite3">
    <skipped/>
  </testcase> <!-- tcSCFunctional -->
  <testcase name="tcSCFunctional" time="0.0" classname="com.hasbrop2m.sanity.SanitySuite3">
    <skipped/>
  </testcase> <!-- tcSCFunctional -->
  <testcase name="tcSCFunctional" time="0.0" classname="com.hasbrop2m.sanity.SanitySuite3">
    <skipped/>
  </testcase> <!-- tcSCFunctional -->
  <testcase name="tcSCFunctional" time="0.0" classname="com.hasbrop2m.sanity.SanitySuite3">
    <skipped/>
  </testcase> <!-- tcSCFunctional -->
  <testcase name="tcSCFunctional" time="0.0" classname="com.hasbrop2m.sanity.SanitySuite3">
    <skipped/>
  </testcase> <!-- tcSCFunctional -->
  <testcase name="tcSCFunctional" time="0.0" classname="com.hasbrop2m.sanity.SanitySuite3">
    <skipped/>
  </testcase> <!-- tcSCFunctional -->
  <testcase name="tcSCFunctional" time="0.0" classname="com.hasbrop2m.sanity.SanitySuite3">
    <skipped/>
  </testcase> <!-- tcSCFunctional -->
  <testcase name="tcSCFunctional" time="0.0" classname="com.hasbrop2m.sanity.SanitySuite3">
    <skipped/>
  </testcase> <!-- tcSCFunctional -->
  <testcase name="tcSCFunctional" time="0.0" classname="com.hasbrop2m.sanity.SanitySuite3">
    <skipped/>
  </testcase> <!-- tcSCFunctional -->
  <testcase name="tcSCFunctional" time="0.0" classname="com.hasbrop2m.sanity.SanitySuite3">
    <skipped/>
  </testcase> <!-- tcSCFunctional -->
  <testcase name="tcSCFunctional" time="0.0" classname="com.hasbrop2m.sanity.SanitySuite3">
    <skipped/>
  </testcase> <!-- tcSCFunctional -->
  <testcase name="tcSCFunctional" time="0.0" classname="com.hasbrop2m.sanity.SanitySuite3">
    <skipped/>
  </testcase> <!-- tcSCFunctional -->
  <testcase name="tcSCFunctional" time="0.0" classname="com.hasbrop2m.sanity.SanitySuite3">
    <skipped/>
  </testcase> <!-- tcSCFunctional -->
  <testcase name="tcSCFunctional" time="0.0" classname="com.hasbrop2m.sanity.SanitySuite3">
    <skipped/>
  </testcase> <!-- tcSCFunctional -->
  <testcase name="tcSCFunctional" time="0.0" classname="com.hasbrop2m.sanity.SanitySuite3">
    <skipped/>
  </testcase> <!-- tcSCFunctional -->
  <testcase name="tcSCFunctional" time="0.0" classname="com.hasbrop2m.sanity.SanitySuite3">
    <skipped/>
  </testcase> <!-- tcSCFunctional -->
  <testcase name="tcSCFunctional" time="0.0" classname="com.hasbrop2m.sanity.SanitySuite3">
    <skipped/>
  </testcase> <!-- tcSCFunctional -->
</testsuite> <!-- SanitySuite3 -->
