<?xml version="1.0" encoding="UTF-8"?>
<testsuite name="SanitySuite5_WorkFlow"
           tests="14"
           failures="0"
           errors="0"
           skipped="14"
           time="0.000">
  <properties />
  
            <testcase name="checkTestcaseSkip" time="0.0" classname="com.hasbrop2m.sanity.SanitySuite5_WorkFlow">
          <skipped />
    </testcase>
            <testcase name="Refresh" time="0.0" classname="com.hasbrop2m.sanity.SanitySuite5_WorkFlow">
          <skipped />
    </testcase>
            <testcase name="reportTestcaseResult" time="0.0" classname="com.hasbrop2m.sanity.SanitySuite5_WorkFlow">
          <skipped />
    </testcase>
            <testcase name="reporterdataSetResult" time="0.0" classname="com.hasbrop2m.sanity.SanitySuite5_WorkFlow">
          <skipped />
    </testcase>
            <testcase name="reporterdataSetResult" time="0.0" classname="com.hasbrop2m.sanity.SanitySuite5_WorkFlow">
          <skipped />
    </testcase>
            <testcase name="reporterdataSetResult" time="0.0" classname="com.hasbrop2m.sanity.SanitySuite5_WorkFlow">
          <skipped />
    </testcase>
            <testcase name="reporterdataSetResult" time="0.0" classname="com.hasbrop2m.sanity.SanitySuite5_WorkFlow">
          <skipped />
    </testcase>
            <testcase name="Refresh" time="0.0" classname="com.hasbrop2m.sanity.SanitySuite5_WorkFlow">
          <skipped />
    </testcase>
            <testcase name="Refresh" time="0.0" classname="com.hasbrop2m.sanity.SanitySuite5_WorkFlow">
          <skipped />
    </testcase>
            <testcase name="Refresh" time="0.0" classname="com.hasbrop2m.sanity.SanitySuite5_WorkFlow">
          <skipped />
    </testcase>
            <testcase name="tcSCFunctional" time="0.0" classname="com.hasbrop2m.sanity.SanitySuite5_WorkFlow">
          <skipped />
    </testcase>
            <testcase name="tcSCFunctional" time="0.0" classname="com.hasbrop2m.sanity.SanitySuite5_WorkFlow">
          <skipped />
    </testcase>
            <testcase name="tcSCFunctional" time="0.0" classname="com.hasbrop2m.sanity.SanitySuite5_WorkFlow">
          <skipped />
    </testcase>
            <testcase name="tcSCFunctional" time="0.0" classname="com.hasbrop2m.sanity.SanitySuite5_WorkFlow">
          <skipped />
    </testcase>
  
  
</testsuite>
